10:16:24 515 ERROR [main] com.cs.tool.impl.XmlTool serialVersionUID has no @Describle annotation
10:16:24 518 ERROR [main] com.cs.tool.impl.XmlTool com.cs.base.def.type.SkillDef has no method setSerialVersionUID
10:16:24 523 ERROR [main] com.cs.tool.impl.XmlTool serialVersionUID has no @Describle annotation
10:16:24 523 ERROR [main] com.cs.tool.impl.XmlTool serialVersionUID has no describle
10:16:24 525 ERROR [main] com.cs.tool.impl.XmlTool serialVersionUID has no @Describle annotation
10:16:24 525 ERROR [main] com.cs.tool.impl.XmlTool com.cs.base.def.type.RewardDef has no method setSerialVersionUID
10:16:24 527 ERROR [main] com.cs.tool.impl.XmlTool serialVersionUID has no @Describle annotation
10:16:24 527 ERROR [main] com.cs.tool.impl.XmlTool serialVersionUID has no describle
10:16:24 528 ERROR [main] com.cs.tool.impl.XmlTool serialVersionUID has no @Describle annotation
10:16:24 528 ERROR [main] com.cs.tool.impl.XmlTool com.cs.base.def.type.BlockUnlockDef has no method setSerialVersionUID
10:16:24 529 ERROR [main] com.cs.tool.impl.XmlTool serialVersionUID has no @Describle annotation
10:16:24 529 ERROR [main] com.cs.tool.impl.XmlTool serialVersionUID has no describle
10:16:24 529 ERROR [main] com.cs.tool.impl.XmlTool serialVersionUID has no @Describle annotation
10:16:24 530 ERROR [main] com.cs.tool.impl.XmlTool com.cs.base.def.type.AIDef has no method setSerialVersionUID
10:16:24 530 ERROR [main] com.cs.tool.impl.XmlTool serialVersionUID has no @Describle annotation
10:16:24 530 ERROR [main] com.cs.tool.impl.XmlTool serialVersionUID has no describle
10:16:24 531 ERROR [main] com.cs.tool.impl.XmlTool serialVersionUID has no @Describle annotation
10:16:24 531 ERROR [main] com.cs.tool.impl.XmlTool com.cs.base.def.type.StrengthEquipDef has no method setSerialVersionUID
10:16:24 532 ERROR [main] com.cs.tool.impl.XmlTool serialVersionUID has no @Describle annotation
10:16:24 532 ERROR [main] com.cs.tool.impl.XmlTool serialVersionUID has no describle
10:16:24 532 ERROR [main] com.cs.tool.impl.XmlTool serialVersionUID has no @Describle annotation
10:16:24 533 ERROR [main] com.cs.tool.impl.XmlTool com.cs.base.def.type.GemCompoundDef has no method setSerialVersionUID
10:16:24 533 ERROR [main] com.cs.tool.impl.XmlTool serialVersionUID has no @Describle annotation
10:16:24 533 ERROR [main] com.cs.tool.impl.XmlTool serialVersionUID has no describle
10:16:24 534 ERROR [main] com.cs.tool.impl.XmlTool serialVersionUID has no @Describle annotation
10:16:24 534 ERROR [main] com.cs.tool.impl.XmlTool com.cs.base.def.type.BuffDef has no method setSerialVersionUID
10:16:24 536 ERROR [main] com.cs.tool.impl.XmlTool serialVersionUID has no @Describle annotation
10:16:24 536 ERROR [main] com.cs.tool.impl.XmlTool com.cs.base.def.entity.BuffTriggerDef dosen't has the method setSerialVersionUID
10:16:24 537 ERROR [main] com.cs.tool.impl.XmlTool serialVersionUID has no @Describle annotation
10:16:24 537 ERROR [main] com.cs.tool.impl.XmlTool serialVersionUID has no describle
10:16:24 538 ERROR [main] com.cs.tool.impl.XmlTool serialVersionUID has no @Describle annotation
10:16:24 538 ERROR [main] com.cs.tool.impl.XmlTool com.cs.base.def.type.ShopItemDef has no method setSerialVersionUID
10:16:24 539 ERROR [main] com.cs.tool.impl.XmlTool serialVersionUID has no @Describle annotation
10:16:24 540 ERROR [main] com.cs.tool.impl.XmlTool serialVersionUID has no describle
10:16:24 542 ERROR [main] com.cs.tool.impl.XmlTool serialVersionUID has no @Describle annotation
10:16:24 542 ERROR [main] com.cs.tool.impl.XmlTool com.cs.base.def.type.MonsterDef has no method setSerialVersionUID
10:16:24 545 ERROR [main] com.cs.tool.impl.XmlTool serialVersionUID has no @Describle annotation
10:16:24 545 ERROR [main] com.cs.tool.impl.XmlTool serialVersionUID has no describle
10:16:24 547 ERROR [main] com.cs.tool.impl.XmlTool serialVersionUID has no @Describle annotation
10:16:24 547 ERROR [main] com.cs.tool.impl.XmlTool com.cs.base.def.type.PkValueDef has no method setSerialVersionUID
10:16:24 548 ERROR [main] com.cs.tool.impl.XmlTool serialVersionUID has no @Describle annotation
10:16:24 548 ERROR [main] com.cs.tool.impl.XmlTool serialVersionUID has no describle
10:16:24 549 ERROR [main] com.cs.tool.impl.XmlTool serialVersionUID has no @Describle annotation
10:16:24 549 ERROR [main] com.cs.tool.impl.XmlTool com.cs.base.def.type.HoleSiteDef has no method setSerialVersionUID
10:16:24 549 ERROR [main] com.cs.tool.impl.XmlTool serialVersionUID has no @Describle annotation
10:16:24 549 ERROR [main] com.cs.tool.impl.XmlTool serialVersionUID has no describle
10:16:24 550 ERROR [main] com.cs.tool.impl.XmlTool serialVersionUID has no @Describle annotation
10:16:24 550 ERROR [main] com.cs.tool.impl.XmlTool com.cs.base.def.type.PolishEquipDef has no method setSerialVersionUID
10:16:24 551 ERROR [main] com.cs.tool.impl.XmlTool serialVersionUID has no @Describle annotation
10:16:24 551 ERROR [main] com.cs.tool.impl.XmlTool serialVersionUID has no describle
10:16:24 551 ERROR [main] com.cs.tool.impl.XmlTool serialVersionUID has no @Describle annotation
10:16:24 551 ERROR [main] com.cs.tool.impl.XmlTool com.cs.base.def.type.RobotSkillDef has no method setSerialVersionUID
10:16:24 551 ERROR [main] com.cs.tool.impl.XmlTool serialVersionUID has no @Describle annotation
10:16:24 552 ERROR [main] com.cs.tool.impl.XmlTool serialVersionUID has no describle
10:16:24 552 ERROR [main] com.cs.tool.impl.XmlTool serialVersionUID has no @Describle annotation
10:16:24 552 ERROR [main] com.cs.tool.impl.XmlTool com.cs.base.def.type.EquipSuitDef has no method setSerialVersionUID
10:16:24 553 ERROR [main] com.cs.tool.impl.XmlTool serialVersionUID has no @Describle annotation
10:16:24 553 ERROR [main] com.cs.tool.impl.XmlTool serialVersionUID has no describle
10:16:24 553 ERROR [main] com.cs.tool.impl.XmlTool serialVersionUID has no @Describle annotation
10:16:24 553 ERROR [main] com.cs.tool.impl.XmlTool com.cs.base.def.type.BlessingDef has no method setSerialVersionUID
10:16:24 554 ERROR [main] com.cs.tool.impl.XmlTool serialVersionUID has no @Describle annotation
10:16:24 554 ERROR [main] com.cs.tool.impl.XmlTool serialVersionUID has no describle
10:16:24 555 ERROR [main] com.cs.tool.impl.XmlTool serialVersionUID has no @Describle annotation
10:16:24 556 ERROR [main] com.cs.tool.impl.XmlTool com.cs.base.def.type.MapDef has no method setSerialVersionUID
10:16:24 557 ERROR [main] com.cs.tool.impl.XmlTool serialVersionUID has no @Describle annotation
10:16:24 558 ERROR [main] com.cs.tool.impl.XmlTool com.cs.base.def.entity.PolygonDef dosen't has the method setSerialVersionUID
10:16:24 558 ERROR [main] com.cs.tool.impl.XmlTool serialVersionUID has no @Describle annotation
10:16:24 558 ERROR [main] com.cs.tool.impl.XmlTool com.cs.base.def.entity.PointDef dosen't has the method setSerialVersionUID
10:16:24 558 ERROR [main] com.cs.tool.impl.XmlTool serialVersionUID has no @Describle annotation
10:16:24 558 ERROR [main] com.cs.tool.impl.XmlTool com.cs.base.def.entity.PolygonDef dosen't has the method setSerialVersionUID
10:16:24 558 ERROR [main] com.cs.tool.impl.XmlTool serialVersionUID has no @Describle annotation
10:16:24 559 ERROR [main] com.cs.tool.impl.XmlTool com.cs.base.def.entity.PointDef dosen't has the method setSerialVersionUID
10:16:24 559 ERROR [main] com.cs.tool.impl.XmlTool serialVersionUID has no @Describle annotation
10:16:24 559 ERROR [main] com.cs.tool.impl.XmlTool com.cs.base.def.entity.PolygonDef dosen't has the method setSerialVersionUID
10:16:24 559 ERROR [main] com.cs.tool.impl.XmlTool serialVersionUID has no @Describle annotation
10:16:24 559 ERROR [main] com.cs.tool.impl.XmlTool com.cs.base.def.entity.PointDef dosen't has the method setSerialVersionUID
10:16:24 559 ERROR [main] com.cs.tool.impl.XmlTool serialVersionUID has no @Describle annotation
10:16:24 559 ERROR [main] com.cs.tool.impl.XmlTool com.cs.base.def.entity.TeleportDef dosen't has the method setSerialVersionUID
10:16:24 560 ERROR [main] com.cs.tool.impl.XmlTool serialVersionUID has no @Describle annotation
10:16:24 560 ERROR [main] com.cs.tool.impl.XmlTool com.cs.base.def.entity.AreaDef dosen't has the method setSerialVersionUID
10:16:24 560 ERROR [main] com.cs.tool.impl.XmlTool serialVersionUID has no @Describle annotation
10:16:24 560 ERROR [main] com.cs.tool.impl.XmlTool com.cs.base.def.entity.PointDef dosen't has the method setSerialVersionUID
10:16:24 561 ERROR [main] com.cs.tool.impl.XmlTool serialVersionUID has no @Describle annotation
10:16:24 561 ERROR [main] com.cs.tool.impl.XmlTool com.cs.base.def.entity.MonsterRefreshDef dosen't has the method setSerialVersionUID
10:16:24 562 ERROR [main] com.cs.tool.impl.XmlTool serialVersionUID has no @Describle annotation
10:16:24 562 ERROR [main] com.cs.tool.impl.XmlTool com.cs.base.def.entity.MapNpcDef dosen't has the method setSerialVersionUID
10:16:24 562 ERROR [main] com.cs.tool.impl.XmlTool serialVersionUID has no @Describle annotation
10:16:24 562 ERROR [main] com.cs.tool.impl.XmlTool serialVersionUID has no describle
10:16:24 564 ERROR [main] com.cs.tool.impl.XmlTool serialVersionUID has no @Describle annotation
10:16:24 564 ERROR [main] com.cs.tool.impl.XmlTool com.cs.base.def.type.ConfigDef has no method setSerialVersionUID
10:16:24 564 ERROR [main] com.cs.tool.impl.XmlTool serialVersionUID has no @Describle annotation
10:16:24 564 ERROR [main] com.cs.tool.impl.XmlTool serialVersionUID has no describle
10:16:24 564 ERROR [main] com.cs.tool.impl.XmlTool serialVersionUID has no @Describle annotation
10:16:24 564 ERROR [main] com.cs.tool.impl.XmlTool com.cs.base.def.type.LevelDef has no method setSerialVersionUID
10:16:24 565 ERROR [main] com.cs.tool.impl.XmlTool serialVersionUID has no @Describle annotation
10:16:24 565 ERROR [main] com.cs.tool.impl.XmlTool serialVersionUID has no describle
10:16:24 565 ERROR [main] com.cs.tool.impl.XmlTool serialVersionUID has no @Describle annotation
10:16:24 565 ERROR [main] com.cs.tool.impl.XmlTool com.cs.base.def.type.MissionDef has no method setSerialVersionUID
10:16:24 567 ERROR [main] com.cs.tool.impl.XmlTool serialVersionUID has no @Describle annotation
10:16:24 567 ERROR [main] com.cs.tool.impl.XmlTool serialVersionUID has no describle
10:16:24 569 ERROR [main] com.cs.tool.impl.XmlTool serialVersionUID has no @Describle annotation
10:16:24 570 ERROR [main] com.cs.tool.impl.XmlTool com.cs.base.def.type.FamilyDef has no method setSerialVersionUID
10:16:24 570 ERROR [main] com.cs.tool.impl.XmlTool serialVersionUID has no @Describle annotation
10:16:24 570 ERROR [main] com.cs.tool.impl.XmlTool serialVersionUID has no describle
10:16:24 571 ERROR [main] com.cs.tool.impl.XmlTool serialVersionUID has no @Describle annotation
10:16:24 571 ERROR [main] com.cs.tool.impl.XmlTool com.cs.base.def.type.DropDef has no method setSerialVersionUID
10:16:24 571 ERROR [main] com.cs.tool.impl.XmlTool serialVersionUID has no @Describle annotation
10:16:24 571 ERROR [main] com.cs.tool.impl.XmlTool serialVersionUID has no describle
10:16:24 572 ERROR [main] com.cs.tool.impl.XmlTool serialVersionUID has no @Describle annotation
10:16:24 572 ERROR [main] com.cs.tool.impl.XmlTool com.cs.base.def.type.NPCDef has no method setSerialVersionUID
10:16:24 572 ERROR [main] com.cs.tool.impl.XmlTool serialVersionUID has no @Describle annotation
10:16:24 573 ERROR [main] com.cs.tool.impl.XmlTool serialVersionUID has no describle
10:16:24 573 ERROR [main] com.cs.tool.impl.XmlTool serialVersionUID has no @Describle annotation
10:16:24 573 ERROR [main] com.cs.tool.impl.XmlTool com.cs.base.def.type.DropGroupDef has no method setSerialVersionUID
10:16:24 573 ERROR [main] com.cs.tool.impl.XmlTool serialVersionUID has no @Describle annotation
10:16:24 574 ERROR [main] com.cs.tool.impl.XmlTool serialVersionUID has no describle
10:16:24 574 ERROR [main] com.cs.tool.impl.XmlTool serialVersionUID has no @Describle annotation
10:16:24 574 ERROR [main] com.cs.tool.impl.XmlTool com.cs.base.def.type.PetDef has no method setSerialVersionUID
10:16:24 575 ERROR [main] com.cs.tool.impl.XmlTool serialVersionUID has no @Describle annotation
10:16:24 575 ERROR [main] com.cs.tool.impl.XmlTool serialVersionUID has no describle
10:16:24 575 ERROR [main] com.cs.tool.impl.XmlTool serialVersionUID has no @Describle annotation
10:16:24 575 ERROR [main] com.cs.tool.impl.XmlTool com.cs.base.def.type.FamilyRoleJurisDef has no method setSerialVersionUID
10:16:24 576 ERROR [main] com.cs.tool.impl.XmlTool serialVersionUID has no @Describle annotation
10:16:24 576 ERROR [main] com.cs.tool.impl.XmlTool serialVersionUID has no describle
10:16:24 576 ERROR [main] com.cs.tool.impl.XmlTool serialVersionUID has no @Describle annotation
10:16:24 576 ERROR [main] com.cs.tool.impl.XmlTool com.cs.base.def.type.CampDef has no method setSerialVersionUID
10:16:24 577 ERROR [main] com.cs.tool.impl.XmlTool serialVersionUID has no @Describle annotation
10:16:24 577 ERROR [main] com.cs.tool.impl.XmlTool serialVersionUID has no describle
10:16:24 577 ERROR [main] com.cs.tool.impl.XmlTool serialVersionUID has no @Describle annotation
10:16:24 577 ERROR [main] com.cs.tool.impl.XmlTool com.cs.base.def.type.RobotKillMonsterDef has no method setSerialVersionUID
10:16:24 578 ERROR [main] com.cs.tool.impl.XmlTool serialVersionUID has no @Describle annotation
10:16:24 578 ERROR [main] com.cs.tool.impl.XmlTool serialVersionUID has no describle
10:16:24 578 ERROR [main] com.cs.tool.impl.XmlTool serialVersionUID has no @Describle annotation
10:16:24 578 ERROR [main] com.cs.tool.impl.XmlTool com.cs.base.def.type.WorldMapItemDef has no method setSerialVersionUID
10:16:24 579 ERROR [main] com.cs.tool.impl.XmlTool serialVersionUID has no @Describle annotation
10:16:24 579 ERROR [main] com.cs.tool.impl.XmlTool serialVersionUID has no describle
10:16:24 579 ERROR [main] com.cs.tool.impl.XmlTool serialVersionUID has no @Describle annotation
10:16:24 580 ERROR [main] com.cs.tool.impl.XmlTool com.cs.base.def.type.CareerDef has no method setSerialVersionUID
10:16:24 581 ERROR [main] com.cs.tool.impl.XmlTool serialVersionUID has no @Describle annotation
10:16:24 581 ERROR [main] com.cs.tool.impl.XmlTool serialVersionUID has no describle
10:16:24 582 ERROR [main] com.cs.tool.impl.XmlTool serialVersionUID has no @Describle annotation
10:16:24 582 ERROR [main] com.cs.tool.impl.XmlTool com.cs.base.def.type.buf.WheelsBufDef has no method setSerialVersionUID
10:16:24 583 ERROR [main] com.cs.tool.impl.XmlTool serialVersionUID has no @Describle annotation
10:16:24 584 ERROR [main] com.cs.tool.impl.XmlTool com.cs.base.def.entity.BuffTriggerDef dosen't has the method setSerialVersionUID
10:16:24 584 ERROR [main] com.cs.tool.impl.XmlTool serialVersionUID has no @Describle annotation
10:16:24 584 ERROR [main] com.cs.tool.impl.XmlTool com.cs.base.def.type.buf.WheelsBufDef has no method setSerialVersionUID
10:16:24 584 ERROR [main] com.cs.tool.impl.XmlTool serialVersionUID has no @Describle annotation
10:16:24 584 ERROR [main] com.cs.tool.impl.XmlTool serialVersionUID has no describle
10:16:24 585 ERROR [main] com.cs.tool.impl.XmlTool serialVersionUID has no @Describle annotation
10:16:24 586 ERROR [main] com.cs.tool.impl.XmlTool serialVersionUID has no describle
10:16:24 586 ERROR [main] com.cs.tool.impl.XmlTool serialVersionUID has no @Describle annotation
10:16:24 588 ERROR [main] com.cs.tool.impl.XmlTool com.cs.base.def.type.effect.PunctureEffectDef has no method setSerialVersionUID
10:16:24 588 ERROR [main] com.cs.tool.impl.XmlTool serialVersionUID has no @Describle annotation
10:16:24 588 ERROR [main] com.cs.tool.impl.XmlTool com.cs.base.def.type.effect.PunctureEffectDef has no method setSerialVersionUID
10:16:24 588 ERROR [main] com.cs.tool.impl.XmlTool serialVersionUID has no @Describle annotation
10:16:24 588 ERROR [main] com.cs.tool.impl.XmlTool serialVersionUID has no describle
10:16:24 589 ERROR [main] com.cs.tool.impl.XmlTool serialVersionUID has no @Describle annotation
10:16:24 589 ERROR [main] com.cs.tool.impl.XmlTool serialVersionUID has no describle
10:16:24 589 ERROR [main] com.cs.tool.impl.XmlTool serialVersionUID has no @Describle annotation
10:16:24 589 ERROR [main] com.cs.tool.impl.XmlTool com.cs.base.def.type.effect.SummonEffectDef has no method setSerialVersionUID
10:16:24 590 ERROR [main] com.cs.tool.impl.XmlTool serialVersionUID has no @Describle annotation
10:16:24 590 ERROR [main] com.cs.tool.impl.XmlTool com.cs.base.def.type.effect.SummonEffectDef has no method setSerialVersionUID
10:16:24 590 ERROR [main] com.cs.tool.impl.XmlTool serialVersionUID has no @Describle annotation
10:16:24 590 ERROR [main] com.cs.tool.impl.XmlTool serialVersionUID has no describle
10:16:24 590 ERROR [main] com.cs.tool.impl.XmlTool serialVersionUID has no @Describle annotation
10:16:24 590 ERROR [main] com.cs.tool.impl.XmlTool serialVersionUID has no describle
10:16:24 591 ERROR [main] com.cs.tool.impl.XmlTool serialVersionUID has no @Describle annotation
10:16:24 591 ERROR [main] com.cs.tool.impl.XmlTool com.cs.base.def.type.effect.MagicDamageEffectDef has no method setSerialVersionUID
10:16:24 591 ERROR [main] com.cs.tool.impl.XmlTool serialVersionUID has no @Describle annotation
10:16:24 591 ERROR [main] com.cs.tool.impl.XmlTool com.cs.base.def.type.effect.MagicDamageEffectDef has no method setSerialVersionUID
10:16:24 592 ERROR [main] com.cs.tool.impl.XmlTool serialVersionUID has no @Describle annotation
10:16:24 592 ERROR [main] com.cs.tool.impl.XmlTool serialVersionUID has no describle
10:16:24 592 ERROR [main] com.cs.tool.impl.XmlTool serialVersionUID has no @Describle annotation
10:16:24 592 ERROR [main] com.cs.tool.impl.XmlTool serialVersionUID has no describle
10:16:24 592 ERROR [main] com.cs.tool.impl.XmlTool serialVersionUID has no @Describle annotation
10:16:24 593 ERROR [main] com.cs.tool.impl.XmlTool com.cs.base.def.type.effect.FireWallEffectDef has no method setSerialVersionUID
10:16:24 593 ERROR [main] com.cs.tool.impl.XmlTool serialVersionUID has no @Describle annotation
10:16:24 593 ERROR [main] com.cs.tool.impl.XmlTool com.cs.base.def.type.effect.FireWallEffectDef has no method setSerialVersionUID
10:16:24 593 ERROR [main] com.cs.tool.impl.XmlTool serialVersionUID has no @Describle annotation
10:16:24 593 ERROR [main] com.cs.tool.impl.XmlTool serialVersionUID has no describle
10:16:24 593 ERROR [main] com.cs.tool.impl.XmlTool serialVersionUID has no @Describle annotation
10:16:24 593 ERROR [main] com.cs.tool.impl.XmlTool serialVersionUID has no describle
10:16:24 594 ERROR [main] com.cs.tool.impl.XmlTool serialVersionUID has no @Describle annotation
10:16:24 594 ERROR [main] com.cs.tool.impl.XmlTool com.cs.base.def.type.effect.PhysicalDamageEffectDef has no method setSerialVersionUID
10:16:24 594 ERROR [main] com.cs.tool.impl.XmlTool serialVersionUID has no @Describle annotation
10:16:24 594 ERROR [main] com.cs.tool.impl.XmlTool com.cs.base.def.type.effect.PhysicalDamageEffectDef has no method setSerialVersionUID
10:16:24 594 ERROR [main] com.cs.tool.impl.XmlTool serialVersionUID has no @Describle annotation
10:16:24 594 ERROR [main] com.cs.tool.impl.XmlTool serialVersionUID has no describle
10:16:24 595 ERROR [main] com.cs.tool.impl.XmlTool serialVersionUID has no @Describle annotation
10:16:24 595 ERROR [main] com.cs.tool.impl.XmlTool serialVersionUID has no describle
10:16:24 595 ERROR [main] com.cs.tool.impl.XmlTool serialVersionUID has no @Describle annotation
10:16:24 595 ERROR [main] com.cs.tool.impl.XmlTool com.cs.base.def.type.effect.ShoveEffectDef has no method setSerialVersionUID
10:16:24 595 ERROR [main] com.cs.tool.impl.XmlTool serialVersionUID has no @Describle annotation
10:16:24 595 ERROR [main] com.cs.tool.impl.XmlTool com.cs.base.def.type.effect.ShoveEffectDef has no method setSerialVersionUID
10:16:24 596 ERROR [main] com.cs.tool.impl.XmlTool serialVersionUID has no @Describle annotation
10:16:24 596 ERROR [main] com.cs.tool.impl.XmlTool serialVersionUID has no describle
10:16:24 596 ERROR [main] com.cs.tool.impl.XmlTool serialVersionUID has no @Describle annotation
10:16:24 596 ERROR [main] com.cs.tool.impl.XmlTool serialVersionUID has no describle
10:16:24 596 ERROR [main] com.cs.tool.impl.XmlTool serialVersionUID has no @Describle annotation
10:16:24 596 ERROR [main] com.cs.tool.impl.XmlTool com.cs.base.def.type.effect.RandomMoveEffectDef has no method setSerialVersionUID
10:16:24 596 ERROR [main] com.cs.tool.impl.XmlTool serialVersionUID has no @Describle annotation
10:16:24 597 ERROR [main] com.cs.tool.impl.XmlTool com.cs.base.def.type.effect.RandomMoveEffectDef has no method setSerialVersionUID
10:16:24 597 ERROR [main] com.cs.tool.impl.XmlTool serialVersionUID has no @Describle annotation
10:16:24 597 ERROR [main] com.cs.tool.impl.XmlTool serialVersionUID has no describle
10:16:24 597 ERROR [main] com.cs.tool.impl.XmlTool serialVersionUID has no @Describle annotation
10:16:24 597 ERROR [main] com.cs.tool.impl.XmlTool serialVersionUID has no describle
10:16:24 597 ERROR [main] com.cs.tool.impl.XmlTool serialVersionUID has no @Describle annotation
10:16:24 597 ERROR [main] com.cs.tool.impl.XmlTool com.cs.base.def.type.effect.NormalPhysicalAttackDef has no method setSerialVersionUID
10:16:24 598 ERROR [main] com.cs.tool.impl.XmlTool serialVersionUID has no @Describle annotation
10:16:24 598 ERROR [main] com.cs.tool.impl.XmlTool com.cs.base.def.type.effect.NormalPhysicalAttackDef has no method setSerialVersionUID
10:16:24 598 ERROR [main] com.cs.tool.impl.XmlTool serialVersionUID has no @Describle annotation
10:16:24 598 ERROR [main] com.cs.tool.impl.XmlTool serialVersionUID has no describle
10:16:24 598 ERROR [main] com.cs.tool.impl.XmlTool serialVersionUID has no @Describle annotation
10:16:24 598 ERROR [main] com.cs.tool.impl.XmlTool serialVersionUID has no describle
10:16:24 599 ERROR [main] com.cs.tool.impl.XmlTool serialVersionUID has no @Describle annotation
10:16:24 599 ERROR [main] com.cs.tool.impl.XmlTool com.cs.base.def.type.effect.ShoulderDashEffectDef has no method setSerialVersionUID
10:16:24 599 ERROR [main] com.cs.tool.impl.XmlTool serialVersionUID has no @Describle annotation
10:16:24 599 ERROR [main] com.cs.tool.impl.XmlTool com.cs.base.def.type.effect.ShoulderDashEffectDef has no method setSerialVersionUID
10:16:24 600 ERROR [main] com.cs.tool.impl.XmlTool serialVersionUID has no @Describle annotation
10:16:24 600 ERROR [main] com.cs.tool.impl.XmlTool serialVersionUID has no describle
10:16:24 600 ERROR [main] com.cs.tool.impl.XmlTool serialVersionUID has no @Describle annotation
10:16:24 600 ERROR [main] com.cs.tool.impl.XmlTool serialVersionUID has no describle
10:16:24 600 ERROR [main] com.cs.tool.impl.XmlTool serialVersionUID has no @Describle annotation
10:16:24 600 ERROR [main] com.cs.tool.impl.XmlTool com.cs.base.def.type.effect.CureHpEffectDef has no method setSerialVersionUID
10:16:24 601 ERROR [main] com.cs.tool.impl.XmlTool serialVersionUID has no @Describle annotation
10:16:24 601 ERROR [main] com.cs.tool.impl.XmlTool com.cs.base.def.type.effect.CureHpEffectDef has no method setSerialVersionUID
10:16:24 601 ERROR [main] com.cs.tool.impl.XmlTool serialVersionUID has no @Describle annotation
10:16:24 601 ERROR [main] com.cs.tool.impl.XmlTool serialVersionUID has no describle
10:16:24 601 ERROR [main] com.cs.tool.impl.XmlTool serialVersionUID has no @Describle annotation
10:16:24 601 ERROR [main] com.cs.tool.impl.XmlTool serialVersionUID has no describle
10:16:24 602 ERROR [main] com.cs.tool.impl.XmlTool serialVersionUID has no @Describle annotation
10:16:24 602 ERROR [main] com.cs.tool.impl.XmlTool com.cs.base.def.type.effect.CatchEffectDef has no method setSerialVersionUID
10:16:24 602 ERROR [main] com.cs.tool.impl.XmlTool serialVersionUID has no @Describle annotation
10:16:24 602 ERROR [main] com.cs.tool.impl.XmlTool com.cs.base.def.type.effect.CatchEffectDef has no method setSerialVersionUID
10:16:24 602 ERROR [main] com.cs.tool.impl.XmlTool serialVersionUID has no @Describle annotation
10:16:24 602 ERROR [main] com.cs.tool.impl.XmlTool serialVersionUID has no describle
10:16:24 603 ERROR [main] com.cs.tool.impl.XmlTool serialVersionUID has no @Describle annotation
10:16:24 603 ERROR [main] com.cs.tool.impl.XmlTool serialVersionUID has no describle
10:16:24 603 ERROR [main] com.cs.tool.impl.XmlTool serialVersionUID has no @Describle annotation
10:16:24 603 ERROR [main] com.cs.tool.impl.XmlTool com.cs.base.def.type.function.ShopNpcFunctionDef has no method setSerialVersionUID
10:16:24 604 ERROR [main] com.cs.tool.impl.XmlTool serialVersionUID has no @Describle annotation
10:16:24 604 ERROR [main] com.cs.tool.impl.XmlTool com.cs.base.def.type.function.ShopNpcFunctionDef has no method setSerialVersionUID
10:16:24 604 ERROR [main] com.cs.tool.impl.XmlTool serialVersionUID has no @Describle annotation
10:16:24 604 ERROR [main] com.cs.tool.impl.XmlTool serialVersionUID has no describle
10:16:24 604 ERROR [main] com.cs.tool.impl.XmlTool serialVersionUID has no @Describle annotation
10:16:24 604 ERROR [main] com.cs.tool.impl.XmlTool serialVersionUID has no describle
10:16:24 604 ERROR [main] com.cs.tool.impl.XmlTool serialVersionUID has no @Describle annotation
10:16:24 605 ERROR [main] com.cs.tool.impl.XmlTool com.cs.base.def.type.function.TaskNpcFunctionDef has no method setSerialVersionUID
10:16:24 605 ERROR [main] com.cs.tool.impl.XmlTool serialVersionUID has no @Describle annotation
10:16:24 605 ERROR [main] com.cs.tool.impl.XmlTool com.cs.base.def.type.function.TaskNpcFunctionDef has no method setSerialVersionUID
10:16:24 605 ERROR [main] com.cs.tool.impl.XmlTool serialVersionUID has no @Describle annotation
10:16:24 605 ERROR [main] com.cs.tool.impl.XmlTool serialVersionUID has no describle
10:16:24 605 ERROR [main] com.cs.tool.impl.XmlTool serialVersionUID has no @Describle annotation
10:16:24 605 ERROR [main] com.cs.tool.impl.XmlTool serialVersionUID has no describle
10:16:24 606 ERROR [main] com.cs.tool.impl.XmlTool serialVersionUID has no @Describle annotation
10:16:24 606 ERROR [main] com.cs.tool.impl.XmlTool com.cs.base.def.type.function.TranslateNpcFunctionDef has no method setSerialVersionUID
10:16:24 606 ERROR [main] com.cs.tool.impl.XmlTool serialVersionUID has no @Describle annotation
10:16:24 606 ERROR [main] com.cs.tool.impl.XmlTool com.cs.base.def.type.function.TranslateNpcFunctionDef has no method setSerialVersionUID
10:16:24 607 ERROR [main] com.cs.tool.impl.XmlTool serialVersionUID has no @Describle annotation
10:16:24 607 ERROR [main] com.cs.tool.impl.XmlTool serialVersionUID has no describle
10:16:24 607 ERROR [main] com.cs.tool.impl.XmlTool serialVersionUID has no @Describle annotation
10:16:24 607 ERROR [main] com.cs.tool.impl.XmlTool serialVersionUID has no describle
10:16:24 608 ERROR [main] com.cs.tool.impl.XmlTool serialVersionUID has no @Describle annotation
10:16:24 608 ERROR [main] com.cs.tool.impl.XmlTool com.cs.base.def.type.function.WorldMapFunctionDef has no method setSerialVersionUID
10:16:24 608 ERROR [main] com.cs.tool.impl.XmlTool serialVersionUID has no @Describle annotation
10:16:24 608 ERROR [main] com.cs.tool.impl.XmlTool com.cs.base.def.type.function.WorldMapFunctionDef has no method setSerialVersionUID
10:16:24 608 ERROR [main] com.cs.tool.impl.XmlTool serialVersionUID has no @Describle annotation
10:16:24 608 ERROR [main] com.cs.tool.impl.XmlTool serialVersionUID has no describle
10:16:24 608 ERROR [main] com.cs.tool.impl.XmlTool serialVersionUID has no @Describle annotation
10:16:24 608 ERROR [main] com.cs.tool.impl.XmlTool serialVersionUID has no describle
10:16:24 609 ERROR [main] com.cs.tool.impl.XmlTool serialVersionUID has no @Describle annotation
10:16:24 609 ERROR [main] com.cs.tool.impl.XmlTool com.cs.base.def.type.item.SkillBookDef has no method setSerialVersionUID
10:16:24 610 ERROR [main] com.cs.tool.impl.XmlTool serialVersionUID has no @Describle annotation
10:16:24 610 ERROR [main] com.cs.tool.impl.XmlTool com.cs.base.def.type.item.SkillBookDef has no method setSerialVersionUID
10:16:24 610 ERROR [main] com.cs.tool.impl.XmlTool serialVersionUID has no @Describle annotation
10:16:24 610 ERROR [main] com.cs.tool.impl.XmlTool serialVersionUID has no describle
10:16:24 611 ERROR [main] com.cs.tool.impl.XmlTool serialVersionUID has no @Describle annotation
10:16:24 611 ERROR [main] com.cs.tool.impl.XmlTool serialVersionUID has no describle
10:16:24 612 ERROR [main] com.cs.tool.impl.XmlTool serialVersionUID has no @Describle annotation
10:16:24 612 ERROR [main] com.cs.tool.impl.XmlTool com.cs.base.def.type.item.GemDef has no method setSerialVersionUID
10:16:24 613 ERROR [main] com.cs.tool.impl.XmlTool serialVersionUID has no @Describle annotation
10:16:24 613 ERROR [main] com.cs.tool.impl.XmlTool com.cs.base.def.type.item.GemDef has no method setSerialVersionUID
10:16:24 613 ERROR [main] com.cs.tool.impl.XmlTool serialVersionUID has no @Describle annotation
10:16:24 613 ERROR [main] com.cs.tool.impl.XmlTool serialVersionUID has no describle
10:16:24 614 ERROR [main] com.cs.tool.impl.XmlTool serialVersionUID has no @Describle annotation
10:16:24 614 ERROR [main] com.cs.tool.impl.XmlTool serialVersionUID has no describle
10:16:24 615 ERROR [main] com.cs.tool.impl.XmlTool serialVersionUID has no @Describle annotation
10:16:24 615 ERROR [main] com.cs.tool.impl.XmlTool com.cs.base.def.type.item.EquipDef has no method setSerialVersionUID
10:16:24 616 ERROR [main] com.cs.tool.impl.XmlTool serialVersionUID has no @Describle annotation
10:16:24 616 ERROR [main] com.cs.tool.impl.XmlTool com.cs.base.def.type.item.EquipDef has no method setSerialVersionUID
10:16:24 617 ERROR [main] com.cs.tool.impl.XmlTool serialVersionUID has no @Describle annotation
10:16:24 618 ERROR [main] com.cs.tool.impl.XmlTool serialVersionUID has no describle
10:16:24 619 ERROR [main] com.cs.tool.impl.XmlTool serialVersionUID has no @Describle annotation
10:16:24 619 ERROR [main] com.cs.tool.impl.XmlTool serialVersionUID has no describle
10:16:24 620 ERROR [main] com.cs.tool.impl.XmlTool serialVersionUID has no @Describle annotation
10:16:24 620 ERROR [main] com.cs.tool.impl.XmlTool com.cs.base.def.type.item.IncreateItemDef has no method setSerialVersionUID
10:16:24 621 ERROR [main] com.cs.tool.impl.XmlTool serialVersionUID has no @Describle annotation
10:16:24 621 ERROR [main] com.cs.tool.impl.XmlTool com.cs.base.def.type.item.IncreateItemDef has no method setSerialVersionUID
10:16:24 621 ERROR [main] com.cs.tool.impl.XmlTool serialVersionUID has no @Describle annotation
10:16:24 621 ERROR [main] com.cs.tool.impl.XmlTool serialVersionUID has no describle
10:16:24 622 ERROR [main] com.cs.tool.impl.XmlTool serialVersionUID has no @Describle annotation
10:16:24 622 ERROR [main] com.cs.tool.impl.XmlTool serialVersionUID has no describle
10:16:24 622 ERROR [main] com.cs.tool.impl.XmlTool serialVersionUID has no @Describle annotation
10:16:24 623 ERROR [main] com.cs.tool.impl.XmlTool com.cs.base.def.type.item.ScrollItemDef has no method setSerialVersionUID
10:16:24 623 ERROR [main] com.cs.tool.impl.XmlTool serialVersionUID has no @Describle annotation
10:16:24 624 ERROR [main] com.cs.tool.impl.XmlTool com.cs.base.def.type.item.ScrollItemDef has no method setSerialVersionUID
10:16:24 624 ERROR [main] com.cs.tool.impl.XmlTool serialVersionUID has no @Describle annotation
10:16:24 624 ERROR [main] com.cs.tool.impl.XmlTool serialVersionUID has no describle
10:16:24 625 ERROR [main] com.cs.tool.impl.XmlTool serialVersionUID has no @Describle annotation
10:16:24 625 ERROR [main] com.cs.tool.impl.XmlTool serialVersionUID has no describle
10:16:24 625 ERROR [main] com.cs.tool.impl.XmlTool serialVersionUID has no @Describle annotation
10:16:24 625 ERROR [main] com.cs.tool.impl.XmlTool com.cs.base.def.type.item.ResourcesItemDef has no method setSerialVersionUID
10:16:24 626 ERROR [main] com.cs.tool.impl.XmlTool serialVersionUID has no @Describle annotation
10:16:24 627 ERROR [main] com.cs.tool.impl.XmlTool com.cs.base.def.type.item.ResourcesItemDef has no method setSerialVersionUID
10:16:24 627 ERROR [main] com.cs.tool.impl.XmlTool serialVersionUID has no @Describle annotation
10:16:24 627 ERROR [main] com.cs.tool.impl.XmlTool serialVersionUID has no describle
10:16:24 628 ERROR [main] com.cs.tool.impl.XmlTool serialVersionUID has no @Describle annotation
10:16:24 628 ERROR [main] com.cs.tool.impl.XmlTool serialVersionUID has no describle
10:16:24 628 ERROR [main] com.cs.tool.impl.XmlTool serialVersionUID has no @Describle annotation
10:16:24 628 ERROR [main] com.cs.tool.impl.XmlTool com.cs.base.def.type.item.NomalItemDef has no method setSerialVersionUID
10:16:24 629 ERROR [main] com.cs.tool.impl.XmlTool serialVersionUID has no @Describle annotation
10:16:24 630 ERROR [main] com.cs.tool.impl.XmlTool com.cs.base.def.type.item.NomalItemDef has no method setSerialVersionUID
10:16:24 630 ERROR [main] com.cs.tool.impl.XmlTool serialVersionUID has no @Describle annotation
10:16:24 630 ERROR [main] com.cs.tool.impl.XmlTool serialVersionUID has no describle
10:16:24 631 ERROR [main] com.cs.tool.impl.XmlTool serialVersionUID has no @Describle annotation
10:16:24 631 ERROR [main] com.cs.tool.impl.XmlTool serialVersionUID has no describle
10:16:24 631 ERROR [main] com.cs.tool.impl.XmlTool serialVersionUID has no @Describle annotation
10:16:24 631 ERROR [main] com.cs.tool.impl.XmlTool com.cs.base.def.type.item.GoldItemDef has no method setSerialVersionUID
10:16:24 632 ERROR [main] com.cs.tool.impl.XmlTool serialVersionUID has no @Describle annotation
10:16:24 632 ERROR [main] com.cs.tool.impl.XmlTool com.cs.base.def.type.item.GoldItemDef has no method setSerialVersionUID
10:16:24 632 ERROR [main] com.cs.tool.impl.XmlTool serialVersionUID has no @Describle annotation
10:16:24 632 ERROR [main] com.cs.tool.impl.XmlTool serialVersionUID has no describle
10:16:24 633 ERROR [main] com.cs.tool.impl.XmlTool serialVersionUID has no @Describle annotation
10:16:24 633 ERROR [main] com.cs.tool.impl.XmlTool serialVersionUID has no describle
10:16:24 633 ERROR [main] com.cs.tool.impl.XmlTool serialVersionUID has no @Describle annotation
10:16:24 633 ERROR [main] com.cs.tool.impl.XmlTool com.cs.base.def.type.item.ExpConsumeItemDef has no method setSerialVersionUID
10:16:24 634 ERROR [main] com.cs.tool.impl.XmlTool serialVersionUID has no @Describle annotation
10:16:24 635 ERROR [main] com.cs.tool.impl.XmlTool com.cs.base.def.type.item.ExpConsumeItemDef has no method setSerialVersionUID
10:16:24 635 ERROR [main] com.cs.tool.impl.XmlTool serialVersionUID has no @Describle annotation
10:16:24 635 ERROR [main] com.cs.tool.impl.XmlTool serialVersionUID has no describle
10:16:24 636 ERROR [main] com.cs.tool.impl.XmlTool serialVersionUID has no @Describle annotation
10:16:24 636 ERROR [main] com.cs.tool.impl.XmlTool serialVersionUID has no describle
10:16:24 636 ERROR [main] com.cs.tool.impl.XmlTool serialVersionUID has no @Describle annotation
10:16:24 637 ERROR [main] com.cs.tool.impl.XmlTool com.cs.base.def.type.item.ExpSwordItemDef has no method setSerialVersionUID
10:16:24 638 ERROR [main] com.cs.tool.impl.XmlTool serialVersionUID has no @Describle annotation
10:16:24 638 ERROR [main] com.cs.tool.impl.XmlTool com.cs.base.def.type.item.ExpSwordItemDef has no method setSerialVersionUID
10:16:24 638 ERROR [main] com.cs.tool.impl.XmlTool serialVersionUID has no @Describle annotation
10:16:24 638 ERROR [main] com.cs.tool.impl.XmlTool serialVersionUID has no describle
10:16:24 639 ERROR [main] com.cs.tool.impl.XmlTool serialVersionUID has no @Describle annotation
10:16:24 639 ERROR [main] com.cs.tool.impl.XmlTool serialVersionUID has no describle
10:16:24 639 ERROR [main] com.cs.tool.impl.XmlTool serialVersionUID has no @Describle annotation
10:16:24 640 ERROR [main] com.cs.tool.impl.XmlTool com.cs.base.def.type.item.BlessConsumeItemDef has no method setSerialVersionUID
10:16:24 640 ERROR [main] com.cs.tool.impl.XmlTool serialVersionUID has no @Describle annotation
10:16:24 641 ERROR [main] com.cs.tool.impl.XmlTool com.cs.base.def.type.item.BlessConsumeItemDef has no method setSerialVersionUID
10:16:24 641 ERROR [main] com.cs.tool.impl.XmlTool serialVersionUID has no @Describle annotation
10:16:24 641 ERROR [main] com.cs.tool.impl.XmlTool serialVersionUID has no describle
10:16:24 642 ERROR [main] com.cs.tool.impl.XmlTool serialVersionUID has no @Describle annotation
10:16:24 642 ERROR [main] com.cs.tool.impl.XmlTool serialVersionUID has no describle
10:16:24 642 ERROR [main] com.cs.tool.impl.XmlTool serialVersionUID has no @Describle annotation
10:16:24 642 ERROR [main] com.cs.tool.impl.XmlTool com.cs.base.def.type.item.CurrencyItemDef has no method setSerialVersionUID
10:16:24 643 ERROR [main] com.cs.tool.impl.XmlTool serialVersionUID has no @Describle annotation
10:16:24 644 ERROR [main] com.cs.tool.impl.XmlTool com.cs.base.def.type.item.CurrencyItemDef has no method setSerialVersionUID
10:16:24 644 ERROR [main] com.cs.tool.impl.XmlTool serialVersionUID has no @Describle annotation
10:16:24 644 ERROR [main] com.cs.tool.impl.XmlTool serialVersionUID has no describle
10:16:24 645 ERROR [main] com.cs.tool.impl.XmlTool serialVersionUID has no @Describle annotation
10:16:24 645 ERROR [main] com.cs.tool.impl.XmlTool serialVersionUID has no describle
10:16:24 645 ERROR [main] com.cs.tool.impl.XmlTool serialVersionUID has no @Describle annotation
10:16:24 645 ERROR [main] com.cs.tool.impl.XmlTool com.cs.base.def.type.item.PotionItemDef has no method setSerialVersionUID
10:16:24 646 ERROR [main] com.cs.tool.impl.XmlTool serialVersionUID has no @Describle annotation
10:16:24 646 ERROR [main] com.cs.tool.impl.XmlTool com.cs.base.def.type.item.PotionItemDef has no method setSerialVersionUID
10:16:24 647 ERROR [main] com.cs.tool.impl.XmlTool serialVersionUID has no @Describle annotation
10:16:24 647 ERROR [main] com.cs.tool.impl.XmlTool serialVersionUID has no describle
10:16:24 648 ERROR [main] com.cs.tool.impl.XmlTool serialVersionUID has no @Describle annotation
10:16:24 648 ERROR [main] com.cs.tool.impl.XmlTool serialVersionUID has no describle
10:16:24 648 ERROR [main] com.cs.tool.impl.XmlTool serialVersionUID has no @Describle annotation
10:16:24 648 ERROR [main] com.cs.tool.impl.XmlTool com.cs.base.def.type.item.TaskItemDef has no method setSerialVersionUID
10:16:24 649 ERROR [main] com.cs.tool.impl.XmlTool serialVersionUID has no @Describle annotation
10:16:24 649 ERROR [main] com.cs.tool.impl.XmlTool com.cs.base.def.type.item.TaskItemDef has no method setSerialVersionUID
10:16:24 649 ERROR [main] com.cs.tool.impl.XmlTool serialVersionUID has no @Describle annotation
10:16:24 649 ERROR [main] com.cs.tool.impl.XmlTool serialVersionUID has no describle
10:16:24 650 ERROR [main] com.cs.tool.impl.XmlTool serialVersionUID has no @Describle annotation
10:16:24 650 ERROR [main] com.cs.tool.impl.XmlTool serialVersionUID has no describle
10:16:24 651 ERROR [main] com.cs.tool.impl.XmlTool serialVersionUID has no @Describle annotation
10:16:24 651 ERROR [main] com.cs.tool.impl.XmlTool com.cs.base.def.type.item.ChestDef has no method setSerialVersionUID
10:16:24 652 ERROR [main] com.cs.tool.impl.XmlTool serialVersionUID has no @Describle annotation
10:16:24 652 ERROR [main] com.cs.tool.impl.XmlTool com.cs.base.def.type.item.ChestDef has no method setSerialVersionUID
10:16:24 652 ERROR [main] com.cs.tool.impl.XmlTool serialVersionUID has no @Describle annotation
10:16:24 652 ERROR [main] com.cs.tool.impl.XmlTool serialVersionUID has no describle
10:16:24 653 ERROR [main] com.cs.tool.impl.XmlTool serialVersionUID has no @Describle annotation
10:16:24 653 ERROR [main] com.cs.tool.impl.XmlTool serialVersionUID has no describle
10:16:24 654 ERROR [main] com.cs.tool.impl.XmlTool serialVersionUID has no @Describle annotation
10:16:24 654 ERROR [main] com.cs.tool.impl.XmlTool com.cs.base.def.type.mission.ItemGivenMissionDef has no method setSerialVersionUID
10:16:24 654 ERROR [main] com.cs.tool.impl.XmlTool serialVersionUID has no @Describle annotation
10:16:24 654 ERROR [main] com.cs.tool.impl.XmlTool com.cs.base.def.type.mission.ItemGivenMissionDef has no method setSerialVersionUID
10:16:24 655 ERROR [main] com.cs.tool.impl.XmlTool serialVersionUID has no @Describle annotation
10:16:24 655 ERROR [main] com.cs.tool.impl.XmlTool serialVersionUID has no describle
10:16:24 655 ERROR [main] com.cs.tool.impl.XmlTool serialVersionUID has no @Describle annotation
10:16:24 655 ERROR [main] com.cs.tool.impl.XmlTool serialVersionUID has no describle
10:16:24 655 ERROR [main] com.cs.tool.impl.XmlTool serialVersionUID has no @Describle annotation
10:16:24 655 ERROR [main] com.cs.tool.impl.XmlTool com.cs.base.def.type.mission.HuntMonsterMissionDef has no method setSerialVersionUID
10:16:24 656 ERROR [main] com.cs.tool.impl.XmlTool serialVersionUID has no @Describle annotation
10:16:24 656 ERROR [main] com.cs.tool.impl.XmlTool com.cs.base.def.type.mission.HuntMonsterMissionDef has no method setSerialVersionUID
10:16:24 656 ERROR [main] com.cs.tool.impl.XmlTool serialVersionUID has no @Describle annotation
10:16:24 656 ERROR [main] com.cs.tool.impl.XmlTool serialVersionUID has no describle
10:16:24 656 ERROR [main] com.cs.tool.impl.XmlTool serialVersionUID has no @Describle annotation
10:16:24 656 ERROR [main] com.cs.tool.impl.XmlTool serialVersionUID has no describle
10:16:24 657 ERROR [main] com.cs.tool.impl.XmlTool serialVersionUID has no @Describle annotation
10:16:24 657 ERROR [main] com.cs.tool.impl.XmlTool com.cs.base.def.type.mission.EnterZoneMissionDef has no method setSerialVersionUID
10:16:24 657 ERROR [main] com.cs.tool.impl.XmlTool serialVersionUID has no @Describle annotation
10:16:24 657 ERROR [main] com.cs.tool.impl.XmlTool com.cs.base.def.type.mission.EnterZoneMissionDef has no method setSerialVersionUID
10:16:24 658 ERROR [main] com.cs.tool.impl.XmlTool serialVersionUID has no @Describle annotation
10:16:24 658 ERROR [main] com.cs.tool.impl.XmlTool serialVersionUID has no describle
10:16:24 658 ERROR [main] com.cs.tool.impl.XmlTool serialVersionUID has no @Describle annotation
10:16:24 658 ERROR [main] com.cs.tool.impl.XmlTool serialVersionUID has no describle
10:16:24 658 ERROR [main] com.cs.tool.impl.XmlTool serialVersionUID has no @Describle annotation
10:16:24 658 ERROR [main] com.cs.tool.impl.XmlTool com.cs.base.def.type.mission.CollectMissionDef has no method setSerialVersionUID
10:16:24 659 ERROR [main] com.cs.tool.impl.XmlTool serialVersionUID has no @Describle annotation
10:16:24 659 ERROR [main] com.cs.tool.impl.XmlTool com.cs.base.def.type.mission.CollectMissionDef has no method setSerialVersionUID
10:16:24 659 ERROR [main] com.cs.tool.impl.XmlTool serialVersionUID has no @Describle annotation
10:16:24 659 ERROR [main] com.cs.tool.impl.XmlTool serialVersionUID has no describle
10:16:24 659 ERROR [main] com.cs.tool.impl.XmlTool serialVersionUID has no @Describle annotation
10:16:24 659 ERROR [main] com.cs.tool.impl.XmlTool serialVersionUID has no describle
10:16:24 660 ERROR [main] com.cs.tool.impl.XmlTool serialVersionUID has no @Describle annotation
10:16:24 660 ERROR [main] com.cs.tool.impl.XmlTool com.cs.base.def.type.mission.LevelUpMissionDef has no method setSerialVersionUID
10:16:24 660 ERROR [main] com.cs.tool.impl.XmlTool serialVersionUID has no @Describle annotation
10:16:24 660 ERROR [main] com.cs.tool.impl.XmlTool com.cs.base.def.type.mission.LevelUpMissionDef has no method setSerialVersionUID
10:16:24 660 ERROR [main] com.cs.tool.impl.XmlTool serialVersionUID has no @Describle annotation
10:16:24 660 ERROR [main] com.cs.tool.impl.XmlTool serialVersionUID has no describle
10:16:24 661 ERROR [main] com.cs.tool.impl.XmlTool serialVersionUID has no @Describle annotation
10:16:24 661 ERROR [main] com.cs.tool.impl.XmlTool serialVersionUID has no describle
10:16:24 661 ERROR [main] com.cs.tool.impl.XmlTool serialVersionUID has no @Describle annotation
10:16:24 661 ERROR [main] com.cs.tool.impl.XmlTool com.cs.base.def.type.mission.ItemUseMissionDef has no method setSerialVersionUID
10:16:24 661 ERROR [main] com.cs.tool.impl.XmlTool serialVersionUID has no @Describle annotation
10:16:24 661 ERROR [main] com.cs.tool.impl.XmlTool com.cs.base.def.type.mission.ItemUseMissionDef has no method setSerialVersionUID
10:16:24 662 ERROR [main] com.cs.tool.impl.XmlTool serialVersionUID has no @Describle annotation
10:16:24 662 ERROR [main] com.cs.tool.impl.XmlTool serialVersionUID has no describle
10:16:24 662 ERROR [main] com.cs.tool.impl.XmlTool serialVersionUID has no @Describle annotation
10:16:24 662 ERROR [main] com.cs.tool.impl.XmlTool serialVersionUID has no describle
10:16:24 662 ERROR [main] com.cs.tool.impl.XmlTool serialVersionUID has no @Describle annotation
10:16:24 662 ERROR [main] com.cs.tool.impl.XmlTool com.cs.base.def.type.mission.TalkMissionDef has no method setSerialVersionUID
10:16:24 663 ERROR [main] com.cs.tool.impl.XmlTool serialVersionUID has no @Describle annotation
10:16:24 663 ERROR [main] com.cs.tool.impl.XmlTool com.cs.base.def.type.mission.TalkMissionDef has no method setSerialVersionUID
10:16:24 663 ERROR [main] com.cs.tool.impl.XmlTool serialVersionUID has no @Describle annotation
10:16:24 663 ERROR [main] com.cs.tool.impl.XmlTool serialVersionUID has no describle
10:16:24 663 ERROR [main] com.cs.tool.impl.XmlTool serialVersionUID has no @Describle annotation
10:16:24 663 ERROR [main] com.cs.tool.impl.XmlTool serialVersionUID has no describle
