10:25:43 259 ERROR [main] com.cs.tool.impl.XmlTool serialVersionUID has no @Describle annotation
10:25:43 261 ERROR [main] com.cs.tool.impl.XmlTool com.cs.base.def.type.SkillDef has no method setSerialVersionUID
10:25:43 265 INFO  [main] com.cs.tool.impl.XmlTool com.cs.base.def.type.SkillDef xml loadding successful
10:25:43 266 ERROR [main] com.cs.tool.impl.XmlTool serialVersionUID has no @Describle annotation
10:25:43 266 ERROR [main] com.cs.tool.impl.XmlTool serialVersionUID has no describle
10:25:43 268 INFO  [main] com.cs.tool.impl.XmlTool com.cs.base.def.type.SkillDef excel load successful
10:25:43 268 ERROR [main] com.cs.tool.impl.XmlTool serialVersionUID has no @Describle annotation
10:25:43 269 ERROR [main] com.cs.tool.impl.XmlTool com.cs.base.def.type.RewardDef has no method setSerialVersionUID
10:25:43 270 INFO  [main] com.cs.tool.impl.XmlTool com.cs.base.def.type.RewardDef xml loadding successful
10:25:43 270 ERROR [main] com.cs.tool.impl.XmlTool serialVersionUID has no @Describle annotation
10:25:43 270 ERROR [main] com.cs.tool.impl.XmlTool serialVersionUID has no describle
10:25:43 271 INFO  [main] com.cs.tool.impl.XmlTool com.cs.base.def.type.RewardDef excel load successful
10:25:43 271 ERROR [main] com.cs.tool.impl.XmlTool serialVersionUID has no @Describle annotation
10:25:43 272 ERROR [main] com.cs.tool.impl.XmlTool com.cs.base.def.type.BlockUnlockDef has no method setSerialVersionUID
10:25:43 272 INFO  [main] com.cs.tool.impl.XmlTool com.cs.base.def.type.BlockUnlockDef xml loadding successful
10:25:43 272 ERROR [main] com.cs.tool.impl.XmlTool serialVersionUID has no @Describle annotation
10:25:43 272 ERROR [main] com.cs.tool.impl.XmlTool serialVersionUID has no describle
10:25:43 273 INFO  [main] com.cs.tool.impl.XmlTool com.cs.base.def.type.BlockUnlockDef excel load successful
10:25:43 273 ERROR [main] com.cs.tool.impl.XmlTool serialVersionUID has no @Describle annotation
10:25:43 273 ERROR [main] com.cs.tool.impl.XmlTool com.cs.base.def.type.AIDef has no method setSerialVersionUID
10:25:43 274 INFO  [main] com.cs.tool.impl.XmlTool com.cs.base.def.type.AIDef xml loadding successful
10:25:43 274 ERROR [main] com.cs.tool.impl.XmlTool serialVersionUID has no @Describle annotation
10:25:43 274 ERROR [main] com.cs.tool.impl.XmlTool serialVersionUID has no describle
10:25:43 274 INFO  [main] com.cs.tool.impl.XmlTool com.cs.base.def.type.AIDef excel load successful
10:25:43 275 ERROR [main] com.cs.tool.impl.XmlTool serialVersionUID has no @Describle annotation
10:25:43 275 ERROR [main] com.cs.tool.impl.XmlTool com.cs.base.def.type.StrengthEquipDef has no method setSerialVersionUID
10:25:43 275 INFO  [main] com.cs.tool.impl.XmlTool com.cs.base.def.type.StrengthEquipDef xml loadding successful
10:25:43 275 ERROR [main] com.cs.tool.impl.XmlTool serialVersionUID has no @Describle annotation
10:25:43 275 ERROR [main] com.cs.tool.impl.XmlTool serialVersionUID has no describle
10:25:43 276 INFO  [main] com.cs.tool.impl.XmlTool com.cs.base.def.type.StrengthEquipDef excel load successful
10:25:43 276 ERROR [main] com.cs.tool.impl.XmlTool serialVersionUID has no @Describle annotation
10:25:43 276 ERROR [main] com.cs.tool.impl.XmlTool com.cs.base.def.type.GemCompoundDef has no method setSerialVersionUID
10:25:43 277 INFO  [main] com.cs.tool.impl.XmlTool com.cs.base.def.type.GemCompoundDef xml loadding successful
10:25:43 277 ERROR [main] com.cs.tool.impl.XmlTool serialVersionUID has no @Describle annotation
10:25:43 277 ERROR [main] com.cs.tool.impl.XmlTool serialVersionUID has no describle
10:25:43 277 INFO  [main] com.cs.tool.impl.XmlTool com.cs.base.def.type.GemCompoundDef excel load successful
10:25:43 278 ERROR [main] com.cs.tool.impl.XmlTool serialVersionUID has no @Describle annotation
10:25:43 278 ERROR [main] com.cs.tool.impl.XmlTool com.cs.base.def.type.BuffDef has no method setSerialVersionUID
10:25:43 280 ERROR [main] com.cs.tool.impl.XmlTool serialVersionUID has no @Describle annotation
10:25:43 280 ERROR [main] com.cs.tool.impl.XmlTool com.cs.base.def.entity.BuffTriggerDef dosen't has the method setSerialVersionUID
10:25:43 280 INFO  [main] com.cs.tool.impl.XmlTool com.cs.base.def.type.BuffDef xml loadding successful
10:25:43 280 ERROR [main] com.cs.tool.impl.XmlTool serialVersionUID has no @Describle annotation
10:25:43 280 ERROR [main] com.cs.tool.impl.XmlTool serialVersionUID has no describle
10:25:43 282 INFO  [main] com.cs.tool.impl.XmlTool com.cs.base.def.type.BuffDef excel load successful
10:25:43 282 ERROR [main] com.cs.tool.impl.XmlTool serialVersionUID has no @Describle annotation
10:25:43 282 ERROR [main] com.cs.tool.impl.XmlTool com.cs.base.def.type.ShopItemDef has no method setSerialVersionUID
10:25:43 283 INFO  [main] com.cs.tool.impl.XmlTool com.cs.base.def.type.ShopItemDef xml loadding successful
10:25:43 283 ERROR [main] com.cs.tool.impl.XmlTool serialVersionUID has no @Describle annotation
10:25:43 283 ERROR [main] com.cs.tool.impl.XmlTool serialVersionUID has no describle
10:25:43 284 INFO  [main] com.cs.tool.impl.XmlTool com.cs.base.def.type.ShopItemDef excel load successful
10:25:43 285 ERROR [main] com.cs.tool.impl.XmlTool serialVersionUID has no @Describle annotation
10:25:43 286 ERROR [main] com.cs.tool.impl.XmlTool com.cs.base.def.type.MonsterDef has no method setSerialVersionUID
10:25:43 288 INFO  [main] com.cs.tool.impl.XmlTool com.cs.base.def.type.MonsterDef xml loadding successful
10:25:43 288 ERROR [main] com.cs.tool.impl.XmlTool serialVersionUID has no @Describle annotation
10:25:43 288 ERROR [main] com.cs.tool.impl.XmlTool serialVersionUID has no describle
10:25:43 290 INFO  [main] com.cs.tool.impl.XmlTool com.cs.base.def.type.MonsterDef excel load successful
10:25:43 291 ERROR [main] com.cs.tool.impl.XmlTool serialVersionUID has no @Describle annotation
10:25:43 291 ERROR [main] com.cs.tool.impl.XmlTool com.cs.base.def.type.PkValueDef has no method setSerialVersionUID
10:25:43 291 INFO  [main] com.cs.tool.impl.XmlTool com.cs.base.def.type.PkValueDef xml loadding successful
10:25:43 291 ERROR [main] com.cs.tool.impl.XmlTool serialVersionUID has no @Describle annotation
10:25:43 292 ERROR [main] com.cs.tool.impl.XmlTool serialVersionUID has no describle
10:25:43 292 INFO  [main] com.cs.tool.impl.XmlTool com.cs.base.def.type.PkValueDef excel load successful
10:25:43 292 ERROR [main] com.cs.tool.impl.XmlTool serialVersionUID has no @Describle annotation
10:25:43 292 ERROR [main] com.cs.tool.impl.XmlTool com.cs.base.def.type.HoleSiteDef has no method setSerialVersionUID
10:25:43 293 INFO  [main] com.cs.tool.impl.XmlTool com.cs.base.def.type.HoleSiteDef xml loadding successful
10:25:43 293 ERROR [main] com.cs.tool.impl.XmlTool serialVersionUID has no @Describle annotation
10:25:43 293 ERROR [main] com.cs.tool.impl.XmlTool serialVersionUID has no describle
10:25:43 293 INFO  [main] com.cs.tool.impl.XmlTool com.cs.base.def.type.HoleSiteDef excel load successful
10:25:43 293 ERROR [main] com.cs.tool.impl.XmlTool serialVersionUID has no @Describle annotation
10:25:43 294 ERROR [main] com.cs.tool.impl.XmlTool com.cs.base.def.type.PolishEquipDef has no method setSerialVersionUID
10:25:43 294 INFO  [main] com.cs.tool.impl.XmlTool com.cs.base.def.type.PolishEquipDef xml loadding successful
10:25:43 294 ERROR [main] com.cs.tool.impl.XmlTool serialVersionUID has no @Describle annotation
10:25:43 294 ERROR [main] com.cs.tool.impl.XmlTool serialVersionUID has no describle
10:25:43 294 INFO  [main] com.cs.tool.impl.XmlTool com.cs.base.def.type.PolishEquipDef excel load successful
10:25:43 295 ERROR [main] com.cs.tool.impl.XmlTool serialVersionUID has no @Describle annotation
10:25:43 295 ERROR [main] com.cs.tool.impl.XmlTool com.cs.base.def.type.RobotSkillDef has no method setSerialVersionUID
10:25:43 295 INFO  [main] com.cs.tool.impl.XmlTool com.cs.base.def.type.RobotSkillDef xml loadding successful
10:25:43 295 ERROR [main] com.cs.tool.impl.XmlTool serialVersionUID has no @Describle annotation
10:25:43 295 ERROR [main] com.cs.tool.impl.XmlTool serialVersionUID has no describle
10:25:43 295 INFO  [main] com.cs.tool.impl.XmlTool com.cs.base.def.type.RobotSkillDef excel load successful
10:25:43 296 ERROR [main] com.cs.tool.impl.XmlTool serialVersionUID has no @Describle annotation
10:25:43 296 ERROR [main] com.cs.tool.impl.XmlTool com.cs.base.def.type.EquipSuitDef has no method setSerialVersionUID
10:25:43 296 INFO  [main] com.cs.tool.impl.XmlTool com.cs.base.def.type.EquipSuitDef xml loadding successful
10:25:43 296 ERROR [main] com.cs.tool.impl.XmlTool serialVersionUID has no @Describle annotation
10:25:43 296 ERROR [main] com.cs.tool.impl.XmlTool serialVersionUID has no describle
10:25:43 297 INFO  [main] com.cs.tool.impl.XmlTool com.cs.base.def.type.EquipSuitDef excel load successful
10:25:43 297 ERROR [main] com.cs.tool.impl.XmlTool serialVersionUID has no @Describle annotation
10:25:43 297 ERROR [main] com.cs.tool.impl.XmlTool com.cs.base.def.type.BlessingDef has no method setSerialVersionUID
10:25:43 297 INFO  [main] com.cs.tool.impl.XmlTool com.cs.base.def.type.BlessingDef xml loadding successful
10:25:43 297 ERROR [main] com.cs.tool.impl.XmlTool serialVersionUID has no @Describle annotation
10:25:43 297 ERROR [main] com.cs.tool.impl.XmlTool serialVersionUID has no describle
10:25:43 297 INFO  [main] com.cs.tool.impl.XmlTool com.cs.base.def.type.BlessingDef excel load successful
10:25:43 298 ERROR [main] com.cs.tool.impl.XmlTool serialVersionUID has no @Describle annotation
10:25:43 299 ERROR [main] com.cs.tool.impl.XmlTool com.cs.base.def.type.MapDef has no method setSerialVersionUID
10:25:43 300 ERROR [main] com.cs.tool.impl.XmlTool serialVersionUID has no @Describle annotation
10:25:43 301 ERROR [main] com.cs.tool.impl.XmlTool com.cs.base.def.entity.PolygonDef dosen't has the method setSerialVersionUID
10:25:43 301 ERROR [main] com.cs.tool.impl.XmlTool serialVersionUID has no @Describle annotation
10:25:43 301 ERROR [main] com.cs.tool.impl.XmlTool com.cs.base.def.entity.PointDef dosen't has the method setSerialVersionUID
10:25:43 301 ERROR [main] com.cs.tool.impl.XmlTool serialVersionUID has no @Describle annotation
10:25:43 301 ERROR [main] com.cs.tool.impl.XmlTool com.cs.base.def.entity.PolygonDef dosen't has the method setSerialVersionUID
10:25:43 302 ERROR [main] com.cs.tool.impl.XmlTool serialVersionUID has no @Describle annotation
10:25:43 302 ERROR [main] com.cs.tool.impl.XmlTool com.cs.base.def.entity.PointDef dosen't has the method setSerialVersionUID
10:25:43 302 ERROR [main] com.cs.tool.impl.XmlTool serialVersionUID has no @Describle annotation
10:25:43 302 ERROR [main] com.cs.tool.impl.XmlTool com.cs.base.def.entity.PolygonDef dosen't has the method setSerialVersionUID
10:25:43 302 ERROR [main] com.cs.tool.impl.XmlTool serialVersionUID has no @Describle annotation
10:25:43 302 ERROR [main] com.cs.tool.impl.XmlTool com.cs.base.def.entity.PointDef dosen't has the method setSerialVersionUID
10:25:43 303 ERROR [main] com.cs.tool.impl.XmlTool serialVersionUID has no @Describle annotation
10:25:43 303 ERROR [main] com.cs.tool.impl.XmlTool com.cs.base.def.entity.TeleportDef dosen't has the method setSerialVersionUID
10:25:43 303 ERROR [main] com.cs.tool.impl.XmlTool serialVersionUID has no @Describle annotation
10:25:43 303 ERROR [main] com.cs.tool.impl.XmlTool com.cs.base.def.entity.AreaDef dosen't has the method setSerialVersionUID
10:25:43 304 ERROR [main] com.cs.tool.impl.XmlTool serialVersionUID has no @Describle annotation
10:25:43 304 ERROR [main] com.cs.tool.impl.XmlTool com.cs.base.def.entity.PointDef dosen't has the method setSerialVersionUID
10:25:43 304 ERROR [main] com.cs.tool.impl.XmlTool serialVersionUID has no @Describle annotation
10:25:43 304 ERROR [main] com.cs.tool.impl.XmlTool com.cs.base.def.entity.MonsterRefreshDef dosen't has the method setSerialVersionUID
10:25:43 305 ERROR [main] com.cs.tool.impl.XmlTool serialVersionUID has no @Describle annotation
10:25:43 305 ERROR [main] com.cs.tool.impl.XmlTool com.cs.base.def.entity.MapNpcDef dosen't has the method setSerialVersionUID
10:25:43 305 INFO  [main] com.cs.tool.impl.XmlTool com.cs.base.def.type.MapDef xml loadding successful
10:25:43 305 ERROR [main] com.cs.tool.impl.XmlTool serialVersionUID has no @Describle annotation
10:25:43 305 ERROR [main] com.cs.tool.impl.XmlTool serialVersionUID has no describle
10:25:43 306 INFO  [main] com.cs.tool.impl.XmlTool com.cs.base.def.type.MapDef excel load successful
10:25:43 306 ERROR [main] com.cs.tool.impl.XmlTool serialVersionUID has no @Describle annotation
10:25:43 307 ERROR [main] com.cs.tool.impl.XmlTool com.cs.base.def.type.ConfigDef has no method setSerialVersionUID
10:25:43 307 INFO  [main] com.cs.tool.impl.XmlTool com.cs.base.def.type.ConfigDef xml loadding successful
10:25:43 307 ERROR [main] com.cs.tool.impl.XmlTool serialVersionUID has no @Describle annotation
10:25:43 307 ERROR [main] com.cs.tool.impl.XmlTool serialVersionUID has no describle
10:25:43 307 INFO  [main] com.cs.tool.impl.XmlTool com.cs.base.def.type.ConfigDef excel load successful
10:25:43 307 ERROR [main] com.cs.tool.impl.XmlTool serialVersionUID has no @Describle annotation
10:25:43 307 ERROR [main] com.cs.tool.impl.XmlTool com.cs.base.def.type.LevelDef has no method setSerialVersionUID
10:25:43 308 INFO  [main] com.cs.tool.impl.XmlTool com.cs.base.def.type.LevelDef xml loadding successful
10:25:43 308 ERROR [main] com.cs.tool.impl.XmlTool serialVersionUID has no @Describle annotation
10:25:43 308 ERROR [main] com.cs.tool.impl.XmlTool serialVersionUID has no describle
10:25:43 308 INFO  [main] com.cs.tool.impl.XmlTool com.cs.base.def.type.LevelDef excel load successful
10:25:43 308 ERROR [main] com.cs.tool.impl.XmlTool serialVersionUID has no @Describle annotation
10:25:43 308 ERROR [main] com.cs.tool.impl.XmlTool com.cs.base.def.type.MissionDef has no method setSerialVersionUID
10:25:43 310 INFO  [main] com.cs.tool.impl.XmlTool com.cs.base.def.type.MissionDef xml loadding successful
10:25:43 310 ERROR [main] com.cs.tool.impl.XmlTool serialVersionUID has no @Describle annotation
10:25:43 310 ERROR [main] com.cs.tool.impl.XmlTool serialVersionUID has no describle
10:25:43 312 INFO  [main] com.cs.tool.impl.XmlTool com.cs.base.def.type.MissionDef excel load successful
10:25:43 313 ERROR [main] com.cs.tool.impl.XmlTool serialVersionUID has no @Describle annotation
10:25:43 313 ERROR [main] com.cs.tool.impl.XmlTool com.cs.base.def.type.FamilyDef has no method setSerialVersionUID
10:25:43 313 INFO  [main] com.cs.tool.impl.XmlTool com.cs.base.def.type.FamilyDef xml loadding successful
10:25:43 313 ERROR [main] com.cs.tool.impl.XmlTool serialVersionUID has no @Describle annotation
10:25:43 313 ERROR [main] com.cs.tool.impl.XmlTool serialVersionUID has no describle
10:25:43 313 INFO  [main] com.cs.tool.impl.XmlTool com.cs.base.def.type.FamilyDef excel load successful
10:25:43 314 ERROR [main] com.cs.tool.impl.XmlTool serialVersionUID has no @Describle annotation
10:25:43 314 ERROR [main] com.cs.tool.impl.XmlTool com.cs.base.def.type.DropDef has no method setSerialVersionUID
10:25:43 314 INFO  [main] com.cs.tool.impl.XmlTool com.cs.base.def.type.DropDef xml loadding successful
10:25:43 314 ERROR [main] com.cs.tool.impl.XmlTool serialVersionUID has no @Describle annotation
10:25:43 314 ERROR [main] com.cs.tool.impl.XmlTool serialVersionUID has no describle
10:25:43 315 INFO  [main] com.cs.tool.impl.XmlTool com.cs.base.def.type.DropDef excel load successful
10:25:43 315 ERROR [main] com.cs.tool.impl.XmlTool serialVersionUID has no @Describle annotation
10:25:43 315 ERROR [main] com.cs.tool.impl.XmlTool com.cs.base.def.type.NPCDef has no method setSerialVersionUID
10:25:43 316 INFO  [main] com.cs.tool.impl.XmlTool com.cs.base.def.type.NPCDef xml loadding successful
10:25:43 316 ERROR [main] com.cs.tool.impl.XmlTool serialVersionUID has no @Describle annotation
10:25:43 316 ERROR [main] com.cs.tool.impl.XmlTool serialVersionUID has no describle
10:25:43 316 INFO  [main] com.cs.tool.impl.XmlTool com.cs.base.def.type.NPCDef excel load successful
10:25:43 316 ERROR [main] com.cs.tool.impl.XmlTool serialVersionUID has no @Describle annotation
10:25:43 316 ERROR [main] com.cs.tool.impl.XmlTool com.cs.base.def.type.DropGroupDef has no method setSerialVersionUID
10:25:43 316 INFO  [main] com.cs.tool.impl.XmlTool com.cs.base.def.type.DropGroupDef xml loadding successful
10:25:43 317 ERROR [main] com.cs.tool.impl.XmlTool serialVersionUID has no @Describle annotation
10:25:43 317 ERROR [main] com.cs.tool.impl.XmlTool serialVersionUID has no describle
10:25:43 317 INFO  [main] com.cs.tool.impl.XmlTool com.cs.base.def.type.DropGroupDef excel load successful
10:25:43 317 ERROR [main] com.cs.tool.impl.XmlTool serialVersionUID has no @Describle annotation
10:25:43 317 ERROR [main] com.cs.tool.impl.XmlTool com.cs.base.def.type.PetDef has no method setSerialVersionUID
10:25:43 318 INFO  [main] com.cs.tool.impl.XmlTool com.cs.base.def.type.PetDef xml loadding successful
10:25:43 318 ERROR [main] com.cs.tool.impl.XmlTool serialVersionUID has no @Describle annotation
10:25:43 318 ERROR [main] com.cs.tool.impl.XmlTool serialVersionUID has no describle
10:25:43 318 INFO  [main] com.cs.tool.impl.XmlTool com.cs.base.def.type.PetDef excel load successful
10:25:43 318 ERROR [main] com.cs.tool.impl.XmlTool serialVersionUID has no @Describle annotation
10:25:43 319 ERROR [main] com.cs.tool.impl.XmlTool com.cs.base.def.type.FamilyRoleJurisDef has no method setSerialVersionUID
10:25:43 319 INFO  [main] com.cs.tool.impl.XmlTool com.cs.base.def.type.FamilyRoleJurisDef xml loadding successful
10:25:43 319 ERROR [main] com.cs.tool.impl.XmlTool serialVersionUID has no @Describle annotation
10:25:43 319 ERROR [main] com.cs.tool.impl.XmlTool serialVersionUID has no describle
10:25:43 319 INFO  [main] com.cs.tool.impl.XmlTool com.cs.base.def.type.FamilyRoleJurisDef excel load successful
10:25:43 319 ERROR [main] com.cs.tool.impl.XmlTool serialVersionUID has no @Describle annotation
10:25:43 320 ERROR [main] com.cs.tool.impl.XmlTool com.cs.base.def.type.CampDef has no method setSerialVersionUID
10:25:43 320 INFO  [main] com.cs.tool.impl.XmlTool com.cs.base.def.type.CampDef xml loadding successful
10:25:43 320 ERROR [main] com.cs.tool.impl.XmlTool serialVersionUID has no @Describle annotation
10:25:43 320 ERROR [main] com.cs.tool.impl.XmlTool serialVersionUID has no describle
10:25:43 320 INFO  [main] com.cs.tool.impl.XmlTool com.cs.base.def.type.CampDef excel load successful
10:25:43 321 ERROR [main] com.cs.tool.impl.XmlTool serialVersionUID has no @Describle annotation
10:25:43 321 ERROR [main] com.cs.tool.impl.XmlTool com.cs.base.def.type.RobotKillMonsterDef has no method setSerialVersionUID
10:25:43 321 INFO  [main] com.cs.tool.impl.XmlTool com.cs.base.def.type.RobotKillMonsterDef xml loadding successful
10:25:43 321 ERROR [main] com.cs.tool.impl.XmlTool serialVersionUID has no @Describle annotation
10:25:43 321 ERROR [main] com.cs.tool.impl.XmlTool serialVersionUID has no describle
10:25:43 322 INFO  [main] com.cs.tool.impl.XmlTool com.cs.base.def.type.RobotKillMonsterDef excel load successful
10:25:43 322 ERROR [main] com.cs.tool.impl.XmlTool serialVersionUID has no @Describle annotation
10:25:43 322 ERROR [main] com.cs.tool.impl.XmlTool com.cs.base.def.type.WorldMapItemDef has no method setSerialVersionUID
10:25:43 322 INFO  [main] com.cs.tool.impl.XmlTool com.cs.base.def.type.WorldMapItemDef xml loadding successful
10:25:43 322 ERROR [main] com.cs.tool.impl.XmlTool serialVersionUID has no @Describle annotation
10:25:43 322 ERROR [main] com.cs.tool.impl.XmlTool serialVersionUID has no describle
10:25:43 323 INFO  [main] com.cs.tool.impl.XmlTool com.cs.base.def.type.WorldMapItemDef excel load successful
10:25:43 323 ERROR [main] com.cs.tool.impl.XmlTool serialVersionUID has no @Describle annotation
10:25:43 323 ERROR [main] com.cs.tool.impl.XmlTool com.cs.base.def.type.CareerDef has no method setSerialVersionUID
10:25:43 324 INFO  [main] com.cs.tool.impl.XmlTool com.cs.base.def.type.CareerDef xml loadding successful
10:25:43 324 ERROR [main] com.cs.tool.impl.XmlTool serialVersionUID has no @Describle annotation
10:25:43 324 ERROR [main] com.cs.tool.impl.XmlTool serialVersionUID has no describle
10:25:43 325 INFO  [main] com.cs.tool.impl.XmlTool com.cs.base.def.type.CareerDef excel load successful
10:25:43 325 ERROR [main] com.cs.tool.impl.XmlTool serialVersionUID has no @Describle annotation
10:25:43 326 ERROR [main] com.cs.tool.impl.XmlTool com.cs.base.def.type.buf.WheelsBufDef has no method setSerialVersionUID
10:25:43 327 ERROR [main] com.cs.tool.impl.XmlTool serialVersionUID has no @Describle annotation
10:25:43 327 ERROR [main] com.cs.tool.impl.XmlTool com.cs.base.def.entity.BuffTriggerDef dosen't has the method setSerialVersionUID
10:25:43 327 ERROR [main] com.cs.tool.impl.XmlTool serialVersionUID has no @Describle annotation
10:25:43 327 ERROR [main] com.cs.tool.impl.XmlTool com.cs.base.def.type.buf.WheelsBufDef has no method setSerialVersionUID
10:25:43 327 INFO  [main] com.cs.tool.impl.XmlTool com.cs.base.def.type.buf.WheelsBufDef xml loadding successful
10:25:43 327 ERROR [main] com.cs.tool.impl.XmlTool serialVersionUID has no @Describle annotation
10:25:43 328 ERROR [main] com.cs.tool.impl.XmlTool serialVersionUID has no describle
10:25:43 329 ERROR [main] com.cs.tool.impl.XmlTool serialVersionUID has no @Describle annotation
10:25:43 329 ERROR [main] com.cs.tool.impl.XmlTool serialVersionUID has no describle
10:25:43 329 INFO  [main] com.cs.tool.impl.XmlTool com.cs.base.def.type.buf.WheelsBufDef excel load successful
10:25:43 329 ERROR [main] com.cs.tool.impl.XmlTool serialVersionUID has no @Describle annotation
10:25:43 331 ERROR [main] com.cs.tool.impl.XmlTool com.cs.base.def.type.effect.PunctureEffectDef has no method setSerialVersionUID
10:25:43 331 ERROR [main] com.cs.tool.impl.XmlTool serialVersionUID has no @Describle annotation
10:25:43 331 ERROR [main] com.cs.tool.impl.XmlTool com.cs.base.def.type.effect.PunctureEffectDef has no method setSerialVersionUID
10:25:43 331 INFO  [main] com.cs.tool.impl.XmlTool com.cs.base.def.type.effect.PunctureEffectDef xml loadding successful
10:25:43 332 ERROR [main] com.cs.tool.impl.XmlTool serialVersionUID has no @Describle annotation
10:25:43 332 ERROR [main] com.cs.tool.impl.XmlTool serialVersionUID has no describle
10:25:43 332 ERROR [main] com.cs.tool.impl.XmlTool serialVersionUID has no @Describle annotation
10:25:43 332 ERROR [main] com.cs.tool.impl.XmlTool serialVersionUID has no describle
10:25:43 332 INFO  [main] com.cs.tool.impl.XmlTool com.cs.base.def.type.effect.PunctureEffectDef excel load successful
10:25:43 332 ERROR [main] com.cs.tool.impl.XmlTool serialVersionUID has no @Describle annotation
10:25:43 332 ERROR [main] com.cs.tool.impl.XmlTool com.cs.base.def.type.effect.SummonEffectDef has no method setSerialVersionUID
10:25:43 333 ERROR [main] com.cs.tool.impl.XmlTool serialVersionUID has no @Describle annotation
10:25:43 333 ERROR [main] com.cs.tool.impl.XmlTool com.cs.base.def.type.effect.SummonEffectDef has no method setSerialVersionUID
10:25:43 333 INFO  [main] com.cs.tool.impl.XmlTool com.cs.base.def.type.effect.SummonEffectDef xml loadding successful
10:25:43 333 ERROR [main] com.cs.tool.impl.XmlTool serialVersionUID has no @Describle annotation
10:25:43 333 ERROR [main] com.cs.tool.impl.XmlTool serialVersionUID has no describle
10:25:43 333 ERROR [main] com.cs.tool.impl.XmlTool serialVersionUID has no @Describle annotation
10:25:43 333 ERROR [main] com.cs.tool.impl.XmlTool serialVersionUID has no describle
10:25:43 334 INFO  [main] com.cs.tool.impl.XmlTool com.cs.base.def.type.effect.SummonEffectDef excel load successful
10:25:43 334 ERROR [main] com.cs.tool.impl.XmlTool serialVersionUID has no @Describle annotation
10:25:43 334 ERROR [main] com.cs.tool.impl.XmlTool com.cs.base.def.type.effect.MagicDamageEffectDef has no method setSerialVersionUID
10:25:43 334 ERROR [main] com.cs.tool.impl.XmlTool serialVersionUID has no @Describle annotation
10:25:43 334 ERROR [main] com.cs.tool.impl.XmlTool com.cs.base.def.type.effect.MagicDamageEffectDef has no method setSerialVersionUID
10:25:43 334 INFO  [main] com.cs.tool.impl.XmlTool com.cs.base.def.type.effect.MagicDamageEffectDef xml loadding successful
10:25:43 335 ERROR [main] com.cs.tool.impl.XmlTool serialVersionUID has no @Describle annotation
10:25:43 335 ERROR [main] com.cs.tool.impl.XmlTool serialVersionUID has no describle
10:25:43 335 ERROR [main] com.cs.tool.impl.XmlTool serialVersionUID has no @Describle annotation
10:25:43 335 ERROR [main] com.cs.tool.impl.XmlTool serialVersionUID has no describle
10:25:43 335 INFO  [main] com.cs.tool.impl.XmlTool com.cs.base.def.type.effect.MagicDamageEffectDef excel load successful
10:25:43 335 ERROR [main] com.cs.tool.impl.XmlTool serialVersionUID has no @Describle annotation
10:25:43 335 ERROR [main] com.cs.tool.impl.XmlTool com.cs.base.def.type.effect.FireWallEffectDef has no method setSerialVersionUID
10:25:43 336 ERROR [main] com.cs.tool.impl.XmlTool serialVersionUID has no @Describle annotation
10:25:43 336 ERROR [main] com.cs.tool.impl.XmlTool com.cs.base.def.type.effect.FireWallEffectDef has no method setSerialVersionUID
10:25:43 336 INFO  [main] com.cs.tool.impl.XmlTool com.cs.base.def.type.effect.FireWallEffectDef xml loadding successful
10:25:43 336 ERROR [main] com.cs.tool.impl.XmlTool serialVersionUID has no @Describle annotation
10:25:43 336 ERROR [main] com.cs.tool.impl.XmlTool serialVersionUID has no describle
10:25:43 336 ERROR [main] com.cs.tool.impl.XmlTool serialVersionUID has no @Describle annotation
10:25:43 336 ERROR [main] com.cs.tool.impl.XmlTool serialVersionUID has no describle
10:25:43 336 INFO  [main] com.cs.tool.impl.XmlTool com.cs.base.def.type.effect.FireWallEffectDef excel load successful
10:25:43 337 ERROR [main] com.cs.tool.impl.XmlTool serialVersionUID has no @Describle annotation
10:25:43 337 ERROR [main] com.cs.tool.impl.XmlTool com.cs.base.def.type.effect.PhysicalDamageEffectDef has no method setSerialVersionUID
10:25:43 337 ERROR [main] com.cs.tool.impl.XmlTool serialVersionUID has no @Describle annotation
10:25:43 337 ERROR [main] com.cs.tool.impl.XmlTool com.cs.base.def.type.effect.PhysicalDamageEffectDef has no method setSerialVersionUID
10:25:43 337 INFO  [main] com.cs.tool.impl.XmlTool com.cs.base.def.type.effect.PhysicalDamageEffectDef xml loadding successful
10:25:43 337 ERROR [main] com.cs.tool.impl.XmlTool serialVersionUID has no @Describle annotation
10:25:43 337 ERROR [main] com.cs.tool.impl.XmlTool serialVersionUID has no describle
10:25:43 337 ERROR [main] com.cs.tool.impl.XmlTool serialVersionUID has no @Describle annotation
10:25:43 338 ERROR [main] com.cs.tool.impl.XmlTool serialVersionUID has no describle
10:25:43 338 INFO  [main] com.cs.tool.impl.XmlTool com.cs.base.def.type.effect.PhysicalDamageEffectDef excel load successful
10:25:43 338 ERROR [main] com.cs.tool.impl.XmlTool serialVersionUID has no @Describle annotation
10:25:43 338 ERROR [main] com.cs.tool.impl.XmlTool com.cs.base.def.type.effect.ShoveEffectDef has no method setSerialVersionUID
10:25:43 338 ERROR [main] com.cs.tool.impl.XmlTool serialVersionUID has no @Describle annotation
10:25:43 338 ERROR [main] com.cs.tool.impl.XmlTool com.cs.base.def.type.effect.ShoveEffectDef has no method setSerialVersionUID
10:25:43 338 INFO  [main] com.cs.tool.impl.XmlTool com.cs.base.def.type.effect.ShoveEffectDef xml loadding successful
10:25:43 339 ERROR [main] com.cs.tool.impl.XmlTool serialVersionUID has no @Describle annotation
10:25:43 339 ERROR [main] com.cs.tool.impl.XmlTool serialVersionUID has no describle
10:25:43 339 ERROR [main] com.cs.tool.impl.XmlTool serialVersionUID has no @Describle annotation
10:25:43 339 ERROR [main] com.cs.tool.impl.XmlTool serialVersionUID has no describle
10:25:43 339 INFO  [main] com.cs.tool.impl.XmlTool com.cs.base.def.type.effect.ShoveEffectDef excel load successful
10:25:43 339 ERROR [main] com.cs.tool.impl.XmlTool serialVersionUID has no @Describle annotation
10:25:43 339 ERROR [main] com.cs.tool.impl.XmlTool com.cs.base.def.type.effect.RandomMoveEffectDef has no method setSerialVersionUID
10:25:43 339 ERROR [main] com.cs.tool.impl.XmlTool serialVersionUID has no @Describle annotation
10:25:43 339 ERROR [main] com.cs.tool.impl.XmlTool com.cs.base.def.type.effect.RandomMoveEffectDef has no method setSerialVersionUID
10:25:43 340 INFO  [main] com.cs.tool.impl.XmlTool com.cs.base.def.type.effect.RandomMoveEffectDef xml loadding successful
10:25:43 340 ERROR [main] com.cs.tool.impl.XmlTool serialVersionUID has no @Describle annotation
10:25:43 340 ERROR [main] com.cs.tool.impl.XmlTool serialVersionUID has no describle
10:25:43 340 ERROR [main] com.cs.tool.impl.XmlTool serialVersionUID has no @Describle annotation
10:25:43 340 ERROR [main] com.cs.tool.impl.XmlTool serialVersionUID has no describle
10:25:43 340 INFO  [main] com.cs.tool.impl.XmlTool com.cs.base.def.type.effect.RandomMoveEffectDef excel load successful
10:25:43 340 ERROR [main] com.cs.tool.impl.XmlTool serialVersionUID has no @Describle annotation
10:25:43 340 ERROR [main] com.cs.tool.impl.XmlTool com.cs.base.def.type.effect.NormalPhysicalAttackDef has no method setSerialVersionUID
10:25:43 340 ERROR [main] com.cs.tool.impl.XmlTool serialVersionUID has no @Describle annotation
10:25:43 340 ERROR [main] com.cs.tool.impl.XmlTool com.cs.base.def.type.effect.NormalPhysicalAttackDef has no method setSerialVersionUID
10:25:43 341 INFO  [main] com.cs.tool.impl.XmlTool com.cs.base.def.type.effect.NormalPhysicalAttackDef xml loadding successful
10:25:43 341 ERROR [main] com.cs.tool.impl.XmlTool serialVersionUID has no @Describle annotation
10:25:43 341 ERROR [main] com.cs.tool.impl.XmlTool serialVersionUID has no describle
10:25:43 341 ERROR [main] com.cs.tool.impl.XmlTool serialVersionUID has no @Describle annotation
10:25:43 341 ERROR [main] com.cs.tool.impl.XmlTool serialVersionUID has no describle
10:25:43 341 INFO  [main] com.cs.tool.impl.XmlTool com.cs.base.def.type.effect.NormalPhysicalAttackDef excel load successful
10:25:43 342 ERROR [main] com.cs.tool.impl.XmlTool serialVersionUID has no @Describle annotation
10:25:43 342 ERROR [main] com.cs.tool.impl.XmlTool com.cs.base.def.type.effect.ShoulderDashEffectDef has no method setSerialVersionUID
10:25:43 342 ERROR [main] com.cs.tool.impl.XmlTool serialVersionUID has no @Describle annotation
10:25:43 342 ERROR [main] com.cs.tool.impl.XmlTool com.cs.base.def.type.effect.ShoulderDashEffectDef has no method setSerialVersionUID
10:25:43 342 INFO  [main] com.cs.tool.impl.XmlTool com.cs.base.def.type.effect.ShoulderDashEffectDef xml loadding successful
10:25:43 342 ERROR [main] com.cs.tool.impl.XmlTool serialVersionUID has no @Describle annotation
10:25:43 342 ERROR [main] com.cs.tool.impl.XmlTool serialVersionUID has no describle
10:25:43 342 ERROR [main] com.cs.tool.impl.XmlTool serialVersionUID has no @Describle annotation
10:25:43 343 ERROR [main] com.cs.tool.impl.XmlTool serialVersionUID has no describle
10:25:43 343 INFO  [main] com.cs.tool.impl.XmlTool com.cs.base.def.type.effect.ShoulderDashEffectDef excel load successful
10:25:43 343 ERROR [main] com.cs.tool.impl.XmlTool serialVersionUID has no @Describle annotation
10:25:43 343 ERROR [main] com.cs.tool.impl.XmlTool com.cs.base.def.type.effect.CureHpEffectDef has no method setSerialVersionUID
10:25:43 343 ERROR [main] com.cs.tool.impl.XmlTool serialVersionUID has no @Describle annotation
10:25:43 343 ERROR [main] com.cs.tool.impl.XmlTool com.cs.base.def.type.effect.CureHpEffectDef has no method setSerialVersionUID
10:25:43 344 INFO  [main] com.cs.tool.impl.XmlTool com.cs.base.def.type.effect.CureHpEffectDef xml loadding successful
10:25:43 344 ERROR [main] com.cs.tool.impl.XmlTool serialVersionUID has no @Describle annotation
10:25:43 344 ERROR [main] com.cs.tool.impl.XmlTool serialVersionUID has no describle
10:25:43 344 ERROR [main] com.cs.tool.impl.XmlTool serialVersionUID has no @Describle annotation
10:25:43 344 ERROR [main] com.cs.tool.impl.XmlTool serialVersionUID has no describle
10:25:43 344 INFO  [main] com.cs.tool.impl.XmlTool com.cs.base.def.type.effect.CureHpEffectDef excel load successful
10:25:43 344 ERROR [main] com.cs.tool.impl.XmlTool serialVersionUID has no @Describle annotation
10:25:43 344 ERROR [main] com.cs.tool.impl.XmlTool com.cs.base.def.type.effect.CatchEffectDef has no method setSerialVersionUID
10:25:43 345 ERROR [main] com.cs.tool.impl.XmlTool serialVersionUID has no @Describle annotation
10:25:43 345 ERROR [main] com.cs.tool.impl.XmlTool com.cs.base.def.type.effect.CatchEffectDef has no method setSerialVersionUID
10:25:43 345 INFO  [main] com.cs.tool.impl.XmlTool com.cs.base.def.type.effect.CatchEffectDef xml loadding successful
10:25:43 345 ERROR [main] com.cs.tool.impl.XmlTool serialVersionUID has no @Describle annotation
10:25:43 345 ERROR [main] com.cs.tool.impl.XmlTool serialVersionUID has no describle
10:25:43 345 ERROR [main] com.cs.tool.impl.XmlTool serialVersionUID has no @Describle annotation
10:25:43 345 ERROR [main] com.cs.tool.impl.XmlTool serialVersionUID has no describle
10:25:43 345 INFO  [main] com.cs.tool.impl.XmlTool com.cs.base.def.type.effect.CatchEffectDef excel load successful
10:25:43 346 ERROR [main] com.cs.tool.impl.XmlTool serialVersionUID has no @Describle annotation
10:25:43 346 ERROR [main] com.cs.tool.impl.XmlTool com.cs.base.def.type.function.ShopNpcFunctionDef has no method setSerialVersionUID
10:25:43 346 ERROR [main] com.cs.tool.impl.XmlTool serialVersionUID has no @Describle annotation
10:25:43 346 ERROR [main] com.cs.tool.impl.XmlTool com.cs.base.def.type.function.ShopNpcFunctionDef has no method setSerialVersionUID
10:25:43 346 INFO  [main] com.cs.tool.impl.XmlTool com.cs.base.def.type.function.ShopNpcFunctionDef xml loadding successful
10:25:43 346 ERROR [main] com.cs.tool.impl.XmlTool serialVersionUID has no @Describle annotation
10:25:43 346 ERROR [main] com.cs.tool.impl.XmlTool serialVersionUID has no describle
10:25:43 346 ERROR [main] com.cs.tool.impl.XmlTool serialVersionUID has no @Describle annotation
10:25:43 347 ERROR [main] com.cs.tool.impl.XmlTool serialVersionUID has no describle
10:25:43 347 INFO  [main] com.cs.tool.impl.XmlTool com.cs.base.def.type.function.ShopNpcFunctionDef excel load successful
10:25:43 347 ERROR [main] com.cs.tool.impl.XmlTool serialVersionUID has no @Describle annotation
10:25:43 347 ERROR [main] com.cs.tool.impl.XmlTool com.cs.base.def.type.function.TaskNpcFunctionDef has no method setSerialVersionUID
10:25:43 347 ERROR [main] com.cs.tool.impl.XmlTool serialVersionUID has no @Describle annotation
10:25:43 347 ERROR [main] com.cs.tool.impl.XmlTool com.cs.base.def.type.function.TaskNpcFunctionDef has no method setSerialVersionUID
10:25:43 347 INFO  [main] com.cs.tool.impl.XmlTool com.cs.base.def.type.function.TaskNpcFunctionDef xml loadding successful
10:25:43 347 ERROR [main] com.cs.tool.impl.XmlTool serialVersionUID has no @Describle annotation
10:25:43 347 ERROR [main] com.cs.tool.impl.XmlTool serialVersionUID has no describle
10:25:43 348 ERROR [main] com.cs.tool.impl.XmlTool serialVersionUID has no @Describle annotation
10:25:43 348 ERROR [main] com.cs.tool.impl.XmlTool serialVersionUID has no describle
10:25:43 348 INFO  [main] com.cs.tool.impl.XmlTool com.cs.base.def.type.function.TaskNpcFunctionDef excel load successful
10:25:43 348 ERROR [main] com.cs.tool.impl.XmlTool serialVersionUID has no @Describle annotation
10:25:43 348 ERROR [main] com.cs.tool.impl.XmlTool com.cs.base.def.type.function.TranslateNpcFunctionDef has no method setSerialVersionUID
10:25:43 348 ERROR [main] com.cs.tool.impl.XmlTool serialVersionUID has no @Describle annotation
10:25:43 348 ERROR [main] com.cs.tool.impl.XmlTool com.cs.base.def.type.function.TranslateNpcFunctionDef has no method setSerialVersionUID
10:25:43 349 INFO  [main] com.cs.tool.impl.XmlTool com.cs.base.def.type.function.TranslateNpcFunctionDef xml loadding successful
10:25:43 349 ERROR [main] com.cs.tool.impl.XmlTool serialVersionUID has no @Describle annotation
10:25:43 349 ERROR [main] com.cs.tool.impl.XmlTool serialVersionUID has no describle
10:25:43 349 ERROR [main] com.cs.tool.impl.XmlTool serialVersionUID has no @Describle annotation
10:25:43 349 ERROR [main] com.cs.tool.impl.XmlTool serialVersionUID has no describle
10:25:43 349 INFO  [main] com.cs.tool.impl.XmlTool com.cs.base.def.type.function.TranslateNpcFunctionDef excel load successful
10:25:43 350 ERROR [main] com.cs.tool.impl.XmlTool serialVersionUID has no @Describle annotation
10:25:43 350 ERROR [main] com.cs.tool.impl.XmlTool com.cs.base.def.type.function.WorldMapFunctionDef has no method setSerialVersionUID
10:25:43 350 ERROR [main] com.cs.tool.impl.XmlTool serialVersionUID has no @Describle annotation
10:25:43 350 ERROR [main] com.cs.tool.impl.XmlTool com.cs.base.def.type.function.WorldMapFunctionDef has no method setSerialVersionUID
10:25:43 350 INFO  [main] com.cs.tool.impl.XmlTool com.cs.base.def.type.function.WorldMapFunctionDef xml loadding successful
10:25:43 350 ERROR [main] com.cs.tool.impl.XmlTool serialVersionUID has no @Describle annotation
10:25:43 350 ERROR [main] com.cs.tool.impl.XmlTool serialVersionUID has no describle
10:25:43 350 ERROR [main] com.cs.tool.impl.XmlTool serialVersionUID has no @Describle annotation
10:25:43 350 ERROR [main] com.cs.tool.impl.XmlTool serialVersionUID has no describle
10:25:43 350 INFO  [main] com.cs.tool.impl.XmlTool com.cs.base.def.type.function.WorldMapFunctionDef excel load successful
10:25:43 351 ERROR [main] com.cs.tool.impl.XmlTool serialVersionUID has no @Describle annotation
10:25:43 351 ERROR [main] com.cs.tool.impl.XmlTool com.cs.base.def.type.item.SkillBookDef has no method setSerialVersionUID
10:25:43 352 ERROR [main] com.cs.tool.impl.XmlTool serialVersionUID has no @Describle annotation
10:25:43 352 ERROR [main] com.cs.tool.impl.XmlTool com.cs.base.def.type.item.SkillBookDef has no method setSerialVersionUID
10:25:43 352 INFO  [main] com.cs.tool.impl.XmlTool com.cs.base.def.type.item.SkillBookDef xml loadding successful
10:25:43 352 ERROR [main] com.cs.tool.impl.XmlTool serialVersionUID has no @Describle annotation
10:25:43 352 ERROR [main] com.cs.tool.impl.XmlTool serialVersionUID has no describle
10:25:43 353 ERROR [main] com.cs.tool.impl.XmlTool serialVersionUID has no @Describle annotation
10:25:43 353 ERROR [main] com.cs.tool.impl.XmlTool serialVersionUID has no describle
10:25:43 354 INFO  [main] com.cs.tool.impl.XmlTool com.cs.base.def.type.item.SkillBookDef excel load successful
10:25:43 354 ERROR [main] com.cs.tool.impl.XmlTool serialVersionUID has no @Describle annotation
10:25:43 354 ERROR [main] com.cs.tool.impl.XmlTool com.cs.base.def.type.item.GemDef has no method setSerialVersionUID
10:25:43 355 ERROR [main] com.cs.tool.impl.XmlTool serialVersionUID has no @Describle annotation
10:25:43 355 ERROR [main] com.cs.tool.impl.XmlTool com.cs.base.def.type.item.GemDef has no method setSerialVersionUID
10:25:43 355 INFO  [main] com.cs.tool.impl.XmlTool com.cs.base.def.type.item.GemDef xml loadding successful
10:25:43 355 ERROR [main] com.cs.tool.impl.XmlTool serialVersionUID has no @Describle annotation
10:25:43 355 ERROR [main] com.cs.tool.impl.XmlTool serialVersionUID has no describle
10:25:43 356 ERROR [main] com.cs.tool.impl.XmlTool serialVersionUID has no @Describle annotation
10:25:43 356 ERROR [main] com.cs.tool.impl.XmlTool serialVersionUID has no describle
10:25:43 357 INFO  [main] com.cs.tool.impl.XmlTool com.cs.base.def.type.item.GemDef excel load successful
10:25:43 357 ERROR [main] com.cs.tool.impl.XmlTool serialVersionUID has no @Describle annotation
10:25:43 357 ERROR [main] com.cs.tool.impl.XmlTool com.cs.base.def.type.item.EquipDef has no method setSerialVersionUID
10:25:43 358 ERROR [main] com.cs.tool.impl.XmlTool serialVersionUID has no @Describle annotation
10:25:43 358 ERROR [main] com.cs.tool.impl.XmlTool com.cs.base.def.type.item.EquipDef has no method setSerialVersionUID
10:25:43 359 INFO  [main] com.cs.tool.impl.XmlTool com.cs.base.def.type.item.EquipDef xml loadding successful
10:25:43 359 ERROR [main] com.cs.tool.impl.XmlTool serialVersionUID has no @Describle annotation
10:25:43 359 ERROR [main] com.cs.tool.impl.XmlTool serialVersionUID has no describle
10:25:43 360 ERROR [main] com.cs.tool.impl.XmlTool serialVersionUID has no @Describle annotation
10:25:43 360 ERROR [main] com.cs.tool.impl.XmlTool serialVersionUID has no describle
10:25:43 361 INFO  [main] com.cs.tool.impl.XmlTool com.cs.base.def.type.item.EquipDef excel load successful
10:25:43 361 ERROR [main] com.cs.tool.impl.XmlTool serialVersionUID has no @Describle annotation
10:25:43 362 ERROR [main] com.cs.tool.impl.XmlTool com.cs.base.def.type.item.IncreateItemDef has no method setSerialVersionUID
10:25:43 362 ERROR [main] com.cs.tool.impl.XmlTool serialVersionUID has no @Describle annotation
10:25:43 362 ERROR [main] com.cs.tool.impl.XmlTool com.cs.base.def.type.item.IncreateItemDef has no method setSerialVersionUID
10:25:43 363 INFO  [main] com.cs.tool.impl.XmlTool com.cs.base.def.type.item.IncreateItemDef xml loadding successful
10:25:43 363 ERROR [main] com.cs.tool.impl.XmlTool serialVersionUID has no @Describle annotation
10:25:43 363 ERROR [main] com.cs.tool.impl.XmlTool serialVersionUID has no describle
10:25:43 364 ERROR [main] com.cs.tool.impl.XmlTool serialVersionUID has no @Describle annotation
10:25:43 364 ERROR [main] com.cs.tool.impl.XmlTool serialVersionUID has no describle
10:25:43 364 INFO  [main] com.cs.tool.impl.XmlTool com.cs.base.def.type.item.IncreateItemDef excel load successful
10:25:43 364 ERROR [main] com.cs.tool.impl.XmlTool serialVersionUID has no @Describle annotation
10:25:43 364 ERROR [main] com.cs.tool.impl.XmlTool com.cs.base.def.type.item.ScrollItemDef has no method setSerialVersionUID
10:25:43 365 ERROR [main] com.cs.tool.impl.XmlTool serialVersionUID has no @Describle annotation
10:25:43 365 ERROR [main] com.cs.tool.impl.XmlTool com.cs.base.def.type.item.ScrollItemDef has no method setSerialVersionUID
10:25:43 365 INFO  [main] com.cs.tool.impl.XmlTool com.cs.base.def.type.item.ScrollItemDef xml loadding successful
10:25:43 365 ERROR [main] com.cs.tool.impl.XmlTool serialVersionUID has no @Describle annotation
10:25:43 365 ERROR [main] com.cs.tool.impl.XmlTool serialVersionUID has no describle
10:25:43 366 ERROR [main] com.cs.tool.impl.XmlTool serialVersionUID has no @Describle annotation
10:25:43 366 ERROR [main] com.cs.tool.impl.XmlTool serialVersionUID has no describle
10:25:43 366 INFO  [main] com.cs.tool.impl.XmlTool com.cs.base.def.type.item.ScrollItemDef excel load successful
10:25:43 367 ERROR [main] com.cs.tool.impl.XmlTool serialVersionUID has no @Describle annotation
10:25:43 367 ERROR [main] com.cs.tool.impl.XmlTool com.cs.base.def.type.item.ResourcesItemDef has no method setSerialVersionUID
10:25:43 368 ERROR [main] com.cs.tool.impl.XmlTool serialVersionUID has no @Describle annotation
10:25:43 368 ERROR [main] com.cs.tool.impl.XmlTool com.cs.base.def.type.item.ResourcesItemDef has no method setSerialVersionUID
10:25:43 368 INFO  [main] com.cs.tool.impl.XmlTool com.cs.base.def.type.item.ResourcesItemDef xml loadding successful
10:25:43 368 ERROR [main] com.cs.tool.impl.XmlTool serialVersionUID has no @Describle annotation
10:25:43 368 ERROR [main] com.cs.tool.impl.XmlTool serialVersionUID has no describle
10:25:43 369 ERROR [main] com.cs.tool.impl.XmlTool serialVersionUID has no @Describle annotation
10:25:43 369 ERROR [main] com.cs.tool.impl.XmlTool serialVersionUID has no describle
10:25:43 369 INFO  [main] com.cs.tool.impl.XmlTool com.cs.base.def.type.item.ResourcesItemDef excel load successful
10:25:43 369 ERROR [main] com.cs.tool.impl.XmlTool serialVersionUID has no @Describle annotation
10:25:43 370 ERROR [main] com.cs.tool.impl.XmlTool com.cs.base.def.type.item.NomalItemDef has no method setSerialVersionUID
10:25:43 371 ERROR [main] com.cs.tool.impl.XmlTool serialVersionUID has no @Describle annotation
10:25:43 371 ERROR [main] com.cs.tool.impl.XmlTool com.cs.base.def.type.item.NomalItemDef has no method setSerialVersionUID
10:25:43 371 INFO  [main] com.cs.tool.impl.XmlTool com.cs.base.def.type.item.NomalItemDef xml loadding successful
10:25:43 371 ERROR [main] com.cs.tool.impl.XmlTool serialVersionUID has no @Describle annotation
10:25:43 371 ERROR [main] com.cs.tool.impl.XmlTool serialVersionUID has no describle
10:25:43 372 ERROR [main] com.cs.tool.impl.XmlTool serialVersionUID has no @Describle annotation
10:25:43 372 ERROR [main] com.cs.tool.impl.XmlTool serialVersionUID has no describle
10:25:43 372 INFO  [main] com.cs.tool.impl.XmlTool com.cs.base.def.type.item.NomalItemDef excel load successful
10:25:43 372 ERROR [main] com.cs.tool.impl.XmlTool serialVersionUID has no @Describle annotation
10:25:43 372 ERROR [main] com.cs.tool.impl.XmlTool com.cs.base.def.type.item.GoldItemDef has no method setSerialVersionUID
10:25:43 373 ERROR [main] com.cs.tool.impl.XmlTool serialVersionUID has no @Describle annotation
10:25:43 373 ERROR [main] com.cs.tool.impl.XmlTool com.cs.base.def.type.item.GoldItemDef has no method setSerialVersionUID
10:25:43 373 INFO  [main] com.cs.tool.impl.XmlTool com.cs.base.def.type.item.GoldItemDef xml loadding successful
10:25:43 373 ERROR [main] com.cs.tool.impl.XmlTool serialVersionUID has no @Describle annotation
10:25:43 373 ERROR [main] com.cs.tool.impl.XmlTool serialVersionUID has no describle
10:25:43 374 ERROR [main] com.cs.tool.impl.XmlTool serialVersionUID has no @Describle annotation
10:25:43 374 ERROR [main] com.cs.tool.impl.XmlTool serialVersionUID has no describle
10:25:43 374 INFO  [main] com.cs.tool.impl.XmlTool com.cs.base.def.type.item.GoldItemDef excel load successful
10:25:43 374 ERROR [main] com.cs.tool.impl.XmlTool serialVersionUID has no @Describle annotation
10:25:43 374 ERROR [main] com.cs.tool.impl.XmlTool com.cs.base.def.type.item.ExpConsumeItemDef has no method setSerialVersionUID
10:25:43 375 ERROR [main] com.cs.tool.impl.XmlTool serialVersionUID has no @Describle annotation
10:25:43 375 ERROR [main] com.cs.tool.impl.XmlTool com.cs.base.def.type.item.ExpConsumeItemDef has no method setSerialVersionUID
10:25:43 376 INFO  [main] com.cs.tool.impl.XmlTool com.cs.base.def.type.item.ExpConsumeItemDef xml loadding successful
10:25:43 376 ERROR [main] com.cs.tool.impl.XmlTool serialVersionUID has no @Describle annotation
10:25:43 376 ERROR [main] com.cs.tool.impl.XmlTool serialVersionUID has no describle
10:25:43 377 ERROR [main] com.cs.tool.impl.XmlTool serialVersionUID has no @Describle annotation
10:25:43 377 ERROR [main] com.cs.tool.impl.XmlTool serialVersionUID has no describle
10:25:43 377 INFO  [main] com.cs.tool.impl.XmlTool com.cs.base.def.type.item.ExpConsumeItemDef excel load successful
10:25:43 377 ERROR [main] com.cs.tool.impl.XmlTool serialVersionUID has no @Describle annotation
10:25:43 377 ERROR [main] com.cs.tool.impl.XmlTool com.cs.base.def.type.item.ExpSwordItemDef has no method setSerialVersionUID
10:25:43 378 ERROR [main] com.cs.tool.impl.XmlTool serialVersionUID has no @Describle annotation
10:25:43 378 ERROR [main] com.cs.tool.impl.XmlTool com.cs.base.def.type.item.ExpSwordItemDef has no method setSerialVersionUID
10:25:43 378 INFO  [main] com.cs.tool.impl.XmlTool com.cs.base.def.type.item.ExpSwordItemDef xml loadding successful
10:25:43 378 ERROR [main] com.cs.tool.impl.XmlTool serialVersionUID has no @Describle annotation
10:25:43 379 ERROR [main] com.cs.tool.impl.XmlTool serialVersionUID has no describle
10:25:43 379 ERROR [main] com.cs.tool.impl.XmlTool serialVersionUID has no @Describle annotation
10:25:43 379 ERROR [main] com.cs.tool.impl.XmlTool serialVersionUID has no describle
10:25:43 380 INFO  [main] com.cs.tool.impl.XmlTool com.cs.base.def.type.item.ExpSwordItemDef excel load successful
10:25:43 380 ERROR [main] com.cs.tool.impl.XmlTool serialVersionUID has no @Describle annotation
10:25:43 380 ERROR [main] com.cs.tool.impl.XmlTool com.cs.base.def.type.item.BlessConsumeItemDef has no method setSerialVersionUID
10:25:43 381 ERROR [main] com.cs.tool.impl.XmlTool serialVersionUID has no @Describle annotation
10:25:43 381 ERROR [main] com.cs.tool.impl.XmlTool com.cs.base.def.type.item.BlessConsumeItemDef has no method setSerialVersionUID
10:25:43 381 INFO  [main] com.cs.tool.impl.XmlTool com.cs.base.def.type.item.BlessConsumeItemDef xml loadding successful
10:25:43 381 ERROR [main] com.cs.tool.impl.XmlTool serialVersionUID has no @Describle annotation
10:25:43 381 ERROR [main] com.cs.tool.impl.XmlTool serialVersionUID has no describle
10:25:43 382 ERROR [main] com.cs.tool.impl.XmlTool serialVersionUID has no @Describle annotation
10:25:43 382 ERROR [main] com.cs.tool.impl.XmlTool serialVersionUID has no describle
10:25:43 382 INFO  [main] com.cs.tool.impl.XmlTool com.cs.base.def.type.item.BlessConsumeItemDef excel load successful
10:25:43 383 ERROR [main] com.cs.tool.impl.XmlTool serialVersionUID has no @Describle annotation
10:25:43 383 ERROR [main] com.cs.tool.impl.XmlTool com.cs.base.def.type.item.CurrencyItemDef has no method setSerialVersionUID
10:25:43 384 ERROR [main] com.cs.tool.impl.XmlTool serialVersionUID has no @Describle annotation
10:25:43 384 ERROR [main] com.cs.tool.impl.XmlTool com.cs.base.def.type.item.CurrencyItemDef has no method setSerialVersionUID
10:25:43 384 INFO  [main] com.cs.tool.impl.XmlTool com.cs.base.def.type.item.CurrencyItemDef xml loadding successful
10:25:43 384 ERROR [main] com.cs.tool.impl.XmlTool serialVersionUID has no @Describle annotation
10:25:43 384 ERROR [main] com.cs.tool.impl.XmlTool serialVersionUID has no describle
10:25:43 385 ERROR [main] com.cs.tool.impl.XmlTool serialVersionUID has no @Describle annotation
10:25:43 385 ERROR [main] com.cs.tool.impl.XmlTool serialVersionUID has no describle
10:25:43 385 INFO  [main] com.cs.tool.impl.XmlTool com.cs.base.def.type.item.CurrencyItemDef excel load successful
10:25:43 385 ERROR [main] com.cs.tool.impl.XmlTool serialVersionUID has no @Describle annotation
10:25:43 386 ERROR [main] com.cs.tool.impl.XmlTool com.cs.base.def.type.item.PotionItemDef has no method setSerialVersionUID
10:25:43 386 ERROR [main] com.cs.tool.impl.XmlTool serialVersionUID has no @Describle annotation
10:25:43 387 ERROR [main] com.cs.tool.impl.XmlTool com.cs.base.def.type.item.PotionItemDef has no method setSerialVersionUID
10:25:43 387 INFO  [main] com.cs.tool.impl.XmlTool com.cs.base.def.type.item.PotionItemDef xml loadding successful
10:25:43 387 ERROR [main] com.cs.tool.impl.XmlTool serialVersionUID has no @Describle annotation
10:25:43 387 ERROR [main] com.cs.tool.impl.XmlTool serialVersionUID has no describle
10:25:43 388 ERROR [main] com.cs.tool.impl.XmlTool serialVersionUID has no @Describle annotation
10:25:43 388 ERROR [main] com.cs.tool.impl.XmlTool serialVersionUID has no describle
10:25:43 388 INFO  [main] com.cs.tool.impl.XmlTool com.cs.base.def.type.item.PotionItemDef excel load successful
10:25:43 388 ERROR [main] com.cs.tool.impl.XmlTool serialVersionUID has no @Describle annotation
10:25:43 389 ERROR [main] com.cs.tool.impl.XmlTool com.cs.base.def.type.item.TaskItemDef has no method setSerialVersionUID
10:25:43 389 ERROR [main] com.cs.tool.impl.XmlTool serialVersionUID has no @Describle annotation
10:25:43 390 ERROR [main] com.cs.tool.impl.XmlTool com.cs.base.def.type.item.TaskItemDef has no method setSerialVersionUID
10:25:43 390 INFO  [main] com.cs.tool.impl.XmlTool com.cs.base.def.type.item.TaskItemDef xml loadding successful
10:25:43 390 ERROR [main] com.cs.tool.impl.XmlTool serialVersionUID has no @Describle annotation
10:25:43 390 ERROR [main] com.cs.tool.impl.XmlTool serialVersionUID has no describle
10:25:43 391 ERROR [main] com.cs.tool.impl.XmlTool serialVersionUID has no @Describle annotation
10:25:43 391 ERROR [main] com.cs.tool.impl.XmlTool serialVersionUID has no describle
10:25:43 391 INFO  [main] com.cs.tool.impl.XmlTool com.cs.base.def.type.item.TaskItemDef excel load successful
10:25:43 391 ERROR [main] com.cs.tool.impl.XmlTool serialVersionUID has no @Describle annotation
10:25:43 391 ERROR [main] com.cs.tool.impl.XmlTool com.cs.base.def.type.item.ChestDef has no method setSerialVersionUID
10:25:43 392 ERROR [main] com.cs.tool.impl.XmlTool serialVersionUID has no @Describle annotation
10:25:43 392 ERROR [main] com.cs.tool.impl.XmlTool com.cs.base.def.type.item.ChestDef has no method setSerialVersionUID
10:25:43 393 INFO  [main] com.cs.tool.impl.XmlTool com.cs.base.def.type.item.ChestDef xml loadding successful
10:25:43 393 ERROR [main] com.cs.tool.impl.XmlTool serialVersionUID has no @Describle annotation
10:25:43 393 ERROR [main] com.cs.tool.impl.XmlTool serialVersionUID has no describle
10:25:43 394 ERROR [main] com.cs.tool.impl.XmlTool serialVersionUID has no @Describle annotation
10:25:43 394 ERROR [main] com.cs.tool.impl.XmlTool serialVersionUID has no describle
10:25:43 394 INFO  [main] com.cs.tool.impl.XmlTool com.cs.base.def.type.item.ChestDef excel load successful
10:25:43 394 ERROR [main] com.cs.tool.impl.XmlTool serialVersionUID has no @Describle annotation
10:25:43 395 ERROR [main] com.cs.tool.impl.XmlTool com.cs.base.def.type.mission.ItemGivenMissionDef has no method setSerialVersionUID
10:25:43 395 ERROR [main] com.cs.tool.impl.XmlTool serialVersionUID has no @Describle annotation
10:25:43 395 ERROR [main] com.cs.tool.impl.XmlTool com.cs.base.def.type.mission.ItemGivenMissionDef has no method setSerialVersionUID
10:25:43 395 INFO  [main] com.cs.tool.impl.XmlTool com.cs.base.def.type.mission.ItemGivenMissionDef xml loadding successful
10:25:43 395 ERROR [main] com.cs.tool.impl.XmlTool serialVersionUID has no @Describle annotation
10:25:43 395 ERROR [main] com.cs.tool.impl.XmlTool serialVersionUID has no describle
10:25:43 396 ERROR [main] com.cs.tool.impl.XmlTool serialVersionUID has no @Describle annotation
10:25:43 396 ERROR [main] com.cs.tool.impl.XmlTool serialVersionUID has no describle
10:25:43 396 INFO  [main] com.cs.tool.impl.XmlTool com.cs.base.def.type.mission.ItemGivenMissionDef excel load successful
10:25:43 396 ERROR [main] com.cs.tool.impl.XmlTool serialVersionUID has no @Describle annotation
10:25:43 396 ERROR [main] com.cs.tool.impl.XmlTool com.cs.base.def.type.mission.HuntMonsterMissionDef has no method setSerialVersionUID
10:25:43 396 ERROR [main] com.cs.tool.impl.XmlTool serialVersionUID has no @Describle annotation
10:25:43 397 ERROR [main] com.cs.tool.impl.XmlTool com.cs.base.def.type.mission.HuntMonsterMissionDef has no method setSerialVersionUID
10:25:43 397 INFO  [main] com.cs.tool.impl.XmlTool com.cs.base.def.type.mission.HuntMonsterMissionDef xml loadding successful
10:25:43 397 ERROR [main] com.cs.tool.impl.XmlTool serialVersionUID has no @Describle annotation
10:25:43 397 ERROR [main] com.cs.tool.impl.XmlTool serialVersionUID has no describle
10:25:43 397 ERROR [main] com.cs.tool.impl.XmlTool serialVersionUID has no @Describle annotation
10:25:43 397 ERROR [main] com.cs.tool.impl.XmlTool serialVersionUID has no describle
10:25:43 397 INFO  [main] com.cs.tool.impl.XmlTool com.cs.base.def.type.mission.HuntMonsterMissionDef excel load successful
10:25:43 398 ERROR [main] com.cs.tool.impl.XmlTool serialVersionUID has no @Describle annotation
10:25:43 398 ERROR [main] com.cs.tool.impl.XmlTool com.cs.base.def.type.mission.EnterZoneMissionDef has no method setSerialVersionUID
10:25:43 398 ERROR [main] com.cs.tool.impl.XmlTool serialVersionUID has no @Describle annotation
10:25:43 398 ERROR [main] com.cs.tool.impl.XmlTool com.cs.base.def.type.mission.EnterZoneMissionDef has no method setSerialVersionUID
10:25:43 399 INFO  [main] com.cs.tool.impl.XmlTool com.cs.base.def.type.mission.EnterZoneMissionDef xml loadding successful
10:25:43 399 ERROR [main] com.cs.tool.impl.XmlTool serialVersionUID has no @Describle annotation
10:25:43 399 ERROR [main] com.cs.tool.impl.XmlTool serialVersionUID has no describle
10:25:43 399 ERROR [main] com.cs.tool.impl.XmlTool serialVersionUID has no @Describle annotation
10:25:43 399 ERROR [main] com.cs.tool.impl.XmlTool serialVersionUID has no describle
10:25:43 399 INFO  [main] com.cs.tool.impl.XmlTool com.cs.base.def.type.mission.EnterZoneMissionDef excel load successful
10:25:43 399 ERROR [main] com.cs.tool.impl.XmlTool serialVersionUID has no @Describle annotation
10:25:43 400 ERROR [main] com.cs.tool.impl.XmlTool com.cs.base.def.type.mission.CollectMissionDef has no method setSerialVersionUID
10:25:43 400 ERROR [main] com.cs.tool.impl.XmlTool serialVersionUID has no @Describle annotation
10:25:43 400 ERROR [main] com.cs.tool.impl.XmlTool com.cs.base.def.type.mission.CollectMissionDef has no method setSerialVersionUID
10:25:43 400 INFO  [main] com.cs.tool.impl.XmlTool com.cs.base.def.type.mission.CollectMissionDef xml loadding successful
10:25:43 400 ERROR [main] com.cs.tool.impl.XmlTool serialVersionUID has no @Describle annotation
10:25:43 400 ERROR [main] com.cs.tool.impl.XmlTool serialVersionUID has no describle
10:25:43 400 ERROR [main] com.cs.tool.impl.XmlTool serialVersionUID has no @Describle annotation
10:25:43 401 ERROR [main] com.cs.tool.impl.XmlTool serialVersionUID has no describle
10:25:43 401 INFO  [main] com.cs.tool.impl.XmlTool com.cs.base.def.type.mission.CollectMissionDef excel load successful
10:25:43 401 ERROR [main] com.cs.tool.impl.XmlTool serialVersionUID has no @Describle annotation
10:25:43 401 ERROR [main] com.cs.tool.impl.XmlTool com.cs.base.def.type.mission.LevelUpMissionDef has no method setSerialVersionUID
10:25:43 401 ERROR [main] com.cs.tool.impl.XmlTool serialVersionUID has no @Describle annotation
10:25:43 401 ERROR [main] com.cs.tool.impl.XmlTool com.cs.base.def.type.mission.LevelUpMissionDef has no method setSerialVersionUID
10:25:43 402 INFO  [main] com.cs.tool.impl.XmlTool com.cs.base.def.type.mission.LevelUpMissionDef xml loadding successful
10:25:43 402 ERROR [main] com.cs.tool.impl.XmlTool serialVersionUID has no @Describle annotation
10:25:43 402 ERROR [main] com.cs.tool.impl.XmlTool serialVersionUID has no describle
10:25:43 402 ERROR [main] com.cs.tool.impl.XmlTool serialVersionUID has no @Describle annotation
10:25:43 402 ERROR [main] com.cs.tool.impl.XmlTool serialVersionUID has no describle
10:25:43 402 INFO  [main] com.cs.tool.impl.XmlTool com.cs.base.def.type.mission.LevelUpMissionDef excel load successful
10:25:43 402 ERROR [main] com.cs.tool.impl.XmlTool serialVersionUID has no @Describle annotation
10:25:43 402 ERROR [main] com.cs.tool.impl.XmlTool com.cs.base.def.type.mission.ItemUseMissionDef has no method setSerialVersionUID
10:25:43 403 ERROR [main] com.cs.tool.impl.XmlTool serialVersionUID has no @Describle annotation
10:25:43 403 ERROR [main] com.cs.tool.impl.XmlTool com.cs.base.def.type.mission.ItemUseMissionDef has no method setSerialVersionUID
10:25:43 403 INFO  [main] com.cs.tool.impl.XmlTool com.cs.base.def.type.mission.ItemUseMissionDef xml loadding successful
10:25:43 403 ERROR [main] com.cs.tool.impl.XmlTool serialVersionUID has no @Describle annotation
10:25:43 403 ERROR [main] com.cs.tool.impl.XmlTool serialVersionUID has no describle
10:25:43 403 ERROR [main] com.cs.tool.impl.XmlTool serialVersionUID has no @Describle annotation
10:25:43 403 ERROR [main] com.cs.tool.impl.XmlTool serialVersionUID has no describle
10:25:43 403 INFO  [main] com.cs.tool.impl.XmlTool com.cs.base.def.type.mission.ItemUseMissionDef excel load successful
10:25:43 404 ERROR [main] com.cs.tool.impl.XmlTool serialVersionUID has no @Describle annotation
10:25:43 404 ERROR [main] com.cs.tool.impl.XmlTool com.cs.base.def.type.mission.TalkMissionDef has no method setSerialVersionUID
10:25:43 404 ERROR [main] com.cs.tool.impl.XmlTool serialVersionUID has no @Describle annotation
10:25:43 404 ERROR [main] com.cs.tool.impl.XmlTool com.cs.base.def.type.mission.TalkMissionDef has no method setSerialVersionUID
10:25:43 404 INFO  [main] com.cs.tool.impl.XmlTool com.cs.base.def.type.mission.TalkMissionDef xml loadding successful
10:25:43 404 ERROR [main] com.cs.tool.impl.XmlTool serialVersionUID has no @Describle annotation
10:25:43 404 ERROR [main] com.cs.tool.impl.XmlTool serialVersionUID has no describle
10:25:43 404 ERROR [main] com.cs.tool.impl.XmlTool serialVersionUID has no @Describle annotation
10:25:43 405 ERROR [main] com.cs.tool.impl.XmlTool serialVersionUID has no describle
10:25:43 405 INFO  [main] com.cs.tool.impl.XmlTool com.cs.base.def.type.mission.TalkMissionDef excel load successful
