10:43:44 512 ERROR [main] com.cs.tool.impl.XmlTool serialVersionUID has no @Describle annotation
10:43:44 515 ERROR [main] com.cs.tool.impl.XmlTool com.cs.base.def.type.SkillDef has no method setSerialVersionUID
10:43:44 519 INFO  [main] com.cs.tool.impl.XmlTool com.cs.base.def.type.SkillDef xml loadding successful
10:43:44 519 ERROR [main] com.cs.tool.impl.XmlTool serialVersionUID has no @Describle annotation
10:43:44 520 ERROR [main] com.cs.tool.impl.XmlTool serialVersionUID has no describle
10:43:44 522 INFO  [main] com.cs.tool.impl.XmlTool com.cs.base.def.type.SkillDef excel load successful
10:43:44 522 ERROR [main] com.cs.tool.impl.XmlTool serialVersionUID has no @Describle annotation
10:43:44 522 ERROR [main] com.cs.tool.impl.XmlTool com.cs.base.def.type.RewardDef has no method setSerialVersionUID
10:43:44 523 INFO  [main] com.cs.tool.impl.XmlTool com.cs.base.def.type.RewardDef xml loadding successful
10:43:44 524 ERROR [main] com.cs.tool.impl.XmlTool serialVersionUID has no @Describle annotation
10:43:44 524 ERROR [main] com.cs.tool.impl.XmlTool serialVersionUID has no describle
10:43:44 525 INFO  [main] com.cs.tool.impl.XmlTool com.cs.base.def.type.RewardDef excel load successful
10:43:44 525 ERROR [main] com.cs.tool.impl.XmlTool serialVersionUID has no @Describle annotation
10:43:44 525 ERROR [main] com.cs.tool.impl.XmlTool com.cs.base.def.type.BlockUnlockDef has no method setSerialVersionUID
10:43:44 526 INFO  [main] com.cs.tool.impl.XmlTool com.cs.base.def.type.BlockUnlockDef xml loadding successful
10:43:44 526 ERROR [main] com.cs.tool.impl.XmlTool serialVersionUID has no @Describle annotation
10:43:44 526 ERROR [main] com.cs.tool.impl.XmlTool serialVersionUID has no describle
10:43:44 526 INFO  [main] com.cs.tool.impl.XmlTool com.cs.base.def.type.BlockUnlockDef excel load successful
10:43:44 526 ERROR [main] com.cs.tool.impl.XmlTool serialVersionUID has no @Describle annotation
10:43:44 526 ERROR [main] com.cs.tool.impl.XmlTool com.cs.base.def.type.AIDef has no method setSerialVersionUID
10:43:44 527 INFO  [main] com.cs.tool.impl.XmlTool com.cs.base.def.type.AIDef xml loadding successful
10:43:44 527 ERROR [main] com.cs.tool.impl.XmlTool serialVersionUID has no @Describle annotation
10:43:44 527 ERROR [main] com.cs.tool.impl.XmlTool serialVersionUID has no describle
10:43:44 528 INFO  [main] com.cs.tool.impl.XmlTool com.cs.base.def.type.AIDef excel load successful
10:43:44 528 ERROR [main] com.cs.tool.impl.XmlTool serialVersionUID has no @Describle annotation
10:43:44 528 ERROR [main] com.cs.tool.impl.XmlTool com.cs.base.def.type.StrengthEquipDef has no method setSerialVersionUID
10:43:44 528 INFO  [main] com.cs.tool.impl.XmlTool com.cs.base.def.type.StrengthEquipDef xml loadding successful
10:43:44 529 ERROR [main] com.cs.tool.impl.XmlTool serialVersionUID has no @Describle annotation
10:43:44 529 ERROR [main] com.cs.tool.impl.XmlTool serialVersionUID has no describle
10:43:44 529 INFO  [main] com.cs.tool.impl.XmlTool com.cs.base.def.type.StrengthEquipDef excel load successful
10:43:44 529 ERROR [main] com.cs.tool.impl.XmlTool serialVersionUID has no @Describle annotation
10:43:44 529 ERROR [main] com.cs.tool.impl.XmlTool com.cs.base.def.type.GemCompoundDef has no method setSerialVersionUID
10:43:44 530 INFO  [main] com.cs.tool.impl.XmlTool com.cs.base.def.type.GemCompoundDef xml loadding successful
10:43:44 530 ERROR [main] com.cs.tool.impl.XmlTool serialVersionUID has no @Describle annotation
10:43:44 530 ERROR [main] com.cs.tool.impl.XmlTool serialVersionUID has no describle
10:43:44 531 INFO  [main] com.cs.tool.impl.XmlTool com.cs.base.def.type.GemCompoundDef excel load successful
10:43:44 531 ERROR [main] com.cs.tool.impl.XmlTool serialVersionUID has no @Describle annotation
10:43:44 531 ERROR [main] com.cs.tool.impl.XmlTool com.cs.base.def.type.BuffDef has no method setSerialVersionUID
10:43:44 533 ERROR [main] com.cs.tool.impl.XmlTool serialVersionUID has no @Describle annotation
10:43:44 533 ERROR [main] com.cs.tool.impl.XmlTool com.cs.base.def.entity.BuffTriggerDef dosen't has the method setSerialVersionUID
10:43:44 533 INFO  [main] com.cs.tool.impl.XmlTool com.cs.base.def.type.BuffDef xml loadding successful
10:43:44 534 ERROR [main] com.cs.tool.impl.XmlTool serialVersionUID has no @Describle annotation
10:43:44 534 ERROR [main] com.cs.tool.impl.XmlTool serialVersionUID has no describle
10:43:44 535 INFO  [main] com.cs.tool.impl.XmlTool com.cs.base.def.type.BuffDef excel load successful
10:43:44 535 ERROR [main] com.cs.tool.impl.XmlTool serialVersionUID has no @Describle annotation
10:43:44 536 ERROR [main] com.cs.tool.impl.XmlTool com.cs.base.def.type.ShopItemDef has no method setSerialVersionUID
10:43:44 536 INFO  [main] com.cs.tool.impl.XmlTool com.cs.base.def.type.ShopItemDef xml loadding successful
10:43:44 537 ERROR [main] com.cs.tool.impl.XmlTool serialVersionUID has no @Describle annotation
10:43:44 537 ERROR [main] com.cs.tool.impl.XmlTool serialVersionUID has no describle
10:43:44 538 INFO  [main] com.cs.tool.impl.XmlTool com.cs.base.def.type.ShopItemDef excel load successful
10:43:44 539 ERROR [main] com.cs.tool.impl.XmlTool serialVersionUID has no @Describle annotation
10:43:44 539 ERROR [main] com.cs.tool.impl.XmlTool com.cs.base.def.type.MonsterDef has no method setSerialVersionUID
10:43:44 542 INFO  [main] com.cs.tool.impl.XmlTool com.cs.base.def.type.MonsterDef xml loadding successful
10:43:44 542 ERROR [main] com.cs.tool.impl.XmlTool serialVersionUID has no @Describle annotation
10:43:44 542 ERROR [main] com.cs.tool.impl.XmlTool serialVersionUID has no describle
10:43:44 544 INFO  [main] com.cs.tool.impl.XmlTool com.cs.base.def.type.MonsterDef excel load successful
10:43:44 544 ERROR [main] com.cs.tool.impl.XmlTool serialVersionUID has no @Describle annotation
10:43:44 544 ERROR [main] com.cs.tool.impl.XmlTool com.cs.base.def.type.PkValueDef has no method setSerialVersionUID
10:43:44 545 INFO  [main] com.cs.tool.impl.XmlTool com.cs.base.def.type.PkValueDef xml loadding successful
10:43:44 545 ERROR [main] com.cs.tool.impl.XmlTool serialVersionUID has no @Describle annotation
10:43:44 545 ERROR [main] com.cs.tool.impl.XmlTool serialVersionUID has no describle
10:43:44 545 INFO  [main] com.cs.tool.impl.XmlTool com.cs.base.def.type.PkValueDef excel load successful
10:43:44 546 ERROR [main] com.cs.tool.impl.XmlTool serialVersionUID has no @Describle annotation
10:43:44 546 ERROR [main] com.cs.tool.impl.XmlTool com.cs.base.def.type.HoleSiteDef has no method setSerialVersionUID
10:43:44 546 INFO  [main] com.cs.tool.impl.XmlTool com.cs.base.def.type.HoleSiteDef xml loadding successful
10:43:44 546 ERROR [main] com.cs.tool.impl.XmlTool serialVersionUID has no @Describle annotation
10:43:44 546 ERROR [main] com.cs.tool.impl.XmlTool serialVersionUID has no describle
10:43:44 547 INFO  [main] com.cs.tool.impl.XmlTool com.cs.base.def.type.HoleSiteDef excel load successful
10:43:44 547 ERROR [main] com.cs.tool.impl.XmlTool serialVersionUID has no @Describle annotation
10:43:44 547 ERROR [main] com.cs.tool.impl.XmlTool com.cs.base.def.type.PolishEquipDef has no method setSerialVersionUID
10:43:44 547 INFO  [main] com.cs.tool.impl.XmlTool com.cs.base.def.type.PolishEquipDef xml loadding successful
10:43:44 547 ERROR [main] com.cs.tool.impl.XmlTool serialVersionUID has no @Describle annotation
10:43:44 547 ERROR [main] com.cs.tool.impl.XmlTool serialVersionUID has no describle
10:43:44 548 INFO  [main] com.cs.tool.impl.XmlTool com.cs.base.def.type.PolishEquipDef excel load successful
10:43:44 548 ERROR [main] com.cs.tool.impl.XmlTool serialVersionUID has no @Describle annotation
10:43:44 548 ERROR [main] com.cs.tool.impl.XmlTool com.cs.base.def.type.RobotSkillDef has no method setSerialVersionUID
10:43:44 548 INFO  [main] com.cs.tool.impl.XmlTool com.cs.base.def.type.RobotSkillDef xml loadding successful
10:43:44 548 ERROR [main] com.cs.tool.impl.XmlTool serialVersionUID has no @Describle annotation
10:43:44 549 ERROR [main] com.cs.tool.impl.XmlTool serialVersionUID has no describle
10:43:44 549 INFO  [main] com.cs.tool.impl.XmlTool com.cs.base.def.type.RobotSkillDef excel load successful
10:43:44 549 ERROR [main] com.cs.tool.impl.XmlTool serialVersionUID has no @Describle annotation
10:43:44 549 ERROR [main] com.cs.tool.impl.XmlTool com.cs.base.def.type.EquipSuitDef has no method setSerialVersionUID
10:43:44 550 INFO  [main] com.cs.tool.impl.XmlTool com.cs.base.def.type.EquipSuitDef xml loadding successful
10:43:44 550 ERROR [main] com.cs.tool.impl.XmlTool serialVersionUID has no @Describle annotation
10:43:44 550 ERROR [main] com.cs.tool.impl.XmlTool serialVersionUID has no describle
10:43:44 550 INFO  [main] com.cs.tool.impl.XmlTool com.cs.base.def.type.EquipSuitDef excel load successful
10:43:44 550 ERROR [main] com.cs.tool.impl.XmlTool serialVersionUID has no @Describle annotation
10:43:44 550 ERROR [main] com.cs.tool.impl.XmlTool com.cs.base.def.type.BlessingDef has no method setSerialVersionUID
10:43:44 550 INFO  [main] com.cs.tool.impl.XmlTool com.cs.base.def.type.BlessingDef xml loadding successful
10:43:44 551 ERROR [main] com.cs.tool.impl.XmlTool serialVersionUID has no @Describle annotation
10:43:44 551 ERROR [main] com.cs.tool.impl.XmlTool serialVersionUID has no describle
10:43:44 551 INFO  [main] com.cs.tool.impl.XmlTool com.cs.base.def.type.BlessingDef excel load successful
10:43:44 552 ERROR [main] com.cs.tool.impl.XmlTool serialVersionUID has no @Describle annotation
10:43:44 553 ERROR [main] com.cs.tool.impl.XmlTool com.cs.base.def.type.MapDef has no method setSerialVersionUID
10:43:44 554 ERROR [main] com.cs.tool.impl.XmlTool serialVersionUID has no @Describle annotation
10:43:44 554 ERROR [main] com.cs.tool.impl.XmlTool com.cs.base.def.entity.PolygonDef dosen't has the method setSerialVersionUID
10:43:44 555 ERROR [main] com.cs.tool.impl.XmlTool serialVersionUID has no @Describle annotation
10:43:44 555 ERROR [main] com.cs.tool.impl.XmlTool com.cs.base.def.entity.PointDef dosen't has the method setSerialVersionUID
10:43:44 555 ERROR [main] com.cs.tool.impl.XmlTool serialVersionUID has no @Describle annotation
10:43:44 555 ERROR [main] com.cs.tool.impl.XmlTool com.cs.base.def.entity.PolygonDef dosen't has the method setSerialVersionUID
10:43:44 555 ERROR [main] com.cs.tool.impl.XmlTool serialVersionUID has no @Describle annotation
10:43:44 555 ERROR [main] com.cs.tool.impl.XmlTool com.cs.base.def.entity.PointDef dosen't has the method setSerialVersionUID
10:43:44 556 ERROR [main] com.cs.tool.impl.XmlTool serialVersionUID has no @Describle annotation
10:43:44 556 ERROR [main] com.cs.tool.impl.XmlTool com.cs.base.def.entity.PolygonDef dosen't has the method setSerialVersionUID
10:43:44 556 ERROR [main] com.cs.tool.impl.XmlTool serialVersionUID has no @Describle annotation
10:43:44 556 ERROR [main] com.cs.tool.impl.XmlTool com.cs.base.def.entity.PointDef dosen't has the method setSerialVersionUID
10:43:44 556 ERROR [main] com.cs.tool.impl.XmlTool serialVersionUID has no @Describle annotation
10:43:44 556 ERROR [main] com.cs.tool.impl.XmlTool com.cs.base.def.entity.TeleportDef dosen't has the method setSerialVersionUID
10:43:44 557 ERROR [main] com.cs.tool.impl.XmlTool serialVersionUID has no @Describle annotation
10:43:44 557 ERROR [main] com.cs.tool.impl.XmlTool com.cs.base.def.entity.AreaDef dosen't has the method setSerialVersionUID
10:43:44 557 ERROR [main] com.cs.tool.impl.XmlTool serialVersionUID has no @Describle annotation
10:43:44 557 ERROR [main] com.cs.tool.impl.XmlTool com.cs.base.def.entity.PointDef dosen't has the method setSerialVersionUID
10:43:44 558 ERROR [main] com.cs.tool.impl.XmlTool serialVersionUID has no @Describle annotation
10:43:44 558 ERROR [main] com.cs.tool.impl.XmlTool com.cs.base.def.entity.MonsterRefreshDef dosen't has the method setSerialVersionUID
10:43:44 559 ERROR [main] com.cs.tool.impl.XmlTool serialVersionUID has no @Describle annotation
10:43:44 559 ERROR [main] com.cs.tool.impl.XmlTool com.cs.base.def.entity.MapNpcDef dosen't has the method setSerialVersionUID
10:43:44 559 INFO  [main] com.cs.tool.impl.XmlTool com.cs.base.def.type.MapDef xml loadding successful
10:43:44 559 ERROR [main] com.cs.tool.impl.XmlTool serialVersionUID has no @Describle annotation
10:43:44 559 ERROR [main] com.cs.tool.impl.XmlTool serialVersionUID has no describle
10:43:44 560 INFO  [main] com.cs.tool.impl.XmlTool com.cs.base.def.type.MapDef excel load successful
10:43:44 560 ERROR [main] com.cs.tool.impl.XmlTool serialVersionUID has no @Describle annotation
10:43:44 561 ERROR [main] com.cs.tool.impl.XmlTool com.cs.base.def.type.ConfigDef has no method setSerialVersionUID
10:43:44 561 INFO  [main] com.cs.tool.impl.XmlTool com.cs.base.def.type.ConfigDef xml loadding successful
10:43:44 561 ERROR [main] com.cs.tool.impl.XmlTool serialVersionUID has no @Describle annotation
10:43:44 561 ERROR [main] com.cs.tool.impl.XmlTool serialVersionUID has no describle
10:43:44 561 INFO  [main] com.cs.tool.impl.XmlTool com.cs.base.def.type.ConfigDef excel load successful
10:43:44 561 ERROR [main] com.cs.tool.impl.XmlTool serialVersionUID has no @Describle annotation
10:43:44 561 ERROR [main] com.cs.tool.impl.XmlTool com.cs.base.def.type.LevelDef has no method setSerialVersionUID
10:43:44 562 INFO  [main] com.cs.tool.impl.XmlTool com.cs.base.def.type.LevelDef xml loadding successful
10:43:44 562 ERROR [main] com.cs.tool.impl.XmlTool serialVersionUID has no @Describle annotation
10:43:44 562 ERROR [main] com.cs.tool.impl.XmlTool serialVersionUID has no describle
10:43:44 562 INFO  [main] com.cs.tool.impl.XmlTool com.cs.base.def.type.LevelDef excel load successful
10:43:44 562 ERROR [main] com.cs.tool.impl.XmlTool serialVersionUID has no @Describle annotation
10:43:44 562 ERROR [main] com.cs.tool.impl.XmlTool com.cs.base.def.type.MissionDef has no method setSerialVersionUID
10:43:44 565 INFO  [main] com.cs.tool.impl.XmlTool com.cs.base.def.type.MissionDef xml loadding successful
10:43:44 565 ERROR [main] com.cs.tool.impl.XmlTool serialVersionUID has no @Describle annotation
10:43:44 565 ERROR [main] com.cs.tool.impl.XmlTool serialVersionUID has no describle
10:43:44 567 INFO  [main] com.cs.tool.impl.XmlTool com.cs.base.def.type.MissionDef excel load successful
10:43:44 567 ERROR [main] com.cs.tool.impl.XmlTool serialVersionUID has no @Describle annotation
10:43:44 567 ERROR [main] com.cs.tool.impl.XmlTool com.cs.base.def.type.FamilyDef has no method setSerialVersionUID
10:43:44 567 INFO  [main] com.cs.tool.impl.XmlTool com.cs.base.def.type.FamilyDef xml loadding successful
10:43:44 568 ERROR [main] com.cs.tool.impl.XmlTool serialVersionUID has no @Describle annotation
10:43:44 568 ERROR [main] com.cs.tool.impl.XmlTool serialVersionUID has no describle
10:43:44 568 INFO  [main] com.cs.tool.impl.XmlTool com.cs.base.def.type.FamilyDef excel load successful
10:43:44 568 ERROR [main] com.cs.tool.impl.XmlTool serialVersionUID has no @Describle annotation
10:43:44 568 ERROR [main] com.cs.tool.impl.XmlTool com.cs.base.def.type.DropDef has no method setSerialVersionUID
10:43:44 569 INFO  [main] com.cs.tool.impl.XmlTool com.cs.base.def.type.DropDef xml loadding successful
10:43:44 569 ERROR [main] com.cs.tool.impl.XmlTool serialVersionUID has no @Describle annotation
10:43:44 569 ERROR [main] com.cs.tool.impl.XmlTool serialVersionUID has no describle
10:43:44 570 INFO  [main] com.cs.tool.impl.XmlTool com.cs.base.def.type.DropDef excel load successful
10:43:44 570 ERROR [main] com.cs.tool.impl.XmlTool serialVersionUID has no @Describle annotation
10:43:44 570 ERROR [main] com.cs.tool.impl.XmlTool com.cs.base.def.type.NPCDef has no method setSerialVersionUID
10:43:44 570 INFO  [main] com.cs.tool.impl.XmlTool com.cs.base.def.type.NPCDef xml loadding successful
10:43:44 570 ERROR [main] com.cs.tool.impl.XmlTool serialVersionUID has no @Describle annotation
10:43:44 571 ERROR [main] com.cs.tool.impl.XmlTool serialVersionUID has no describle
10:43:44 571 INFO  [main] com.cs.tool.impl.XmlTool com.cs.base.def.type.NPCDef excel load successful
10:43:44 571 ERROR [main] com.cs.tool.impl.XmlTool serialVersionUID has no @Describle annotation
10:43:44 571 ERROR [main] com.cs.tool.impl.XmlTool com.cs.base.def.type.DropGroupDef has no method setSerialVersionUID
10:43:44 571 INFO  [main] com.cs.tool.impl.XmlTool com.cs.base.def.type.DropGroupDef xml loadding successful
10:43:44 571 ERROR [main] com.cs.tool.impl.XmlTool serialVersionUID has no @Describle annotation
10:43:44 571 ERROR [main] com.cs.tool.impl.XmlTool serialVersionUID has no describle
10:43:44 572 INFO  [main] com.cs.tool.impl.XmlTool com.cs.base.def.type.DropGroupDef excel load successful
10:43:44 572 ERROR [main] com.cs.tool.impl.XmlTool serialVersionUID has no @Describle annotation
10:43:44 572 ERROR [main] com.cs.tool.impl.XmlTool com.cs.base.def.type.PetDef has no method setSerialVersionUID
10:43:44 572 INFO  [main] com.cs.tool.impl.XmlTool com.cs.base.def.type.PetDef xml loadding successful
10:43:44 572 ERROR [main] com.cs.tool.impl.XmlTool serialVersionUID has no @Describle annotation
10:43:44 573 ERROR [main] com.cs.tool.impl.XmlTool serialVersionUID has no describle
10:43:44 573 INFO  [main] com.cs.tool.impl.XmlTool com.cs.base.def.type.PetDef excel load successful
10:43:44 573 ERROR [main] com.cs.tool.impl.XmlTool serialVersionUID has no @Describle annotation
10:43:44 573 ERROR [main] com.cs.tool.impl.XmlTool com.cs.base.def.type.FamilyRoleJurisDef has no method setSerialVersionUID
10:43:44 573 INFO  [main] com.cs.tool.impl.XmlTool com.cs.base.def.type.FamilyRoleJurisDef xml loadding successful
10:43:44 574 ERROR [main] com.cs.tool.impl.XmlTool serialVersionUID has no @Describle annotation
10:43:44 574 ERROR [main] com.cs.tool.impl.XmlTool serialVersionUID has no describle
10:43:44 574 INFO  [main] com.cs.tool.impl.XmlTool com.cs.base.def.type.FamilyRoleJurisDef excel load successful
10:43:44 574 ERROR [main] com.cs.tool.impl.XmlTool serialVersionUID has no @Describle annotation
10:43:44 574 ERROR [main] com.cs.tool.impl.XmlTool com.cs.base.def.type.CampDef has no method setSerialVersionUID
10:43:44 574 INFO  [main] com.cs.tool.impl.XmlTool com.cs.base.def.type.CampDef xml loadding successful
10:43:44 574 ERROR [main] com.cs.tool.impl.XmlTool serialVersionUID has no @Describle annotation
10:43:44 574 ERROR [main] com.cs.tool.impl.XmlTool serialVersionUID has no describle
10:43:44 575 INFO  [main] com.cs.tool.impl.XmlTool com.cs.base.def.type.CampDef excel load successful
10:43:44 575 ERROR [main] com.cs.tool.impl.XmlTool serialVersionUID has no @Describle annotation
10:43:44 575 ERROR [main] com.cs.tool.impl.XmlTool com.cs.base.def.type.RobotKillMonsterDef has no method setSerialVersionUID
10:43:44 575 INFO  [main] com.cs.tool.impl.XmlTool com.cs.base.def.type.RobotKillMonsterDef xml loadding successful
10:43:44 575 ERROR [main] com.cs.tool.impl.XmlTool serialVersionUID has no @Describle annotation
10:43:44 575 ERROR [main] com.cs.tool.impl.XmlTool serialVersionUID has no describle
10:43:44 576 INFO  [main] com.cs.tool.impl.XmlTool com.cs.base.def.type.RobotKillMonsterDef excel load successful
10:43:44 576 ERROR [main] com.cs.tool.impl.XmlTool serialVersionUID has no @Describle annotation
10:43:44 576 ERROR [main] com.cs.tool.impl.XmlTool com.cs.base.def.type.WorldMapItemDef has no method setSerialVersionUID
10:43:44 576 INFO  [main] com.cs.tool.impl.XmlTool com.cs.base.def.type.WorldMapItemDef xml loadding successful
10:43:44 576 ERROR [main] com.cs.tool.impl.XmlTool serialVersionUID has no @Describle annotation
10:43:44 577 ERROR [main] com.cs.tool.impl.XmlTool serialVersionUID has no describle
10:43:44 577 INFO  [main] com.cs.tool.impl.XmlTool com.cs.base.def.type.WorldMapItemDef excel load successful
10:43:44 577 ERROR [main] com.cs.tool.impl.XmlTool serialVersionUID has no @Describle annotation
10:43:44 577 ERROR [main] com.cs.tool.impl.XmlTool com.cs.base.def.type.CareerDef has no method setSerialVersionUID
10:43:44 578 INFO  [main] com.cs.tool.impl.XmlTool com.cs.base.def.type.CareerDef xml loadding successful
10:43:44 578 ERROR [main] com.cs.tool.impl.XmlTool serialVersionUID has no @Describle annotation
10:43:44 578 ERROR [main] com.cs.tool.impl.XmlTool serialVersionUID has no describle
10:43:44 579 INFO  [main] com.cs.tool.impl.XmlTool com.cs.base.def.type.CareerDef excel load successful
10:43:44 580 ERROR [main] com.cs.tool.impl.XmlTool serialVersionUID has no @Describle annotation
10:43:44 580 ERROR [main] com.cs.tool.impl.XmlTool com.cs.base.def.type.buf.WheelsBufDef has no method setSerialVersionUID
10:43:44 581 ERROR [main] com.cs.tool.impl.XmlTool serialVersionUID has no @Describle annotation
10:43:44 581 ERROR [main] com.cs.tool.impl.XmlTool com.cs.base.def.entity.BuffTriggerDef dosen't has the method setSerialVersionUID
10:43:44 581 ERROR [main] com.cs.tool.impl.XmlTool serialVersionUID has no @Describle annotation
10:43:44 582 ERROR [main] com.cs.tool.impl.XmlTool com.cs.base.def.type.buf.WheelsBufDef has no method setSerialVersionUID
10:43:44 582 INFO  [main] com.cs.tool.impl.XmlTool com.cs.base.def.type.buf.WheelsBufDef xml loadding successful
10:43:44 582 ERROR [main] com.cs.tool.impl.XmlTool serialVersionUID has no @Describle annotation
10:43:44 582 ERROR [main] com.cs.tool.impl.XmlTool serialVersionUID has no describle
10:43:44 583 ERROR [main] com.cs.tool.impl.XmlTool serialVersionUID has no @Describle annotation
10:43:44 583 ERROR [main] com.cs.tool.impl.XmlTool serialVersionUID has no describle
10:43:44 584 INFO  [main] com.cs.tool.impl.XmlTool com.cs.base.def.type.buf.WheelsBufDef excel load successful
10:43:44 584 ERROR [main] com.cs.tool.impl.XmlTool serialVersionUID has no @Describle annotation
10:43:44 586 ERROR [main] com.cs.tool.impl.XmlTool com.cs.base.def.type.effect.PunctureEffectDef has no method setSerialVersionUID
10:43:44 586 ERROR [main] com.cs.tool.impl.XmlTool serialVersionUID has no @Describle annotation
10:43:44 586 ERROR [main] com.cs.tool.impl.XmlTool com.cs.base.def.type.effect.PunctureEffectDef has no method setSerialVersionUID
10:43:44 586 INFO  [main] com.cs.tool.impl.XmlTool com.cs.base.def.type.effect.PunctureEffectDef xml loadding successful
10:43:44 586 ERROR [main] com.cs.tool.impl.XmlTool serialVersionUID has no @Describle annotation
10:43:44 586 ERROR [main] com.cs.tool.impl.XmlTool serialVersionUID has no describle
10:43:44 587 ERROR [main] com.cs.tool.impl.XmlTool serialVersionUID has no @Describle annotation
10:43:44 587 ERROR [main] com.cs.tool.impl.XmlTool serialVersionUID has no describle
10:43:44 587 INFO  [main] com.cs.tool.impl.XmlTool com.cs.base.def.type.effect.PunctureEffectDef excel load successful
10:43:44 587 ERROR [main] com.cs.tool.impl.XmlTool serialVersionUID has no @Describle annotation
10:43:44 587 ERROR [main] com.cs.tool.impl.XmlTool com.cs.base.def.type.effect.SummonEffectDef has no method setSerialVersionUID
10:43:44 587 ERROR [main] com.cs.tool.impl.XmlTool serialVersionUID has no @Describle annotation
10:43:44 588 ERROR [main] com.cs.tool.impl.XmlTool com.cs.base.def.type.effect.SummonEffectDef has no method setSerialVersionUID
10:43:44 588 INFO  [main] com.cs.tool.impl.XmlTool com.cs.base.def.type.effect.SummonEffectDef xml loadding successful
10:43:44 588 ERROR [main] com.cs.tool.impl.XmlTool serialVersionUID has no @Describle annotation
10:43:44 588 ERROR [main] com.cs.tool.impl.XmlTool serialVersionUID has no describle
10:43:44 588 ERROR [main] com.cs.tool.impl.XmlTool serialVersionUID has no @Describle annotation
10:43:44 588 ERROR [main] com.cs.tool.impl.XmlTool serialVersionUID has no describle
10:43:44 588 INFO  [main] com.cs.tool.impl.XmlTool com.cs.base.def.type.effect.SummonEffectDef excel load successful
10:43:44 589 ERROR [main] com.cs.tool.impl.XmlTool serialVersionUID has no @Describle annotation
10:43:44 589 ERROR [main] com.cs.tool.impl.XmlTool com.cs.base.def.type.effect.MagicDamageEffectDef has no method setSerialVersionUID
10:43:44 589 ERROR [main] com.cs.tool.impl.XmlTool serialVersionUID has no @Describle annotation
10:43:44 589 ERROR [main] com.cs.tool.impl.XmlTool com.cs.base.def.type.effect.MagicDamageEffectDef has no method setSerialVersionUID
10:43:44 589 INFO  [main] com.cs.tool.impl.XmlTool com.cs.base.def.type.effect.MagicDamageEffectDef xml loadding successful
10:43:44 589 ERROR [main] com.cs.tool.impl.XmlTool serialVersionUID has no @Describle annotation
10:43:44 589 ERROR [main] com.cs.tool.impl.XmlTool serialVersionUID has no describle
10:43:44 589 ERROR [main] com.cs.tool.impl.XmlTool serialVersionUID has no @Describle annotation
10:43:44 590 ERROR [main] com.cs.tool.impl.XmlTool serialVersionUID has no describle
10:43:44 590 INFO  [main] com.cs.tool.impl.XmlTool com.cs.base.def.type.effect.MagicDamageEffectDef excel load successful
10:43:44 590 ERROR [main] com.cs.tool.impl.XmlTool serialVersionUID has no @Describle annotation
10:43:44 590 ERROR [main] com.cs.tool.impl.XmlTool com.cs.base.def.type.effect.FireWallEffectDef has no method setSerialVersionUID
10:43:44 590 ERROR [main] com.cs.tool.impl.XmlTool serialVersionUID has no @Describle annotation
10:43:44 590 ERROR [main] com.cs.tool.impl.XmlTool com.cs.base.def.type.effect.FireWallEffectDef has no method setSerialVersionUID
10:43:44 591 INFO  [main] com.cs.tool.impl.XmlTool com.cs.base.def.type.effect.FireWallEffectDef xml loadding successful
10:43:44 591 ERROR [main] com.cs.tool.impl.XmlTool serialVersionUID has no @Describle annotation
10:43:44 591 ERROR [main] com.cs.tool.impl.XmlTool serialVersionUID has no describle
10:43:44 591 ERROR [main] com.cs.tool.impl.XmlTool serialVersionUID has no @Describle annotation
10:43:44 591 ERROR [main] com.cs.tool.impl.XmlTool serialVersionUID has no describle
10:43:44 591 INFO  [main] com.cs.tool.impl.XmlTool com.cs.base.def.type.effect.FireWallEffectDef excel load successful
10:43:44 591 ERROR [main] com.cs.tool.impl.XmlTool serialVersionUID has no @Describle annotation
10:43:44 591 ERROR [main] com.cs.tool.impl.XmlTool com.cs.base.def.type.effect.PhysicalDamageEffectDef has no method setSerialVersionUID
10:43:44 592 ERROR [main] com.cs.tool.impl.XmlTool serialVersionUID has no @Describle annotation
10:43:44 592 ERROR [main] com.cs.tool.impl.XmlTool com.cs.base.def.type.effect.PhysicalDamageEffectDef has no method setSerialVersionUID
10:43:44 592 INFO  [main] com.cs.tool.impl.XmlTool com.cs.base.def.type.effect.PhysicalDamageEffectDef xml loadding successful
10:43:44 592 ERROR [main] com.cs.tool.impl.XmlTool serialVersionUID has no @Describle annotation
10:43:44 592 ERROR [main] com.cs.tool.impl.XmlTool serialVersionUID has no describle
10:43:44 592 ERROR [main] com.cs.tool.impl.XmlTool serialVersionUID has no @Describle annotation
10:43:44 592 ERROR [main] com.cs.tool.impl.XmlTool serialVersionUID has no describle
10:43:44 593 INFO  [main] com.cs.tool.impl.XmlTool com.cs.base.def.type.effect.PhysicalDamageEffectDef excel load successful
10:43:44 593 ERROR [main] com.cs.tool.impl.XmlTool serialVersionUID has no @Describle annotation
10:43:44 593 ERROR [main] com.cs.tool.impl.XmlTool com.cs.base.def.type.effect.ShoveEffectDef has no method setSerialVersionUID
10:43:44 593 ERROR [main] com.cs.tool.impl.XmlTool serialVersionUID has no @Describle annotation
10:43:44 593 ERROR [main] com.cs.tool.impl.XmlTool com.cs.base.def.type.effect.ShoveEffectDef has no method setSerialVersionUID
10:43:44 593 INFO  [main] com.cs.tool.impl.XmlTool com.cs.base.def.type.effect.ShoveEffectDef xml loadding successful
10:43:44 593 ERROR [main] com.cs.tool.impl.XmlTool serialVersionUID has no @Describle annotation
10:43:44 593 ERROR [main] com.cs.tool.impl.XmlTool serialVersionUID has no describle
10:43:44 594 ERROR [main] com.cs.tool.impl.XmlTool serialVersionUID has no @Describle annotation
10:43:44 594 ERROR [main] com.cs.tool.impl.XmlTool serialVersionUID has no describle
10:43:44 594 INFO  [main] com.cs.tool.impl.XmlTool com.cs.base.def.type.effect.ShoveEffectDef excel load successful
10:43:44 594 ERROR [main] com.cs.tool.impl.XmlTool serialVersionUID has no @Describle annotation
10:43:44 594 ERROR [main] com.cs.tool.impl.XmlTool com.cs.base.def.type.effect.RandomMoveEffectDef has no method setSerialVersionUID
10:43:44 594 ERROR [main] com.cs.tool.impl.XmlTool serialVersionUID has no @Describle annotation
10:43:44 594 ERROR [main] com.cs.tool.impl.XmlTool com.cs.base.def.type.effect.RandomMoveEffectDef has no method setSerialVersionUID
10:43:44 595 INFO  [main] com.cs.tool.impl.XmlTool com.cs.base.def.type.effect.RandomMoveEffectDef xml loadding successful
10:43:44 595 ERROR [main] com.cs.tool.impl.XmlTool serialVersionUID has no @Describle annotation
10:43:44 595 ERROR [main] com.cs.tool.impl.XmlTool serialVersionUID has no describle
10:43:44 595 ERROR [main] com.cs.tool.impl.XmlTool serialVersionUID has no @Describle annotation
10:43:44 595 ERROR [main] com.cs.tool.impl.XmlTool serialVersionUID has no describle
10:43:44 595 INFO  [main] com.cs.tool.impl.XmlTool com.cs.base.def.type.effect.RandomMoveEffectDef excel load successful
10:43:44 595 ERROR [main] com.cs.tool.impl.XmlTool serialVersionUID has no @Describle annotation
10:43:44 595 ERROR [main] com.cs.tool.impl.XmlTool com.cs.base.def.type.effect.NormalPhysicalAttackDef has no method setSerialVersionUID
10:43:44 595 ERROR [main] com.cs.tool.impl.XmlTool serialVersionUID has no @Describle annotation
10:43:44 596 ERROR [main] com.cs.tool.impl.XmlTool com.cs.base.def.type.effect.NormalPhysicalAttackDef has no method setSerialVersionUID
10:43:44 596 INFO  [main] com.cs.tool.impl.XmlTool com.cs.base.def.type.effect.NormalPhysicalAttackDef xml loadding successful
10:43:44 596 ERROR [main] com.cs.tool.impl.XmlTool serialVersionUID has no @Describle annotation
10:43:44 596 ERROR [main] com.cs.tool.impl.XmlTool serialVersionUID has no describle
10:43:44 596 ERROR [main] com.cs.tool.impl.XmlTool serialVersionUID has no @Describle annotation
10:43:44 596 ERROR [main] com.cs.tool.impl.XmlTool serialVersionUID has no describle
10:43:44 597 INFO  [main] com.cs.tool.impl.XmlTool com.cs.base.def.type.effect.NormalPhysicalAttackDef excel load successful
10:43:44 597 ERROR [main] com.cs.tool.impl.XmlTool serialVersionUID has no @Describle annotation
10:43:44 597 ERROR [main] com.cs.tool.impl.XmlTool com.cs.base.def.type.effect.ShoulderDashEffectDef has no method setSerialVersionUID
10:43:44 597 ERROR [main] com.cs.tool.impl.XmlTool serialVersionUID has no @Describle annotation
10:43:44 597 ERROR [main] com.cs.tool.impl.XmlTool com.cs.base.def.type.effect.ShoulderDashEffectDef has no method setSerialVersionUID
10:43:44 597 INFO  [main] com.cs.tool.impl.XmlTool com.cs.base.def.type.effect.ShoulderDashEffectDef xml loadding successful
10:43:44 597 ERROR [main] com.cs.tool.impl.XmlTool serialVersionUID has no @Describle annotation
10:43:44 597 ERROR [main] com.cs.tool.impl.XmlTool serialVersionUID has no describle
10:43:44 598 ERROR [main] com.cs.tool.impl.XmlTool serialVersionUID has no @Describle annotation
10:43:44 598 ERROR [main] com.cs.tool.impl.XmlTool serialVersionUID has no describle
10:43:44 598 INFO  [main] com.cs.tool.impl.XmlTool com.cs.base.def.type.effect.ShoulderDashEffectDef excel load successful
10:43:44 598 ERROR [main] com.cs.tool.impl.XmlTool serialVersionUID has no @Describle annotation
10:43:44 598 ERROR [main] com.cs.tool.impl.XmlTool com.cs.base.def.type.effect.CureHpEffectDef has no method setSerialVersionUID
10:43:44 598 ERROR [main] com.cs.tool.impl.XmlTool serialVersionUID has no @Describle annotation
10:43:44 598 ERROR [main] com.cs.tool.impl.XmlTool com.cs.base.def.type.effect.CureHpEffectDef has no method setSerialVersionUID
10:43:44 599 INFO  [main] com.cs.tool.impl.XmlTool com.cs.base.def.type.effect.CureHpEffectDef xml loadding successful
10:43:44 599 ERROR [main] com.cs.tool.impl.XmlTool serialVersionUID has no @Describle annotation
10:43:44 599 ERROR [main] com.cs.tool.impl.XmlTool serialVersionUID has no describle
10:43:44 599 ERROR [main] com.cs.tool.impl.XmlTool serialVersionUID has no @Describle annotation
10:43:44 599 ERROR [main] com.cs.tool.impl.XmlTool serialVersionUID has no describle
10:43:44 599 INFO  [main] com.cs.tool.impl.XmlTool com.cs.base.def.type.effect.CureHpEffectDef excel load successful
10:43:44 599 ERROR [main] com.cs.tool.impl.XmlTool serialVersionUID has no @Describle annotation
10:43:44 599 ERROR [main] com.cs.tool.impl.XmlTool com.cs.base.def.type.effect.CatchEffectDef has no method setSerialVersionUID
10:43:44 600 ERROR [main] com.cs.tool.impl.XmlTool serialVersionUID has no @Describle annotation
10:43:44 600 ERROR [main] com.cs.tool.impl.XmlTool com.cs.base.def.type.effect.CatchEffectDef has no method setSerialVersionUID
10:43:44 600 INFO  [main] com.cs.tool.impl.XmlTool com.cs.base.def.type.effect.CatchEffectDef xml loadding successful
10:43:44 600 ERROR [main] com.cs.tool.impl.XmlTool serialVersionUID has no @Describle annotation
10:43:44 600 ERROR [main] com.cs.tool.impl.XmlTool serialVersionUID has no describle
10:43:44 600 ERROR [main] com.cs.tool.impl.XmlTool serialVersionUID has no @Describle annotation
10:43:44 600 ERROR [main] com.cs.tool.impl.XmlTool serialVersionUID has no describle
10:43:44 601 INFO  [main] com.cs.tool.impl.XmlTool com.cs.base.def.type.effect.CatchEffectDef excel load successful
10:43:44 601 ERROR [main] com.cs.tool.impl.XmlTool serialVersionUID has no @Describle annotation
10:43:44 601 ERROR [main] com.cs.tool.impl.XmlTool com.cs.base.def.type.function.ShopNpcFunctionDef has no method setSerialVersionUID
10:43:44 601 ERROR [main] com.cs.tool.impl.XmlTool serialVersionUID has no @Describle annotation
10:43:44 601 ERROR [main] com.cs.tool.impl.XmlTool com.cs.base.def.type.function.ShopNpcFunctionDef has no method setSerialVersionUID
10:43:44 602 INFO  [main] com.cs.tool.impl.XmlTool com.cs.base.def.type.function.ShopNpcFunctionDef xml loadding successful
10:43:44 602 ERROR [main] com.cs.tool.impl.XmlTool serialVersionUID has no @Describle annotation
10:43:44 602 ERROR [main] com.cs.tool.impl.XmlTool serialVersionUID has no describle
10:43:44 602 ERROR [main] com.cs.tool.impl.XmlTool serialVersionUID has no @Describle annotation
10:43:44 602 ERROR [main] com.cs.tool.impl.XmlTool serialVersionUID has no describle
10:43:44 602 INFO  [main] com.cs.tool.impl.XmlTool com.cs.base.def.type.function.ShopNpcFunctionDef excel load successful
10:43:44 602 ERROR [main] com.cs.tool.impl.XmlTool serialVersionUID has no @Describle annotation
10:43:44 602 ERROR [main] com.cs.tool.impl.XmlTool com.cs.base.def.type.function.TaskNpcFunctionDef has no method setSerialVersionUID
10:43:44 603 ERROR [main] com.cs.tool.impl.XmlTool serialVersionUID has no @Describle annotation
10:43:44 603 ERROR [main] com.cs.tool.impl.XmlTool com.cs.base.def.type.function.TaskNpcFunctionDef has no method setSerialVersionUID
10:43:44 603 INFO  [main] com.cs.tool.impl.XmlTool com.cs.base.def.type.function.TaskNpcFunctionDef xml loadding successful
10:43:44 603 ERROR [main] com.cs.tool.impl.XmlTool serialVersionUID has no @Describle annotation
10:43:44 603 ERROR [main] com.cs.tool.impl.XmlTool serialVersionUID has no describle
10:43:44 603 ERROR [main] com.cs.tool.impl.XmlTool serialVersionUID has no @Describle annotation
10:43:44 603 ERROR [main] com.cs.tool.impl.XmlTool serialVersionUID has no describle
10:43:44 604 INFO  [main] com.cs.tool.impl.XmlTool com.cs.base.def.type.function.TaskNpcFunctionDef excel load successful
10:43:44 604 ERROR [main] com.cs.tool.impl.XmlTool serialVersionUID has no @Describle annotation
10:43:44 604 ERROR [main] com.cs.tool.impl.XmlTool com.cs.base.def.type.function.TranslateNpcFunctionDef has no method setSerialVersionUID
10:43:44 604 ERROR [main] com.cs.tool.impl.XmlTool serialVersionUID has no @Describle annotation
10:43:44 604 ERROR [main] com.cs.tool.impl.XmlTool com.cs.base.def.type.function.TranslateNpcFunctionDef has no method setSerialVersionUID
10:43:44 605 INFO  [main] com.cs.tool.impl.XmlTool com.cs.base.def.type.function.TranslateNpcFunctionDef xml loadding successful
10:43:44 605 ERROR [main] com.cs.tool.impl.XmlTool serialVersionUID has no @Describle annotation
10:43:44 605 ERROR [main] com.cs.tool.impl.XmlTool serialVersionUID has no describle
10:43:44 605 ERROR [main] com.cs.tool.impl.XmlTool serialVersionUID has no @Describle annotation
10:43:44 605 ERROR [main] com.cs.tool.impl.XmlTool serialVersionUID has no describle
10:43:44 605 INFO  [main] com.cs.tool.impl.XmlTool com.cs.base.def.type.function.TranslateNpcFunctionDef excel load successful
10:43:44 605 ERROR [main] com.cs.tool.impl.XmlTool serialVersionUID has no @Describle annotation
10:43:44 606 ERROR [main] com.cs.tool.impl.XmlTool com.cs.base.def.type.function.WorldMapFunctionDef has no method setSerialVersionUID
10:43:44 606 ERROR [main] com.cs.tool.impl.XmlTool serialVersionUID has no @Describle annotation
10:43:44 606 ERROR [main] com.cs.tool.impl.XmlTool com.cs.base.def.type.function.WorldMapFunctionDef has no method setSerialVersionUID
10:43:44 606 INFO  [main] com.cs.tool.impl.XmlTool com.cs.base.def.type.function.WorldMapFunctionDef xml loadding successful
10:43:44 606 ERROR [main] com.cs.tool.impl.XmlTool serialVersionUID has no @Describle annotation
10:43:44 606 ERROR [main] com.cs.tool.impl.XmlTool serialVersionUID has no describle
10:43:44 606 ERROR [main] com.cs.tool.impl.XmlTool serialVersionUID has no @Describle annotation
10:43:44 606 ERROR [main] com.cs.tool.impl.XmlTool serialVersionUID has no describle
10:43:44 606 INFO  [main] com.cs.tool.impl.XmlTool com.cs.base.def.type.function.WorldMapFunctionDef excel load successful
10:43:44 607 ERROR [main] com.cs.tool.impl.XmlTool serialVersionUID has no @Describle annotation
10:43:44 607 ERROR [main] com.cs.tool.impl.XmlTool com.cs.base.def.type.item.SkillBookDef has no method setSerialVersionUID
10:43:44 608 ERROR [main] com.cs.tool.impl.XmlTool serialVersionUID has no @Describle annotation
10:43:44 608 ERROR [main] com.cs.tool.impl.XmlTool com.cs.base.def.type.item.SkillBookDef has no method setSerialVersionUID
10:43:44 608 INFO  [main] com.cs.tool.impl.XmlTool com.cs.base.def.type.item.SkillBookDef xml loadding successful
10:43:44 608 ERROR [main] com.cs.tool.impl.XmlTool serialVersionUID has no @Describle annotation
10:43:44 608 ERROR [main] com.cs.tool.impl.XmlTool serialVersionUID has no describle
10:43:44 609 ERROR [main] com.cs.tool.impl.XmlTool serialVersionUID has no @Describle annotation
10:43:44 609 ERROR [main] com.cs.tool.impl.XmlTool serialVersionUID has no describle
10:43:44 609 INFO  [main] com.cs.tool.impl.XmlTool com.cs.base.def.type.item.SkillBookDef excel load successful
10:43:44 609 ERROR [main] com.cs.tool.impl.XmlTool serialVersionUID has no @Describle annotation
10:43:44 610 ERROR [main] com.cs.tool.impl.XmlTool com.cs.base.def.type.item.GemDef has no method setSerialVersionUID
10:43:44 610 ERROR [main] com.cs.tool.impl.XmlTool serialVersionUID has no @Describle annotation
10:43:44 611 ERROR [main] com.cs.tool.impl.XmlTool com.cs.base.def.type.item.GemDef has no method setSerialVersionUID
10:43:44 611 INFO  [main] com.cs.tool.impl.XmlTool com.cs.base.def.type.item.GemDef xml loadding successful
10:43:44 611 ERROR [main] com.cs.tool.impl.XmlTool serialVersionUID has no @Describle annotation
10:43:44 611 ERROR [main] com.cs.tool.impl.XmlTool serialVersionUID has no describle
10:43:44 612 ERROR [main] com.cs.tool.impl.XmlTool serialVersionUID has no @Describle annotation
10:43:44 612 ERROR [main] com.cs.tool.impl.XmlTool serialVersionUID has no describle
10:43:44 612 INFO  [main] com.cs.tool.impl.XmlTool com.cs.base.def.type.item.GemDef excel load successful
10:43:44 613 ERROR [main] com.cs.tool.impl.XmlTool serialVersionUID has no @Describle annotation
10:43:44 613 ERROR [main] com.cs.tool.impl.XmlTool com.cs.base.def.type.item.EquipDef has no method setSerialVersionUID
10:43:44 614 ERROR [main] com.cs.tool.impl.XmlTool serialVersionUID has no @Describle annotation
10:43:44 614 ERROR [main] com.cs.tool.impl.XmlTool com.cs.base.def.type.item.EquipDef has no method setSerialVersionUID
10:43:44 615 INFO  [main] com.cs.tool.impl.XmlTool com.cs.base.def.type.item.EquipDef xml loadding successful
10:43:44 615 ERROR [main] com.cs.tool.impl.XmlTool serialVersionUID has no @Describle annotation
10:43:44 615 ERROR [main] com.cs.tool.impl.XmlTool serialVersionUID has no describle
10:43:44 616 ERROR [main] com.cs.tool.impl.XmlTool serialVersionUID has no @Describle annotation
10:43:44 616 ERROR [main] com.cs.tool.impl.XmlTool serialVersionUID has no describle
10:43:44 617 INFO  [main] com.cs.tool.impl.XmlTool com.cs.base.def.type.item.EquipDef excel load successful
10:43:44 617 ERROR [main] com.cs.tool.impl.XmlTool serialVersionUID has no @Describle annotation
10:43:44 617 ERROR [main] com.cs.tool.impl.XmlTool com.cs.base.def.type.item.IncreateItemDef has no method setSerialVersionUID
10:43:44 618 ERROR [main] com.cs.tool.impl.XmlTool serialVersionUID has no @Describle annotation
10:43:44 618 ERROR [main] com.cs.tool.impl.XmlTool com.cs.base.def.type.item.IncreateItemDef has no method setSerialVersionUID
10:43:44 619 INFO  [main] com.cs.tool.impl.XmlTool com.cs.base.def.type.item.IncreateItemDef xml loadding successful
10:43:44 619 ERROR [main] com.cs.tool.impl.XmlTool serialVersionUID has no @Describle annotation
10:43:44 619 ERROR [main] com.cs.tool.impl.XmlTool serialVersionUID has no describle
10:43:44 620 ERROR [main] com.cs.tool.impl.XmlTool serialVersionUID has no @Describle annotation
10:43:44 620 ERROR [main] com.cs.tool.impl.XmlTool serialVersionUID has no describle
10:43:44 620 INFO  [main] com.cs.tool.impl.XmlTool com.cs.base.def.type.item.IncreateItemDef excel load successful
10:43:44 620 ERROR [main] com.cs.tool.impl.XmlTool serialVersionUID has no @Describle annotation
10:43:44 620 ERROR [main] com.cs.tool.impl.XmlTool com.cs.base.def.type.item.ScrollItemDef has no method setSerialVersionUID
10:43:44 621 ERROR [main] com.cs.tool.impl.XmlTool serialVersionUID has no @Describle annotation
10:43:44 621 ERROR [main] com.cs.tool.impl.XmlTool com.cs.base.def.type.item.ScrollItemDef has no method setSerialVersionUID
10:43:44 621 INFO  [main] com.cs.tool.impl.XmlTool com.cs.base.def.type.item.ScrollItemDef xml loadding successful
10:43:44 621 ERROR [main] com.cs.tool.impl.XmlTool serialVersionUID has no @Describle annotation
10:43:44 621 ERROR [main] com.cs.tool.impl.XmlTool serialVersionUID has no describle
10:43:44 622 ERROR [main] com.cs.tool.impl.XmlTool serialVersionUID has no @Describle annotation
10:43:44 622 ERROR [main] com.cs.tool.impl.XmlTool serialVersionUID has no describle
10:43:44 622 INFO  [main] com.cs.tool.impl.XmlTool com.cs.base.def.type.item.ScrollItemDef excel load successful
10:43:44 622 ERROR [main] com.cs.tool.impl.XmlTool serialVersionUID has no @Describle annotation
10:43:44 623 ERROR [main] com.cs.tool.impl.XmlTool com.cs.base.def.type.item.ResourcesItemDef has no method setSerialVersionUID
10:43:44 624 ERROR [main] com.cs.tool.impl.XmlTool serialVersionUID has no @Describle annotation
10:43:44 624 ERROR [main] com.cs.tool.impl.XmlTool com.cs.base.def.type.item.ResourcesItemDef has no method setSerialVersionUID
10:43:44 624 INFO  [main] com.cs.tool.impl.XmlTool com.cs.base.def.type.item.ResourcesItemDef xml loadding successful
10:43:44 624 ERROR [main] com.cs.tool.impl.XmlTool serialVersionUID has no @Describle annotation
10:43:44 624 ERROR [main] com.cs.tool.impl.XmlTool serialVersionUID has no describle
10:43:44 625 ERROR [main] com.cs.tool.impl.XmlTool serialVersionUID has no @Describle annotation
10:43:44 625 ERROR [main] com.cs.tool.impl.XmlTool serialVersionUID has no describle
10:43:44 625 INFO  [main] com.cs.tool.impl.XmlTool com.cs.base.def.type.item.ResourcesItemDef excel load successful
10:43:44 625 ERROR [main] com.cs.tool.impl.XmlTool serialVersionUID has no @Describle annotation
10:43:44 625 ERROR [main] com.cs.tool.impl.XmlTool com.cs.base.def.type.item.NomalItemDef has no method setSerialVersionUID
10:43:44 627 ERROR [main] com.cs.tool.impl.XmlTool serialVersionUID has no @Describle annotation
10:43:44 627 ERROR [main] com.cs.tool.impl.XmlTool com.cs.base.def.type.item.NomalItemDef has no method setSerialVersionUID
10:43:44 627 INFO  [main] com.cs.tool.impl.XmlTool com.cs.base.def.type.item.NomalItemDef xml loadding successful
10:43:44 627 ERROR [main] com.cs.tool.impl.XmlTool serialVersionUID has no @Describle annotation
10:43:44 627 ERROR [main] com.cs.tool.impl.XmlTool serialVersionUID has no describle
10:43:44 628 ERROR [main] com.cs.tool.impl.XmlTool serialVersionUID has no @Describle annotation
10:43:44 628 ERROR [main] com.cs.tool.impl.XmlTool serialVersionUID has no describle
10:43:44 628 INFO  [main] com.cs.tool.impl.XmlTool com.cs.base.def.type.item.NomalItemDef excel load successful
10:43:44 628 ERROR [main] com.cs.tool.impl.XmlTool serialVersionUID has no @Describle annotation
10:43:44 628 ERROR [main] com.cs.tool.impl.XmlTool com.cs.base.def.type.item.GoldItemDef has no method setSerialVersionUID
10:43:44 629 ERROR [main] com.cs.tool.impl.XmlTool serialVersionUID has no @Describle annotation
10:43:44 629 ERROR [main] com.cs.tool.impl.XmlTool com.cs.base.def.type.item.GoldItemDef has no method setSerialVersionUID
10:43:44 629 INFO  [main] com.cs.tool.impl.XmlTool com.cs.base.def.type.item.GoldItemDef xml loadding successful
10:43:44 629 ERROR [main] com.cs.tool.impl.XmlTool serialVersionUID has no @Describle annotation
10:43:44 629 ERROR [main] com.cs.tool.impl.XmlTool serialVersionUID has no describle
10:43:44 630 ERROR [main] com.cs.tool.impl.XmlTool serialVersionUID has no @Describle annotation
10:43:44 630 ERROR [main] com.cs.tool.impl.XmlTool serialVersionUID has no describle
10:43:44 630 INFO  [main] com.cs.tool.impl.XmlTool com.cs.base.def.type.item.GoldItemDef excel load successful
10:43:44 631 ERROR [main] com.cs.tool.impl.XmlTool serialVersionUID has no @Describle annotation
10:43:44 631 ERROR [main] com.cs.tool.impl.XmlTool com.cs.base.def.type.item.ExpConsumeItemDef has no method setSerialVersionUID
10:43:44 632 ERROR [main] com.cs.tool.impl.XmlTool serialVersionUID has no @Describle annotation
10:43:44 632 ERROR [main] com.cs.tool.impl.XmlTool com.cs.base.def.type.item.ExpConsumeItemDef has no method setSerialVersionUID
10:43:44 632 INFO  [main] com.cs.tool.impl.XmlTool com.cs.base.def.type.item.ExpConsumeItemDef xml loadding successful
10:43:44 632 ERROR [main] com.cs.tool.impl.XmlTool serialVersionUID has no @Describle annotation
10:43:44 632 ERROR [main] com.cs.tool.impl.XmlTool serialVersionUID has no describle
10:43:44 633 ERROR [main] com.cs.tool.impl.XmlTool serialVersionUID has no @Describle annotation
10:43:44 633 ERROR [main] com.cs.tool.impl.XmlTool serialVersionUID has no describle
10:43:44 633 INFO  [main] com.cs.tool.impl.XmlTool com.cs.base.def.type.item.ExpConsumeItemDef excel load successful
10:43:44 633 ERROR [main] com.cs.tool.impl.XmlTool serialVersionUID has no @Describle annotation
10:43:44 633 ERROR [main] com.cs.tool.impl.XmlTool com.cs.base.def.type.item.ExpSwordItemDef has no method setSerialVersionUID
10:43:44 634 ERROR [main] com.cs.tool.impl.XmlTool serialVersionUID has no @Describle annotation
10:43:44 635 ERROR [main] com.cs.tool.impl.XmlTool com.cs.base.def.type.item.ExpSwordItemDef has no method setSerialVersionUID
10:43:44 635 INFO  [main] com.cs.tool.impl.XmlTool com.cs.base.def.type.item.ExpSwordItemDef xml loadding successful
10:43:44 635 ERROR [main] com.cs.tool.impl.XmlTool serialVersionUID has no @Describle annotation
10:43:44 635 ERROR [main] com.cs.tool.impl.XmlTool serialVersionUID has no describle
10:43:44 636 ERROR [main] com.cs.tool.impl.XmlTool serialVersionUID has no @Describle annotation
10:43:44 636 ERROR [main] com.cs.tool.impl.XmlTool serialVersionUID has no describle
10:43:44 636 INFO  [main] com.cs.tool.impl.XmlTool com.cs.base.def.type.item.ExpSwordItemDef excel load successful
10:43:44 636 ERROR [main] com.cs.tool.impl.XmlTool serialVersionUID has no @Describle annotation
10:43:44 636 ERROR [main] com.cs.tool.impl.XmlTool com.cs.base.def.type.item.BlessConsumeItemDef has no method setSerialVersionUID
10:43:44 637 ERROR [main] com.cs.tool.impl.XmlTool serialVersionUID has no @Describle annotation
10:43:44 637 ERROR [main] com.cs.tool.impl.XmlTool com.cs.base.def.type.item.BlessConsumeItemDef has no method setSerialVersionUID
10:43:44 637 INFO  [main] com.cs.tool.impl.XmlTool com.cs.base.def.type.item.BlessConsumeItemDef xml loadding successful
10:43:44 638 ERROR [main] com.cs.tool.impl.XmlTool serialVersionUID has no @Describle annotation
10:43:44 638 ERROR [main] com.cs.tool.impl.XmlTool serialVersionUID has no describle
10:43:44 639 ERROR [main] com.cs.tool.impl.XmlTool serialVersionUID has no @Describle annotation
10:43:44 639 ERROR [main] com.cs.tool.impl.XmlTool serialVersionUID has no describle
10:43:44 639 INFO  [main] com.cs.tool.impl.XmlTool com.cs.base.def.type.item.BlessConsumeItemDef excel load successful
10:43:44 639 ERROR [main] com.cs.tool.impl.XmlTool serialVersionUID has no @Describle annotation
10:43:44 639 ERROR [main] com.cs.tool.impl.XmlTool com.cs.base.def.type.item.CurrencyItemDef has no method setSerialVersionUID
10:43:44 640 ERROR [main] com.cs.tool.impl.XmlTool serialVersionUID has no @Describle annotation
10:43:44 640 ERROR [main] com.cs.tool.impl.XmlTool com.cs.base.def.type.item.CurrencyItemDef has no method setSerialVersionUID
10:43:44 640 INFO  [main] com.cs.tool.impl.XmlTool com.cs.base.def.type.item.CurrencyItemDef xml loadding successful
10:43:44 640 ERROR [main] com.cs.tool.impl.XmlTool serialVersionUID has no @Describle annotation
10:43:44 640 ERROR [main] com.cs.tool.impl.XmlTool serialVersionUID has no describle
10:43:44 641 ERROR [main] com.cs.tool.impl.XmlTool serialVersionUID has no @Describle annotation
10:43:44 641 ERROR [main] com.cs.tool.impl.XmlTool serialVersionUID has no describle
10:43:44 641 INFO  [main] com.cs.tool.impl.XmlTool com.cs.base.def.type.item.CurrencyItemDef excel load successful
10:43:44 642 ERROR [main] com.cs.tool.impl.XmlTool serialVersionUID has no @Describle annotation
10:43:44 642 ERROR [main] com.cs.tool.impl.XmlTool com.cs.base.def.type.item.PotionItemDef has no method setSerialVersionUID
10:43:44 643 ERROR [main] com.cs.tool.impl.XmlTool serialVersionUID has no @Describle annotation
10:43:44 643 ERROR [main] com.cs.tool.impl.XmlTool com.cs.base.def.type.item.PotionItemDef has no method setSerialVersionUID
10:43:44 643 INFO  [main] com.cs.tool.impl.XmlTool com.cs.base.def.type.item.PotionItemDef xml loadding successful
10:43:44 643 ERROR [main] com.cs.tool.impl.XmlTool serialVersionUID has no @Describle annotation
10:43:44 643 ERROR [main] com.cs.tool.impl.XmlTool serialVersionUID has no describle
10:43:44 644 ERROR [main] com.cs.tool.impl.XmlTool serialVersionUID has no @Describle annotation
10:43:44 644 ERROR [main] com.cs.tool.impl.XmlTool serialVersionUID has no describle
10:43:44 645 INFO  [main] com.cs.tool.impl.XmlTool com.cs.base.def.type.item.PotionItemDef excel load successful
10:43:44 645 ERROR [main] com.cs.tool.impl.XmlTool serialVersionUID has no @Describle annotation
10:43:44 645 ERROR [main] com.cs.tool.impl.XmlTool com.cs.base.def.type.item.TaskItemDef has no method setSerialVersionUID
10:43:44 646 ERROR [main] com.cs.tool.impl.XmlTool serialVersionUID has no @Describle annotation
10:43:44 646 ERROR [main] com.cs.tool.impl.XmlTool com.cs.base.def.type.item.TaskItemDef has no method setSerialVersionUID
10:43:44 646 INFO  [main] com.cs.tool.impl.XmlTool com.cs.base.def.type.item.TaskItemDef xml loadding successful
10:43:44 646 ERROR [main] com.cs.tool.impl.XmlTool serialVersionUID has no @Describle annotation
10:43:44 646 ERROR [main] com.cs.tool.impl.XmlTool serialVersionUID has no describle
10:43:44 647 ERROR [main] com.cs.tool.impl.XmlTool serialVersionUID has no @Describle annotation
10:43:44 647 ERROR [main] com.cs.tool.impl.XmlTool serialVersionUID has no describle
10:43:44 647 INFO  [main] com.cs.tool.impl.XmlTool com.cs.base.def.type.item.TaskItemDef excel load successful
10:43:44 648 ERROR [main] com.cs.tool.impl.XmlTool serialVersionUID has no @Describle annotation
10:43:44 648 ERROR [main] com.cs.tool.impl.XmlTool com.cs.base.def.type.item.ChestDef has no method setSerialVersionUID
10:43:44 649 ERROR [main] com.cs.tool.impl.XmlTool serialVersionUID has no @Describle annotation
10:43:44 649 ERROR [main] com.cs.tool.impl.XmlTool com.cs.base.def.type.item.ChestDef has no method setSerialVersionUID
10:43:44 649 INFO  [main] com.cs.tool.impl.XmlTool com.cs.base.def.type.item.ChestDef xml loadding successful
10:43:44 649 ERROR [main] com.cs.tool.impl.XmlTool serialVersionUID has no @Describle annotation
10:43:44 649 ERROR [main] com.cs.tool.impl.XmlTool serialVersionUID has no describle
10:43:44 650 ERROR [main] com.cs.tool.impl.XmlTool serialVersionUID has no @Describle annotation
10:43:44 650 ERROR [main] com.cs.tool.impl.XmlTool serialVersionUID has no describle
10:43:44 650 INFO  [main] com.cs.tool.impl.XmlTool com.cs.base.def.type.item.ChestDef excel load successful
10:43:44 651 ERROR [main] com.cs.tool.impl.XmlTool serialVersionUID has no @Describle annotation
10:43:44 651 ERROR [main] com.cs.tool.impl.XmlTool com.cs.base.def.type.mission.ItemGivenMissionDef has no method setSerialVersionUID
10:43:44 651 ERROR [main] com.cs.tool.impl.XmlTool serialVersionUID has no @Describle annotation
10:43:44 651 ERROR [main] com.cs.tool.impl.XmlTool com.cs.base.def.type.mission.ItemGivenMissionDef has no method setSerialVersionUID
10:43:44 652 INFO  [main] com.cs.tool.impl.XmlTool com.cs.base.def.type.mission.ItemGivenMissionDef xml loadding successful
10:43:44 652 ERROR [main] com.cs.tool.impl.XmlTool serialVersionUID has no @Describle annotation
10:43:44 652 ERROR [main] com.cs.tool.impl.XmlTool serialVersionUID has no describle
10:43:44 652 ERROR [main] com.cs.tool.impl.XmlTool serialVersionUID has no @Describle annotation
10:43:44 652 ERROR [main] com.cs.tool.impl.XmlTool serialVersionUID has no describle
10:43:44 652 INFO  [main] com.cs.tool.impl.XmlTool com.cs.base.def.type.mission.ItemGivenMissionDef excel load successful
10:43:44 652 ERROR [main] com.cs.tool.impl.XmlTool serialVersionUID has no @Describle annotation
10:43:44 652 ERROR [main] com.cs.tool.impl.XmlTool com.cs.base.def.type.mission.HuntMonsterMissionDef has no method setSerialVersionUID
10:43:44 653 ERROR [main] com.cs.tool.impl.XmlTool serialVersionUID has no @Describle annotation
10:43:44 653 ERROR [main] com.cs.tool.impl.XmlTool com.cs.base.def.type.mission.HuntMonsterMissionDef has no method setSerialVersionUID
10:43:44 653 INFO  [main] com.cs.tool.impl.XmlTool com.cs.base.def.type.mission.HuntMonsterMissionDef xml loadding successful
10:43:44 653 ERROR [main] com.cs.tool.impl.XmlTool serialVersionUID has no @Describle annotation
10:43:44 653 ERROR [main] com.cs.tool.impl.XmlTool serialVersionUID has no describle
10:43:44 653 ERROR [main] com.cs.tool.impl.XmlTool serialVersionUID has no @Describle annotation
10:43:44 653 ERROR [main] com.cs.tool.impl.XmlTool serialVersionUID has no describle
10:43:44 654 INFO  [main] com.cs.tool.impl.XmlTool com.cs.base.def.type.mission.HuntMonsterMissionDef excel load successful
10:43:44 654 ERROR [main] com.cs.tool.impl.XmlTool serialVersionUID has no @Describle annotation
10:43:44 654 ERROR [main] com.cs.tool.impl.XmlTool com.cs.base.def.type.mission.EnterZoneMissionDef has no method setSerialVersionUID
10:43:44 654 ERROR [main] com.cs.tool.impl.XmlTool serialVersionUID has no @Describle annotation
10:43:44 654 ERROR [main] com.cs.tool.impl.XmlTool com.cs.base.def.type.mission.EnterZoneMissionDef has no method setSerialVersionUID
10:43:44 655 INFO  [main] com.cs.tool.impl.XmlTool com.cs.base.def.type.mission.EnterZoneMissionDef xml loadding successful
10:43:44 655 ERROR [main] com.cs.tool.impl.XmlTool serialVersionUID has no @Describle annotation
10:43:44 655 ERROR [main] com.cs.tool.impl.XmlTool serialVersionUID has no describle
10:43:44 655 ERROR [main] com.cs.tool.impl.XmlTool serialVersionUID has no @Describle annotation
10:43:44 655 ERROR [main] com.cs.tool.impl.XmlTool serialVersionUID has no describle
10:43:44 655 INFO  [main] com.cs.tool.impl.XmlTool com.cs.base.def.type.mission.EnterZoneMissionDef excel load successful
10:43:44 655 ERROR [main] com.cs.tool.impl.XmlTool serialVersionUID has no @Describle annotation
10:43:44 656 ERROR [main] com.cs.tool.impl.XmlTool com.cs.base.def.type.mission.CollectMissionDef has no method setSerialVersionUID
10:43:44 656 ERROR [main] com.cs.tool.impl.XmlTool serialVersionUID has no @Describle annotation
10:43:44 656 ERROR [main] com.cs.tool.impl.XmlTool com.cs.base.def.type.mission.CollectMissionDef has no method setSerialVersionUID
10:43:44 656 INFO  [main] com.cs.tool.impl.XmlTool com.cs.base.def.type.mission.CollectMissionDef xml loadding successful
10:43:44 656 ERROR [main] com.cs.tool.impl.XmlTool serialVersionUID has no @Describle annotation
10:43:44 656 ERROR [main] com.cs.tool.impl.XmlTool serialVersionUID has no describle
10:43:44 656 ERROR [main] com.cs.tool.impl.XmlTool serialVersionUID has no @Describle annotation
10:43:44 656 ERROR [main] com.cs.tool.impl.XmlTool serialVersionUID has no describle
10:43:44 657 INFO  [main] com.cs.tool.impl.XmlTool com.cs.base.def.type.mission.CollectMissionDef excel load successful
10:43:44 657 ERROR [main] com.cs.tool.impl.XmlTool serialVersionUID has no @Describle annotation
10:43:44 657 ERROR [main] com.cs.tool.impl.XmlTool com.cs.base.def.type.mission.LevelUpMissionDef has no method setSerialVersionUID
10:43:44 657 ERROR [main] com.cs.tool.impl.XmlTool serialVersionUID has no @Describle annotation
10:43:44 657 ERROR [main] com.cs.tool.impl.XmlTool com.cs.base.def.type.mission.LevelUpMissionDef has no method setSerialVersionUID
10:43:44 657 INFO  [main] com.cs.tool.impl.XmlTool com.cs.base.def.type.mission.LevelUpMissionDef xml loadding successful
10:43:44 657 ERROR [main] com.cs.tool.impl.XmlTool serialVersionUID has no @Describle annotation
10:43:44 658 ERROR [main] com.cs.tool.impl.XmlTool serialVersionUID has no describle
10:43:44 658 ERROR [main] com.cs.tool.impl.XmlTool serialVersionUID has no @Describle annotation
10:43:44 658 ERROR [main] com.cs.tool.impl.XmlTool serialVersionUID has no describle
10:43:44 658 INFO  [main] com.cs.tool.impl.XmlTool com.cs.base.def.type.mission.LevelUpMissionDef excel load successful
10:43:44 658 ERROR [main] com.cs.tool.impl.XmlTool serialVersionUID has no @Describle annotation
10:43:44 658 ERROR [main] com.cs.tool.impl.XmlTool com.cs.base.def.type.mission.ItemUseMissionDef has no method setSerialVersionUID
10:43:44 658 ERROR [main] com.cs.tool.impl.XmlTool serialVersionUID has no @Describle annotation
10:43:44 658 ERROR [main] com.cs.tool.impl.XmlTool com.cs.base.def.type.mission.ItemUseMissionDef has no method setSerialVersionUID
10:43:44 659 INFO  [main] com.cs.tool.impl.XmlTool com.cs.base.def.type.mission.ItemUseMissionDef xml loadding successful
10:43:44 659 ERROR [main] com.cs.tool.impl.XmlTool serialVersionUID has no @Describle annotation
10:43:44 659 ERROR [main] com.cs.tool.impl.XmlTool serialVersionUID has no describle
10:43:44 659 ERROR [main] com.cs.tool.impl.XmlTool serialVersionUID has no @Describle annotation
10:43:44 659 ERROR [main] com.cs.tool.impl.XmlTool serialVersionUID has no describle
10:43:44 659 INFO  [main] com.cs.tool.impl.XmlTool com.cs.base.def.type.mission.ItemUseMissionDef excel load successful
10:43:44 659 ERROR [main] com.cs.tool.impl.XmlTool serialVersionUID has no @Describle annotation
10:43:44 659 ERROR [main] com.cs.tool.impl.XmlTool com.cs.base.def.type.mission.TalkMissionDef has no method setSerialVersionUID
10:43:44 659 ERROR [main] com.cs.tool.impl.XmlTool serialVersionUID has no @Describle annotation
10:43:44 659 ERROR [main] com.cs.tool.impl.XmlTool com.cs.base.def.type.mission.TalkMissionDef has no method setSerialVersionUID
10:43:44 660 INFO  [main] com.cs.tool.impl.XmlTool com.cs.base.def.type.mission.TalkMissionDef xml loadding successful
10:43:44 660 ERROR [main] com.cs.tool.impl.XmlTool serialVersionUID has no @Describle annotation
10:43:44 660 ERROR [main] com.cs.tool.impl.XmlTool serialVersionUID has no describle
10:43:44 660 ERROR [main] com.cs.tool.impl.XmlTool serialVersionUID has no @Describle annotation
10:43:44 660 ERROR [main] com.cs.tool.impl.XmlTool serialVersionUID has no describle
10:43:44 660 INFO  [main] com.cs.tool.impl.XmlTool com.cs.base.def.type.mission.TalkMissionDef excel load successful
