10:44:09 692 ERROR [main] com.cs.tool.impl.XmlTool serialVersionUID has no @Describle annotation
10:44:09 695 ERROR [main] com.cs.tool.impl.XmlTool com.cs.base.def.type.SkillDef has no method setSerialVersionUID
10:44:09 700 ERROR [main] com.cs.tool.impl.XmlTool serialVersionUID has no @Describle annotation
10:44:09 700 ERROR [main] com.cs.tool.impl.XmlTool serialVersionUID has no describle
10:44:09 703 ERROR [main] com.cs.tool.impl.XmlTool serialVersionUID has no @Describle annotation
10:44:09 703 ERROR [main] com.cs.tool.impl.XmlTool com.cs.base.def.type.RewardDef has no method setSerialVersionUID
10:44:09 705 ERROR [main] com.cs.tool.impl.XmlTool serialVersionUID has no @Describle annotation
10:44:09 705 ERROR [main] com.cs.tool.impl.XmlTool serialVersionUID has no describle
10:44:09 706 ERROR [main] com.cs.tool.impl.XmlTool serialVersionUID has no @Describle annotation
10:44:09 706 ERROR [main] com.cs.tool.impl.XmlTool com.cs.base.def.type.BlockUnlockDef has no method setSerialVersionUID
10:44:09 707 ERROR [main] com.cs.tool.impl.XmlTool serialVersionUID has no @Describle annotation
10:44:09 707 ERROR [main] com.cs.tool.impl.XmlTool serialVersionUID has no describle
10:44:09 708 ERROR [main] com.cs.tool.impl.XmlTool serialVersionUID has no @Describle annotation
10:44:09 708 ERROR [main] com.cs.tool.impl.XmlTool com.cs.base.def.type.AIDef has no method setSerialVersionUID
10:44:09 709 ERROR [main] com.cs.tool.impl.XmlTool serialVersionUID has no @Describle annotation
10:44:09 709 ERROR [main] com.cs.tool.impl.XmlTool serialVersionUID has no describle
10:44:09 709 ERROR [main] com.cs.tool.impl.XmlTool serialVersionUID has no @Describle annotation
10:44:09 710 ERROR [main] com.cs.tool.impl.XmlTool com.cs.base.def.type.StrengthEquipDef has no method setSerialVersionUID
10:44:09 710 ERROR [main] com.cs.tool.impl.XmlTool serialVersionUID has no @Describle annotation
10:44:09 710 ERROR [main] com.cs.tool.impl.XmlTool serialVersionUID has no describle
10:44:09 711 ERROR [main] com.cs.tool.impl.XmlTool serialVersionUID has no @Describle annotation
10:44:09 711 ERROR [main] com.cs.tool.impl.XmlTool com.cs.base.def.type.GemCompoundDef has no method setSerialVersionUID
10:44:09 712 ERROR [main] com.cs.tool.impl.XmlTool serialVersionUID has no @Describle annotation
10:44:09 712 ERROR [main] com.cs.tool.impl.XmlTool serialVersionUID has no describle
10:44:09 713 ERROR [main] com.cs.tool.impl.XmlTool serialVersionUID has no @Describle annotation
10:44:09 713 ERROR [main] com.cs.tool.impl.XmlTool com.cs.base.def.type.BuffDef has no method setSerialVersionUID
10:44:09 715 ERROR [main] com.cs.tool.impl.XmlTool serialVersionUID has no @Describle annotation
10:44:09 715 ERROR [main] com.cs.tool.impl.XmlTool com.cs.base.def.entity.BuffTriggerDef dosen't has the method setSerialVersionUID
10:44:09 715 ERROR [main] com.cs.tool.impl.XmlTool serialVersionUID has no @Describle annotation
10:44:09 715 ERROR [main] com.cs.tool.impl.XmlTool serialVersionUID has no describle
10:44:09 717 ERROR [main] com.cs.tool.impl.XmlTool serialVersionUID has no @Describle annotation
10:44:09 717 ERROR [main] com.cs.tool.impl.XmlTool com.cs.base.def.type.ShopItemDef has no method setSerialVersionUID
10:44:09 718 ERROR [main] com.cs.tool.impl.XmlTool serialVersionUID has no @Describle annotation
10:44:09 718 ERROR [main] com.cs.tool.impl.XmlTool serialVersionUID has no describle
10:44:09 720 ERROR [main] com.cs.tool.impl.XmlTool serialVersionUID has no @Describle annotation
10:44:09 721 ERROR [main] com.cs.tool.impl.XmlTool com.cs.base.def.type.MonsterDef has no method setSerialVersionUID
10:44:09 723 ERROR [main] com.cs.tool.impl.XmlTool serialVersionUID has no @Describle annotation
10:44:09 723 ERROR [main] com.cs.tool.impl.XmlTool serialVersionUID has no describle
10:44:09 726 ERROR [main] com.cs.tool.impl.XmlTool serialVersionUID has no @Describle annotation
10:44:09 726 ERROR [main] com.cs.tool.impl.XmlTool com.cs.base.def.type.PkValueDef has no method setSerialVersionUID
10:44:09 727 ERROR [main] com.cs.tool.impl.XmlTool serialVersionUID has no @Describle annotation
10:44:09 727 ERROR [main] com.cs.tool.impl.XmlTool serialVersionUID has no describle
10:44:09 727 ERROR [main] com.cs.tool.impl.XmlTool serialVersionUID has no @Describle annotation
10:44:09 728 ERROR [main] com.cs.tool.impl.XmlTool com.cs.base.def.type.HoleSiteDef has no method setSerialVersionUID
10:44:09 728 ERROR [main] com.cs.tool.impl.XmlTool serialVersionUID has no @Describle annotation
10:44:09 728 ERROR [main] com.cs.tool.impl.XmlTool serialVersionUID has no describle
10:44:09 729 ERROR [main] com.cs.tool.impl.XmlTool serialVersionUID has no @Describle annotation
10:44:09 729 ERROR [main] com.cs.tool.impl.XmlTool com.cs.base.def.type.PolishEquipDef has no method setSerialVersionUID
10:44:09 729 ERROR [main] com.cs.tool.impl.XmlTool serialVersionUID has no @Describle annotation
10:44:09 729 ERROR [main] com.cs.tool.impl.XmlTool serialVersionUID has no describle
10:44:09 730 ERROR [main] com.cs.tool.impl.XmlTool serialVersionUID has no @Describle annotation
10:44:09 730 ERROR [main] com.cs.tool.impl.XmlTool com.cs.base.def.type.RobotSkillDef has no method setSerialVersionUID
10:44:09 731 ERROR [main] com.cs.tool.impl.XmlTool serialVersionUID has no @Describle annotation
10:44:09 731 ERROR [main] com.cs.tool.impl.XmlTool serialVersionUID has no describle
10:44:09 731 ERROR [main] com.cs.tool.impl.XmlTool serialVersionUID has no @Describle annotation
10:44:09 731 ERROR [main] com.cs.tool.impl.XmlTool com.cs.base.def.type.EquipSuitDef has no method setSerialVersionUID
10:44:09 732 ERROR [main] com.cs.tool.impl.XmlTool serialVersionUID has no @Describle annotation
10:44:09 732 ERROR [main] com.cs.tool.impl.XmlTool serialVersionUID has no describle
10:44:09 732 ERROR [main] com.cs.tool.impl.XmlTool serialVersionUID has no @Describle annotation
10:44:09 732 ERROR [main] com.cs.tool.impl.XmlTool com.cs.base.def.type.BlessingDef has no method setSerialVersionUID
10:44:09 733 ERROR [main] com.cs.tool.impl.XmlTool serialVersionUID has no @Describle annotation
10:44:09 733 ERROR [main] com.cs.tool.impl.XmlTool serialVersionUID has no describle
10:44:09 734 ERROR [main] com.cs.tool.impl.XmlTool serialVersionUID has no @Describle annotation
10:44:09 735 ERROR [main] com.cs.tool.impl.XmlTool com.cs.base.def.type.MapDef has no method setSerialVersionUID
10:44:09 737 ERROR [main] com.cs.tool.impl.XmlTool serialVersionUID has no @Describle annotation
10:44:09 737 ERROR [main] com.cs.tool.impl.XmlTool com.cs.base.def.entity.PolygonDef dosen't has the method setSerialVersionUID
10:44:09 737 ERROR [main] com.cs.tool.impl.XmlTool serialVersionUID has no @Describle annotation
10:44:09 737 ERROR [main] com.cs.tool.impl.XmlTool com.cs.base.def.entity.PointDef dosen't has the method setSerialVersionUID
10:44:09 738 ERROR [main] com.cs.tool.impl.XmlTool serialVersionUID has no @Describle annotation
10:44:09 738 ERROR [main] com.cs.tool.impl.XmlTool com.cs.base.def.entity.PolygonDef dosen't has the method setSerialVersionUID
10:44:09 738 ERROR [main] com.cs.tool.impl.XmlTool serialVersionUID has no @Describle annotation
10:44:09 738 ERROR [main] com.cs.tool.impl.XmlTool com.cs.base.def.entity.PointDef dosen't has the method setSerialVersionUID
10:44:09 738 ERROR [main] com.cs.tool.impl.XmlTool serialVersionUID has no @Describle annotation
10:44:09 738 ERROR [main] com.cs.tool.impl.XmlTool com.cs.base.def.entity.PolygonDef dosen't has the method setSerialVersionUID
10:44:09 738 ERROR [main] com.cs.tool.impl.XmlTool serialVersionUID has no @Describle annotation
10:44:09 739 ERROR [main] com.cs.tool.impl.XmlTool com.cs.base.def.entity.PointDef dosen't has the method setSerialVersionUID
10:44:09 739 ERROR [main] com.cs.tool.impl.XmlTool serialVersionUID has no @Describle annotation
10:44:09 739 ERROR [main] com.cs.tool.impl.XmlTool com.cs.base.def.entity.TeleportDef dosen't has the method setSerialVersionUID
10:44:09 740 ERROR [main] com.cs.tool.impl.XmlTool serialVersionUID has no @Describle annotation
10:44:09 740 ERROR [main] com.cs.tool.impl.XmlTool com.cs.base.def.entity.AreaDef dosen't has the method setSerialVersionUID
10:44:09 740 ERROR [main] com.cs.tool.impl.XmlTool serialVersionUID has no @Describle annotation
10:44:09 740 ERROR [main] com.cs.tool.impl.XmlTool com.cs.base.def.entity.PointDef dosen't has the method setSerialVersionUID
10:44:09 740 ERROR [main] com.cs.tool.impl.XmlTool serialVersionUID has no @Describle annotation
10:44:09 740 ERROR [main] com.cs.tool.impl.XmlTool com.cs.base.def.entity.MonsterRefreshDef dosen't has the method setSerialVersionUID
10:44:09 741 ERROR [main] com.cs.tool.impl.XmlTool serialVersionUID has no @Describle annotation
10:44:09 741 ERROR [main] com.cs.tool.impl.XmlTool com.cs.base.def.entity.MapNpcDef dosen't has the method setSerialVersionUID
10:44:09 742 ERROR [main] com.cs.tool.impl.XmlTool serialVersionUID has no @Describle annotation
10:44:09 742 ERROR [main] com.cs.tool.impl.XmlTool serialVersionUID has no describle
10:44:09 743 ERROR [main] com.cs.tool.impl.XmlTool serialVersionUID has no @Describle annotation
10:44:09 743 ERROR [main] com.cs.tool.impl.XmlTool com.cs.base.def.type.ConfigDef has no method setSerialVersionUID
10:44:09 744 ERROR [main] com.cs.tool.impl.XmlTool serialVersionUID has no @Describle annotation
10:44:09 744 ERROR [main] com.cs.tool.impl.XmlTool serialVersionUID has no describle
10:44:09 744 ERROR [main] com.cs.tool.impl.XmlTool serialVersionUID has no @Describle annotation
10:44:09 744 ERROR [main] com.cs.tool.impl.XmlTool com.cs.base.def.type.LevelDef has no method setSerialVersionUID
10:44:09 745 ERROR [main] com.cs.tool.impl.XmlTool serialVersionUID has no @Describle annotation
10:44:09 745 ERROR [main] com.cs.tool.impl.XmlTool serialVersionUID has no describle
10:44:09 745 ERROR [main] com.cs.tool.impl.XmlTool serialVersionUID has no @Describle annotation
10:44:09 745 ERROR [main] com.cs.tool.impl.XmlTool com.cs.base.def.type.MissionDef has no method setSerialVersionUID
10:44:09 748 ERROR [main] com.cs.tool.impl.XmlTool serialVersionUID has no @Describle annotation
10:44:09 748 ERROR [main] com.cs.tool.impl.XmlTool serialVersionUID has no describle
10:44:09 750 ERROR [main] com.cs.tool.impl.XmlTool serialVersionUID has no @Describle annotation
10:44:09 750 ERROR [main] com.cs.tool.impl.XmlTool com.cs.base.def.type.FamilyDef has no method setSerialVersionUID
10:44:09 751 ERROR [main] com.cs.tool.impl.XmlTool serialVersionUID has no @Describle annotation
10:44:09 751 ERROR [main] com.cs.tool.impl.XmlTool serialVersionUID has no describle
10:44:09 751 ERROR [main] com.cs.tool.impl.XmlTool serialVersionUID has no @Describle annotation
10:44:09 751 ERROR [main] com.cs.tool.impl.XmlTool com.cs.base.def.type.DropDef has no method setSerialVersionUID
10:44:09 752 ERROR [main] com.cs.tool.impl.XmlTool serialVersionUID has no @Describle annotation
10:44:09 752 ERROR [main] com.cs.tool.impl.XmlTool serialVersionUID has no describle
10:44:09 753 ERROR [main] com.cs.tool.impl.XmlTool serialVersionUID has no @Describle annotation
10:44:09 753 ERROR [main] com.cs.tool.impl.XmlTool com.cs.base.def.type.NPCDef has no method setSerialVersionUID
10:44:09 753 ERROR [main] com.cs.tool.impl.XmlTool serialVersionUID has no @Describle annotation
10:44:09 754 ERROR [main] com.cs.tool.impl.XmlTool serialVersionUID has no describle
10:44:09 754 ERROR [main] com.cs.tool.impl.XmlTool serialVersionUID has no @Describle annotation
10:44:09 754 ERROR [main] com.cs.tool.impl.XmlTool com.cs.base.def.type.DropGroupDef has no method setSerialVersionUID
10:44:09 754 ERROR [main] com.cs.tool.impl.XmlTool serialVersionUID has no @Describle annotation
10:44:09 755 ERROR [main] com.cs.tool.impl.XmlTool serialVersionUID has no describle
10:44:09 755 ERROR [main] com.cs.tool.impl.XmlTool serialVersionUID has no @Describle annotation
10:44:09 755 ERROR [main] com.cs.tool.impl.XmlTool com.cs.base.def.type.PetDef has no method setSerialVersionUID
10:44:09 756 ERROR [main] com.cs.tool.impl.XmlTool serialVersionUID has no @Describle annotation
10:44:09 756 ERROR [main] com.cs.tool.impl.XmlTool serialVersionUID has no describle
10:44:09 756 ERROR [main] com.cs.tool.impl.XmlTool serialVersionUID has no @Describle annotation
10:44:09 757 ERROR [main] com.cs.tool.impl.XmlTool com.cs.base.def.type.FamilyRoleJurisDef has no method setSerialVersionUID
10:44:09 757 ERROR [main] com.cs.tool.impl.XmlTool serialVersionUID has no @Describle annotation
10:44:09 757 ERROR [main] com.cs.tool.impl.XmlTool serialVersionUID has no describle
10:44:09 757 ERROR [main] com.cs.tool.impl.XmlTool serialVersionUID has no @Describle annotation
10:44:09 758 ERROR [main] com.cs.tool.impl.XmlTool com.cs.base.def.type.CampDef has no method setSerialVersionUID
10:44:09 758 ERROR [main] com.cs.tool.impl.XmlTool serialVersionUID has no @Describle annotation
10:44:09 758 ERROR [main] com.cs.tool.impl.XmlTool serialVersionUID has no describle
10:44:09 758 ERROR [main] com.cs.tool.impl.XmlTool serialVersionUID has no @Describle annotation
10:44:09 759 ERROR [main] com.cs.tool.impl.XmlTool com.cs.base.def.type.RobotKillMonsterDef has no method setSerialVersionUID
10:44:09 759 ERROR [main] com.cs.tool.impl.XmlTool serialVersionUID has no @Describle annotation
10:44:09 759 ERROR [main] com.cs.tool.impl.XmlTool serialVersionUID has no describle
10:44:09 760 ERROR [main] com.cs.tool.impl.XmlTool serialVersionUID has no @Describle annotation
10:44:09 760 ERROR [main] com.cs.tool.impl.XmlTool com.cs.base.def.type.WorldMapItemDef has no method setSerialVersionUID
10:44:09 760 ERROR [main] com.cs.tool.impl.XmlTool serialVersionUID has no @Describle annotation
10:44:09 761 ERROR [main] com.cs.tool.impl.XmlTool serialVersionUID has no describle
10:44:09 761 ERROR [main] com.cs.tool.impl.XmlTool serialVersionUID has no @Describle annotation
10:44:09 761 ERROR [main] com.cs.tool.impl.XmlTool com.cs.base.def.type.CareerDef has no method setSerialVersionUID
10:44:09 762 ERROR [main] com.cs.tool.impl.XmlTool serialVersionUID has no @Describle annotation
10:44:09 762 ERROR [main] com.cs.tool.impl.XmlTool serialVersionUID has no describle
10:44:09 764 ERROR [main] com.cs.tool.impl.XmlTool serialVersionUID has no @Describle annotation
10:44:09 764 ERROR [main] com.cs.tool.impl.XmlTool com.cs.base.def.type.buf.WheelsBufDef has no method setSerialVersionUID
10:44:09 765 ERROR [main] com.cs.tool.impl.XmlTool serialVersionUID has no @Describle annotation
10:44:09 765 ERROR [main] com.cs.tool.impl.XmlTool com.cs.base.def.entity.BuffTriggerDef dosen't has the method setSerialVersionUID
10:44:09 765 ERROR [main] com.cs.tool.impl.XmlTool serialVersionUID has no @Describle annotation
10:44:09 765 ERROR [main] com.cs.tool.impl.XmlTool com.cs.base.def.type.buf.WheelsBufDef has no method setSerialVersionUID
10:44:09 766 ERROR [main] com.cs.tool.impl.XmlTool serialVersionUID has no @Describle annotation
10:44:09 766 ERROR [main] com.cs.tool.impl.XmlTool serialVersionUID has no describle
10:44:09 767 ERROR [main] com.cs.tool.impl.XmlTool serialVersionUID has no @Describle annotation
10:44:09 767 ERROR [main] com.cs.tool.impl.XmlTool serialVersionUID has no describle
10:44:09 768 ERROR [main] com.cs.tool.impl.XmlTool serialVersionUID has no @Describle annotation
10:44:09 769 ERROR [main] com.cs.tool.impl.XmlTool com.cs.base.def.type.effect.PunctureEffectDef has no method setSerialVersionUID
10:44:09 770 ERROR [main] com.cs.tool.impl.XmlTool serialVersionUID has no @Describle annotation
10:44:09 770 ERROR [main] com.cs.tool.impl.XmlTool com.cs.base.def.type.effect.PunctureEffectDef has no method setSerialVersionUID
10:44:09 770 ERROR [main] com.cs.tool.impl.XmlTool serialVersionUID has no @Describle annotation
10:44:09 770 ERROR [main] com.cs.tool.impl.XmlTool serialVersionUID has no describle
10:44:09 770 ERROR [main] com.cs.tool.impl.XmlTool serialVersionUID has no @Describle annotation
10:44:09 770 ERROR [main] com.cs.tool.impl.XmlTool serialVersionUID has no describle
10:44:09 771 ERROR [main] com.cs.tool.impl.XmlTool serialVersionUID has no @Describle annotation
10:44:09 771 ERROR [main] com.cs.tool.impl.XmlTool com.cs.base.def.type.effect.SummonEffectDef has no method setSerialVersionUID
10:44:09 771 ERROR [main] com.cs.tool.impl.XmlTool serialVersionUID has no @Describle annotation
10:44:09 771 ERROR [main] com.cs.tool.impl.XmlTool com.cs.base.def.type.effect.SummonEffectDef has no method setSerialVersionUID
10:44:09 772 ERROR [main] com.cs.tool.impl.XmlTool serialVersionUID has no @Describle annotation
10:44:09 772 ERROR [main] com.cs.tool.impl.XmlTool serialVersionUID has no describle
10:44:09 772 ERROR [main] com.cs.tool.impl.XmlTool serialVersionUID has no @Describle annotation
10:44:09 772 ERROR [main] com.cs.tool.impl.XmlTool serialVersionUID has no describle
10:44:09 773 ERROR [main] com.cs.tool.impl.XmlTool serialVersionUID has no @Describle annotation
10:44:09 773 ERROR [main] com.cs.tool.impl.XmlTool com.cs.base.def.type.effect.MagicDamageEffectDef has no method setSerialVersionUID
10:44:09 773 ERROR [main] com.cs.tool.impl.XmlTool serialVersionUID has no @Describle annotation
10:44:09 773 ERROR [main] com.cs.tool.impl.XmlTool com.cs.base.def.type.effect.MagicDamageEffectDef has no method setSerialVersionUID
10:44:09 773 ERROR [main] com.cs.tool.impl.XmlTool serialVersionUID has no @Describle annotation
10:44:09 773 ERROR [main] com.cs.tool.impl.XmlTool serialVersionUID has no describle
10:44:09 774 ERROR [main] com.cs.tool.impl.XmlTool serialVersionUID has no @Describle annotation
10:44:09 774 ERROR [main] com.cs.tool.impl.XmlTool serialVersionUID has no describle
10:44:09 774 ERROR [main] com.cs.tool.impl.XmlTool serialVersionUID has no @Describle annotation
10:44:09 774 ERROR [main] com.cs.tool.impl.XmlTool com.cs.base.def.type.effect.FireWallEffectDef has no method setSerialVersionUID
10:44:09 774 ERROR [main] com.cs.tool.impl.XmlTool serialVersionUID has no @Describle annotation
10:44:09 774 ERROR [main] com.cs.tool.impl.XmlTool com.cs.base.def.type.effect.FireWallEffectDef has no method setSerialVersionUID
10:44:09 775 ERROR [main] com.cs.tool.impl.XmlTool serialVersionUID has no @Describle annotation
10:44:09 775 ERROR [main] com.cs.tool.impl.XmlTool serialVersionUID has no describle
10:44:09 775 ERROR [main] com.cs.tool.impl.XmlTool serialVersionUID has no @Describle annotation
10:44:09 775 ERROR [main] com.cs.tool.impl.XmlTool serialVersionUID has no describle
10:44:09 775 ERROR [main] com.cs.tool.impl.XmlTool serialVersionUID has no @Describle annotation
10:44:09 776 ERROR [main] com.cs.tool.impl.XmlTool com.cs.base.def.type.effect.PhysicalDamageEffectDef has no method setSerialVersionUID
10:44:09 776 ERROR [main] com.cs.tool.impl.XmlTool serialVersionUID has no @Describle annotation
10:44:09 776 ERROR [main] com.cs.tool.impl.XmlTool com.cs.base.def.type.effect.PhysicalDamageEffectDef has no method setSerialVersionUID
10:44:09 776 ERROR [main] com.cs.tool.impl.XmlTool serialVersionUID has no @Describle annotation
10:44:09 776 ERROR [main] com.cs.tool.impl.XmlTool serialVersionUID has no describle
10:44:09 776 ERROR [main] com.cs.tool.impl.XmlTool serialVersionUID has no @Describle annotation
10:44:09 776 ERROR [main] com.cs.tool.impl.XmlTool serialVersionUID has no describle
10:44:09 777 ERROR [main] com.cs.tool.impl.XmlTool serialVersionUID has no @Describle annotation
10:44:09 777 ERROR [main] com.cs.tool.impl.XmlTool com.cs.base.def.type.effect.ShoveEffectDef has no method setSerialVersionUID
10:44:09 777 ERROR [main] com.cs.tool.impl.XmlTool serialVersionUID has no @Describle annotation
10:44:09 777 ERROR [main] com.cs.tool.impl.XmlTool com.cs.base.def.type.effect.ShoveEffectDef has no method setSerialVersionUID
10:44:09 777 ERROR [main] com.cs.tool.impl.XmlTool serialVersionUID has no @Describle annotation
10:44:09 777 ERROR [main] com.cs.tool.impl.XmlTool serialVersionUID has no describle
10:44:09 778 ERROR [main] com.cs.tool.impl.XmlTool serialVersionUID has no @Describle annotation
10:44:09 778 ERROR [main] com.cs.tool.impl.XmlTool serialVersionUID has no describle
10:44:09 778 ERROR [main] com.cs.tool.impl.XmlTool serialVersionUID has no @Describle annotation
10:44:09 778 ERROR [main] com.cs.tool.impl.XmlTool com.cs.base.def.type.effect.RandomMoveEffectDef has no method setSerialVersionUID
10:44:09 778 ERROR [main] com.cs.tool.impl.XmlTool serialVersionUID has no @Describle annotation
10:44:09 778 ERROR [main] com.cs.tool.impl.XmlTool com.cs.base.def.type.effect.RandomMoveEffectDef has no method setSerialVersionUID
10:44:09 779 ERROR [main] com.cs.tool.impl.XmlTool serialVersionUID has no @Describle annotation
10:44:09 779 ERROR [main] com.cs.tool.impl.XmlTool serialVersionUID has no describle
10:44:09 779 ERROR [main] com.cs.tool.impl.XmlTool serialVersionUID has no @Describle annotation
10:44:09 779 ERROR [main] com.cs.tool.impl.XmlTool serialVersionUID has no describle
10:44:09 779 ERROR [main] com.cs.tool.impl.XmlTool serialVersionUID has no @Describle annotation
10:44:09 779 ERROR [main] com.cs.tool.impl.XmlTool com.cs.base.def.type.effect.NormalPhysicalAttackDef has no method setSerialVersionUID
10:44:09 779 ERROR [main] com.cs.tool.impl.XmlTool serialVersionUID has no @Describle annotation
10:44:09 779 ERROR [main] com.cs.tool.impl.XmlTool com.cs.base.def.type.effect.NormalPhysicalAttackDef has no method setSerialVersionUID
10:44:09 780 ERROR [main] com.cs.tool.impl.XmlTool serialVersionUID has no @Describle annotation
10:44:09 780 ERROR [main] com.cs.tool.impl.XmlTool serialVersionUID has no describle
10:44:09 780 ERROR [main] com.cs.tool.impl.XmlTool serialVersionUID has no @Describle annotation
10:44:09 780 ERROR [main] com.cs.tool.impl.XmlTool serialVersionUID has no describle
10:44:09 781 ERROR [main] com.cs.tool.impl.XmlTool serialVersionUID has no @Describle annotation
10:44:09 781 ERROR [main] com.cs.tool.impl.XmlTool com.cs.base.def.type.effect.ShoulderDashEffectDef has no method setSerialVersionUID
10:44:09 781 ERROR [main] com.cs.tool.impl.XmlTool serialVersionUID has no @Describle annotation
10:44:09 781 ERROR [main] com.cs.tool.impl.XmlTool com.cs.base.def.type.effect.ShoulderDashEffectDef has no method setSerialVersionUID
10:44:09 781 ERROR [main] com.cs.tool.impl.XmlTool serialVersionUID has no @Describle annotation
10:44:09 782 ERROR [main] com.cs.tool.impl.XmlTool serialVersionUID has no describle
10:44:09 782 ERROR [main] com.cs.tool.impl.XmlTool serialVersionUID has no @Describle annotation
10:44:09 782 ERROR [main] com.cs.tool.impl.XmlTool serialVersionUID has no describle
10:44:09 782 ERROR [main] com.cs.tool.impl.XmlTool serialVersionUID has no @Describle annotation
10:44:09 782 ERROR [main] com.cs.tool.impl.XmlTool com.cs.base.def.type.effect.CureHpEffectDef has no method setSerialVersionUID
10:44:09 782 ERROR [main] com.cs.tool.impl.XmlTool serialVersionUID has no @Describle annotation
10:44:09 782 ERROR [main] com.cs.tool.impl.XmlTool com.cs.base.def.type.effect.CureHpEffectDef has no method setSerialVersionUID
10:44:09 783 ERROR [main] com.cs.tool.impl.XmlTool serialVersionUID has no @Describle annotation
10:44:09 783 ERROR [main] com.cs.tool.impl.XmlTool serialVersionUID has no describle
10:44:09 783 ERROR [main] com.cs.tool.impl.XmlTool serialVersionUID has no @Describle annotation
10:44:09 783 ERROR [main] com.cs.tool.impl.XmlTool serialVersionUID has no describle
10:44:09 783 ERROR [main] com.cs.tool.impl.XmlTool serialVersionUID has no @Describle annotation
10:44:09 784 ERROR [main] com.cs.tool.impl.XmlTool com.cs.base.def.type.effect.CatchEffectDef has no method setSerialVersionUID
10:44:09 784 ERROR [main] com.cs.tool.impl.XmlTool serialVersionUID has no @Describle annotation
10:44:09 784 ERROR [main] com.cs.tool.impl.XmlTool com.cs.base.def.type.effect.CatchEffectDef has no method setSerialVersionUID
10:44:09 784 ERROR [main] com.cs.tool.impl.XmlTool serialVersionUID has no @Describle annotation
10:44:09 784 ERROR [main] com.cs.tool.impl.XmlTool serialVersionUID has no describle
10:44:09 784 ERROR [main] com.cs.tool.impl.XmlTool serialVersionUID has no @Describle annotation
10:44:09 784 ERROR [main] com.cs.tool.impl.XmlTool serialVersionUID has no describle
10:44:09 785 ERROR [main] com.cs.tool.impl.XmlTool serialVersionUID has no @Describle annotation
10:44:09 785 ERROR [main] com.cs.tool.impl.XmlTool com.cs.base.def.type.function.ShopNpcFunctionDef has no method setSerialVersionUID
10:44:09 785 ERROR [main] com.cs.tool.impl.XmlTool serialVersionUID has no @Describle annotation
10:44:09 785 ERROR [main] com.cs.tool.impl.XmlTool com.cs.base.def.type.function.ShopNpcFunctionDef has no method setSerialVersionUID
10:44:09 786 ERROR [main] com.cs.tool.impl.XmlTool serialVersionUID has no @Describle annotation
10:44:09 786 ERROR [main] com.cs.tool.impl.XmlTool serialVersionUID has no describle
10:44:09 786 ERROR [main] com.cs.tool.impl.XmlTool serialVersionUID has no @Describle annotation
10:44:09 786 ERROR [main] com.cs.tool.impl.XmlTool serialVersionUID has no describle
10:44:09 786 ERROR [main] com.cs.tool.impl.XmlTool serialVersionUID has no @Describle annotation
10:44:09 786 ERROR [main] com.cs.tool.impl.XmlTool com.cs.base.def.type.function.TaskNpcFunctionDef has no method setSerialVersionUID
10:44:09 787 ERROR [main] com.cs.tool.impl.XmlTool serialVersionUID has no @Describle annotation
10:44:09 787 ERROR [main] com.cs.tool.impl.XmlTool com.cs.base.def.type.function.TaskNpcFunctionDef has no method setSerialVersionUID
10:44:09 787 ERROR [main] com.cs.tool.impl.XmlTool serialVersionUID has no @Describle annotation
10:44:09 787 ERROR [main] com.cs.tool.impl.XmlTool serialVersionUID has no describle
10:44:09 787 ERROR [main] com.cs.tool.impl.XmlTool serialVersionUID has no @Describle annotation
10:44:09 787 ERROR [main] com.cs.tool.impl.XmlTool serialVersionUID has no describle
10:44:09 787 ERROR [main] com.cs.tool.impl.XmlTool serialVersionUID has no @Describle annotation
10:44:09 788 ERROR [main] com.cs.tool.impl.XmlTool com.cs.base.def.type.function.TranslateNpcFunctionDef has no method setSerialVersionUID
10:44:09 788 ERROR [main] com.cs.tool.impl.XmlTool serialVersionUID has no @Describle annotation
10:44:09 788 ERROR [main] com.cs.tool.impl.XmlTool com.cs.base.def.type.function.TranslateNpcFunctionDef has no method setSerialVersionUID
10:44:09 788 ERROR [main] com.cs.tool.impl.XmlTool serialVersionUID has no @Describle annotation
10:44:09 788 ERROR [main] com.cs.tool.impl.XmlTool serialVersionUID has no describle
10:44:09 789 ERROR [main] com.cs.tool.impl.XmlTool serialVersionUID has no @Describle annotation
10:44:09 789 ERROR [main] com.cs.tool.impl.XmlTool serialVersionUID has no describle
10:44:09 789 ERROR [main] com.cs.tool.impl.XmlTool serialVersionUID has no @Describle annotation
10:44:09 789 ERROR [main] com.cs.tool.impl.XmlTool com.cs.base.def.type.function.WorldMapFunctionDef has no method setSerialVersionUID
10:44:09 790 ERROR [main] com.cs.tool.impl.XmlTool serialVersionUID has no @Describle annotation
10:44:09 790 ERROR [main] com.cs.tool.impl.XmlTool com.cs.base.def.type.function.WorldMapFunctionDef has no method setSerialVersionUID
10:44:09 790 ERROR [main] com.cs.tool.impl.XmlTool serialVersionUID has no @Describle annotation
10:44:09 790 ERROR [main] com.cs.tool.impl.XmlTool serialVersionUID has no describle
10:44:09 790 ERROR [main] com.cs.tool.impl.XmlTool serialVersionUID has no @Describle annotation
10:44:09 790 ERROR [main] com.cs.tool.impl.XmlTool serialVersionUID has no describle
10:44:09 790 ERROR [main] com.cs.tool.impl.XmlTool serialVersionUID has no @Describle annotation
10:44:09 791 ERROR [main] com.cs.tool.impl.XmlTool com.cs.base.def.type.item.SkillBookDef has no method setSerialVersionUID
10:44:09 792 ERROR [main] com.cs.tool.impl.XmlTool serialVersionUID has no @Describle annotation
10:44:09 792 ERROR [main] com.cs.tool.impl.XmlTool com.cs.base.def.type.item.SkillBookDef has no method setSerialVersionUID
10:44:09 792 ERROR [main] com.cs.tool.impl.XmlTool serialVersionUID has no @Describle annotation
10:44:09 792 ERROR [main] com.cs.tool.impl.XmlTool serialVersionUID has no describle
10:44:09 793 ERROR [main] com.cs.tool.impl.XmlTool serialVersionUID has no @Describle annotation
10:44:09 793 ERROR [main] com.cs.tool.impl.XmlTool serialVersionUID has no describle
10:44:09 793 ERROR [main] com.cs.tool.impl.XmlTool serialVersionUID has no @Describle annotation
10:44:09 794 ERROR [main] com.cs.tool.impl.XmlTool com.cs.base.def.type.item.GemDef has no method setSerialVersionUID
10:44:09 794 ERROR [main] com.cs.tool.impl.XmlTool serialVersionUID has no @Describle annotation
10:44:09 794 ERROR [main] com.cs.tool.impl.XmlTool com.cs.base.def.type.item.GemDef has no method setSerialVersionUID
10:44:09 795 ERROR [main] com.cs.tool.impl.XmlTool serialVersionUID has no @Describle annotation
10:44:09 795 ERROR [main] com.cs.tool.impl.XmlTool serialVersionUID has no describle
10:44:09 796 ERROR [main] com.cs.tool.impl.XmlTool serialVersionUID has no @Describle annotation
10:44:09 796 ERROR [main] com.cs.tool.impl.XmlTool serialVersionUID has no describle
10:44:09 797 ERROR [main] com.cs.tool.impl.XmlTool serialVersionUID has no @Describle annotation
10:44:09 797 ERROR [main] com.cs.tool.impl.XmlTool com.cs.base.def.type.item.EquipDef has no method setSerialVersionUID
10:44:09 798 ERROR [main] com.cs.tool.impl.XmlTool serialVersionUID has no @Describle annotation
10:44:09 798 ERROR [main] com.cs.tool.impl.XmlTool com.cs.base.def.type.item.EquipDef has no method setSerialVersionUID
10:44:09 799 ERROR [main] com.cs.tool.impl.XmlTool serialVersionUID has no @Describle annotation
10:44:09 799 ERROR [main] com.cs.tool.impl.XmlTool serialVersionUID has no describle
10:44:09 800 ERROR [main] com.cs.tool.impl.XmlTool serialVersionUID has no @Describle annotation
10:44:09 800 ERROR [main] com.cs.tool.impl.XmlTool serialVersionUID has no describle
10:44:09 801 ERROR [main] com.cs.tool.impl.XmlTool serialVersionUID has no @Describle annotation
10:44:09 802 ERROR [main] com.cs.tool.impl.XmlTool com.cs.base.def.type.item.IncreateItemDef has no method setSerialVersionUID
10:44:09 802 ERROR [main] com.cs.tool.impl.XmlTool serialVersionUID has no @Describle annotation
10:44:09 803 ERROR [main] com.cs.tool.impl.XmlTool com.cs.base.def.type.item.IncreateItemDef has no method setSerialVersionUID
10:44:09 803 ERROR [main] com.cs.tool.impl.XmlTool serialVersionUID has no @Describle annotation
10:44:09 803 ERROR [main] com.cs.tool.impl.XmlTool serialVersionUID has no describle
10:44:09 804 ERROR [main] com.cs.tool.impl.XmlTool serialVersionUID has no @Describle annotation
10:44:09 804 ERROR [main] com.cs.tool.impl.XmlTool serialVersionUID has no describle
10:44:09 804 ERROR [main] com.cs.tool.impl.XmlTool serialVersionUID has no @Describle annotation
10:44:09 804 ERROR [main] com.cs.tool.impl.XmlTool com.cs.base.def.type.item.ScrollItemDef has no method setSerialVersionUID
10:44:09 805 ERROR [main] com.cs.tool.impl.XmlTool serialVersionUID has no @Describle annotation
10:44:09 805 ERROR [main] com.cs.tool.impl.XmlTool com.cs.base.def.type.item.ScrollItemDef has no method setSerialVersionUID
10:44:09 806 ERROR [main] com.cs.tool.impl.XmlTool serialVersionUID has no @Describle annotation
10:44:09 806 ERROR [main] com.cs.tool.impl.XmlTool serialVersionUID has no describle
10:44:09 807 ERROR [main] com.cs.tool.impl.XmlTool serialVersionUID has no @Describle annotation
10:44:09 807 ERROR [main] com.cs.tool.impl.XmlTool serialVersionUID has no describle
10:44:09 807 ERROR [main] com.cs.tool.impl.XmlTool serialVersionUID has no @Describle annotation
10:44:09 807 ERROR [main] com.cs.tool.impl.XmlTool com.cs.base.def.type.item.ResourcesItemDef has no method setSerialVersionUID
10:44:09 808 ERROR [main] com.cs.tool.impl.XmlTool serialVersionUID has no @Describle annotation
10:44:09 808 ERROR [main] com.cs.tool.impl.XmlTool com.cs.base.def.type.item.ResourcesItemDef has no method setSerialVersionUID
10:44:09 809 ERROR [main] com.cs.tool.impl.XmlTool serialVersionUID has no @Describle annotation
10:44:09 809 ERROR [main] com.cs.tool.impl.XmlTool serialVersionUID has no describle
10:44:09 809 ERROR [main] com.cs.tool.impl.XmlTool serialVersionUID has no @Describle annotation
10:44:09 810 ERROR [main] com.cs.tool.impl.XmlTool serialVersionUID has no describle
10:44:09 810 ERROR [main] com.cs.tool.impl.XmlTool serialVersionUID has no @Describle annotation
10:44:09 810 ERROR [main] com.cs.tool.impl.XmlTool com.cs.base.def.type.item.NomalItemDef has no method setSerialVersionUID
10:44:09 811 ERROR [main] com.cs.tool.impl.XmlTool serialVersionUID has no @Describle annotation
10:44:09 812 ERROR [main] com.cs.tool.impl.XmlTool com.cs.base.def.type.item.NomalItemDef has no method setSerialVersionUID
10:44:09 812 ERROR [main] com.cs.tool.impl.XmlTool serialVersionUID has no @Describle annotation
10:44:09 812 ERROR [main] com.cs.tool.impl.XmlTool serialVersionUID has no describle
10:44:09 813 ERROR [main] com.cs.tool.impl.XmlTool serialVersionUID has no @Describle annotation
10:44:09 813 ERROR [main] com.cs.tool.impl.XmlTool serialVersionUID has no describle
10:44:09 813 ERROR [main] com.cs.tool.impl.XmlTool serialVersionUID has no @Describle annotation
10:44:09 813 ERROR [main] com.cs.tool.impl.XmlTool com.cs.base.def.type.item.GoldItemDef has no method setSerialVersionUID
10:44:09 814 ERROR [main] com.cs.tool.impl.XmlTool serialVersionUID has no @Describle annotation
10:44:09 814 ERROR [main] com.cs.tool.impl.XmlTool com.cs.base.def.type.item.GoldItemDef has no method setSerialVersionUID
10:44:09 815 ERROR [main] com.cs.tool.impl.XmlTool serialVersionUID has no @Describle annotation
10:44:09 815 ERROR [main] com.cs.tool.impl.XmlTool serialVersionUID has no describle
10:44:09 815 ERROR [main] com.cs.tool.impl.XmlTool serialVersionUID has no @Describle annotation
10:44:09 816 ERROR [main] com.cs.tool.impl.XmlTool serialVersionUID has no describle
10:44:09 816 ERROR [main] com.cs.tool.impl.XmlTool serialVersionUID has no @Describle annotation
10:44:09 816 ERROR [main] com.cs.tool.impl.XmlTool com.cs.base.def.type.item.ExpConsumeItemDef has no method setSerialVersionUID
10:44:09 817 ERROR [main] com.cs.tool.impl.XmlTool serialVersionUID has no @Describle annotation
10:44:09 817 ERROR [main] com.cs.tool.impl.XmlTool com.cs.base.def.type.item.ExpConsumeItemDef has no method setSerialVersionUID
10:44:09 817 ERROR [main] com.cs.tool.impl.XmlTool serialVersionUID has no @Describle annotation
10:44:09 817 ERROR [main] com.cs.tool.impl.XmlTool serialVersionUID has no describle
10:44:09 818 ERROR [main] com.cs.tool.impl.XmlTool serialVersionUID has no @Describle annotation
10:44:09 818 ERROR [main] com.cs.tool.impl.XmlTool serialVersionUID has no describle
10:44:09 819 ERROR [main] com.cs.tool.impl.XmlTool serialVersionUID has no @Describle annotation
10:44:09 819 ERROR [main] com.cs.tool.impl.XmlTool com.cs.base.def.type.item.ExpSwordItemDef has no method setSerialVersionUID
10:44:09 820 ERROR [main] com.cs.tool.impl.XmlTool serialVersionUID has no @Describle annotation
10:44:09 820 ERROR [main] com.cs.tool.impl.XmlTool com.cs.base.def.type.item.ExpSwordItemDef has no method setSerialVersionUID
10:44:09 820 ERROR [main] com.cs.tool.impl.XmlTool serialVersionUID has no @Describle annotation
10:44:09 821 ERROR [main] com.cs.tool.impl.XmlTool serialVersionUID has no describle
10:44:09 821 ERROR [main] com.cs.tool.impl.XmlTool serialVersionUID has no @Describle annotation
10:44:09 822 ERROR [main] com.cs.tool.impl.XmlTool serialVersionUID has no describle
10:44:09 822 ERROR [main] com.cs.tool.impl.XmlTool serialVersionUID has no @Describle annotation
10:44:09 822 ERROR [main] com.cs.tool.impl.XmlTool com.cs.base.def.type.item.BlessConsumeItemDef has no method setSerialVersionUID
10:44:09 823 ERROR [main] com.cs.tool.impl.XmlTool serialVersionUID has no @Describle annotation
10:44:09 823 ERROR [main] com.cs.tool.impl.XmlTool com.cs.base.def.type.item.BlessConsumeItemDef has no method setSerialVersionUID
10:44:09 823 ERROR [main] com.cs.tool.impl.XmlTool serialVersionUID has no @Describle annotation
10:44:09 823 ERROR [main] com.cs.tool.impl.XmlTool serialVersionUID has no describle
10:44:09 824 ERROR [main] com.cs.tool.impl.XmlTool serialVersionUID has no @Describle annotation
10:44:09 824 ERROR [main] com.cs.tool.impl.XmlTool serialVersionUID has no describle
10:44:09 825 ERROR [main] com.cs.tool.impl.XmlTool serialVersionUID has no @Describle annotation
10:44:09 825 ERROR [main] com.cs.tool.impl.XmlTool com.cs.base.def.type.item.CurrencyItemDef has no method setSerialVersionUID
10:44:09 826 ERROR [main] com.cs.tool.impl.XmlTool serialVersionUID has no @Describle annotation
10:44:09 826 ERROR [main] com.cs.tool.impl.XmlTool com.cs.base.def.type.item.CurrencyItemDef has no method setSerialVersionUID
10:44:09 826 ERROR [main] com.cs.tool.impl.XmlTool serialVersionUID has no @Describle annotation
10:44:09 826 ERROR [main] com.cs.tool.impl.XmlTool serialVersionUID has no describle
10:44:09 827 ERROR [main] com.cs.tool.impl.XmlTool serialVersionUID has no @Describle annotation
10:44:09 827 ERROR [main] com.cs.tool.impl.XmlTool serialVersionUID has no describle
10:44:09 827 ERROR [main] com.cs.tool.impl.XmlTool serialVersionUID has no @Describle annotation
10:44:09 827 ERROR [main] com.cs.tool.impl.XmlTool com.cs.base.def.type.item.PotionItemDef has no method setSerialVersionUID
10:44:09 828 ERROR [main] com.cs.tool.impl.XmlTool serialVersionUID has no @Describle annotation
10:44:09 828 ERROR [main] com.cs.tool.impl.XmlTool com.cs.base.def.type.item.PotionItemDef has no method setSerialVersionUID
10:44:09 829 ERROR [main] com.cs.tool.impl.XmlTool serialVersionUID has no @Describle annotation
10:44:09 829 ERROR [main] com.cs.tool.impl.XmlTool serialVersionUID has no describle
10:44:09 830 ERROR [main] com.cs.tool.impl.XmlTool serialVersionUID has no @Describle annotation
10:44:09 830 ERROR [main] com.cs.tool.impl.XmlTool serialVersionUID has no describle
10:44:09 830 ERROR [main] com.cs.tool.impl.XmlTool serialVersionUID has no @Describle annotation
10:44:09 830 ERROR [main] com.cs.tool.impl.XmlTool com.cs.base.def.type.item.TaskItemDef has no method setSerialVersionUID
10:44:09 831 ERROR [main] com.cs.tool.impl.XmlTool serialVersionUID has no @Describle annotation
10:44:09 831 ERROR [main] com.cs.tool.impl.XmlTool com.cs.base.def.type.item.TaskItemDef has no method setSerialVersionUID
10:44:09 831 ERROR [main] com.cs.tool.impl.XmlTool serialVersionUID has no @Describle annotation
10:44:09 831 ERROR [main] com.cs.tool.impl.XmlTool serialVersionUID has no describle
10:44:09 832 ERROR [main] com.cs.tool.impl.XmlTool serialVersionUID has no @Describle annotation
10:44:09 832 ERROR [main] com.cs.tool.impl.XmlTool serialVersionUID has no describle
10:44:09 833 ERROR [main] com.cs.tool.impl.XmlTool serialVersionUID has no @Describle annotation
10:44:09 833 ERROR [main] com.cs.tool.impl.XmlTool com.cs.base.def.type.item.ChestDef has no method setSerialVersionUID
10:44:09 834 ERROR [main] com.cs.tool.impl.XmlTool serialVersionUID has no @Describle annotation
10:44:09 834 ERROR [main] com.cs.tool.impl.XmlTool com.cs.base.def.type.item.ChestDef has no method setSerialVersionUID
10:44:09 834 ERROR [main] com.cs.tool.impl.XmlTool serialVersionUID has no @Describle annotation
10:44:09 835 ERROR [main] com.cs.tool.impl.XmlTool serialVersionUID has no describle
10:44:09 835 ERROR [main] com.cs.tool.impl.XmlTool serialVersionUID has no @Describle annotation
10:44:09 836 ERROR [main] com.cs.tool.impl.XmlTool serialVersionUID has no describle
10:44:09 836 ERROR [main] com.cs.tool.impl.XmlTool serialVersionUID has no @Describle annotation
10:44:09 837 ERROR [main] com.cs.tool.impl.XmlTool com.cs.base.def.type.mission.ItemGivenMissionDef has no method setSerialVersionUID
10:44:09 837 ERROR [main] com.cs.tool.impl.XmlTool serialVersionUID has no @Describle annotation
10:44:09 837 ERROR [main] com.cs.tool.impl.XmlTool com.cs.base.def.type.mission.ItemGivenMissionDef has no method setSerialVersionUID
10:44:09 837 ERROR [main] com.cs.tool.impl.XmlTool serialVersionUID has no @Describle annotation
10:44:09 837 ERROR [main] com.cs.tool.impl.XmlTool serialVersionUID has no describle
10:44:09 837 ERROR [main] com.cs.tool.impl.XmlTool serialVersionUID has no @Describle annotation
10:44:09 838 ERROR [main] com.cs.tool.impl.XmlTool serialVersionUID has no describle
10:44:09 838 ERROR [main] com.cs.tool.impl.XmlTool serialVersionUID has no @Describle annotation
10:44:09 838 ERROR [main] com.cs.tool.impl.XmlTool com.cs.base.def.type.mission.HuntMonsterMissionDef has no method setSerialVersionUID
10:44:09 838 ERROR [main] com.cs.tool.impl.XmlTool serialVersionUID has no @Describle annotation
10:44:09 838 ERROR [main] com.cs.tool.impl.XmlTool com.cs.base.def.type.mission.HuntMonsterMissionDef has no method setSerialVersionUID
10:44:09 839 ERROR [main] com.cs.tool.impl.XmlTool serialVersionUID has no @Describle annotation
10:44:09 839 ERROR [main] com.cs.tool.impl.XmlTool serialVersionUID has no describle
10:44:09 839 ERROR [main] com.cs.tool.impl.XmlTool serialVersionUID has no @Describle annotation
10:44:09 839 ERROR [main] com.cs.tool.impl.XmlTool serialVersionUID has no describle
10:44:09 840 ERROR [main] com.cs.tool.impl.XmlTool serialVersionUID has no @Describle annotation
10:44:09 840 ERROR [main] com.cs.tool.impl.XmlTool com.cs.base.def.type.mission.EnterZoneMissionDef has no method setSerialVersionUID
10:44:09 840 ERROR [main] com.cs.tool.impl.XmlTool serialVersionUID has no @Describle annotation
10:44:09 840 ERROR [main] com.cs.tool.impl.XmlTool com.cs.base.def.type.mission.EnterZoneMissionDef has no method setSerialVersionUID
10:44:09 841 ERROR [main] com.cs.tool.impl.XmlTool serialVersionUID has no @Describle annotation
10:44:09 841 ERROR [main] com.cs.tool.impl.XmlTool serialVersionUID has no describle
10:44:09 841 ERROR [main] com.cs.tool.impl.XmlTool serialVersionUID has no @Describle annotation
10:44:09 841 ERROR [main] com.cs.tool.impl.XmlTool serialVersionUID has no describle
10:44:09 842 ERROR [main] com.cs.tool.impl.XmlTool serialVersionUID has no @Describle annotation
10:44:09 842 ERROR [main] com.cs.tool.impl.XmlTool com.cs.base.def.type.mission.CollectMissionDef has no method setSerialVersionUID
10:44:09 842 ERROR [main] com.cs.tool.impl.XmlTool serialVersionUID has no @Describle annotation
10:44:09 842 ERROR [main] com.cs.tool.impl.XmlTool com.cs.base.def.type.mission.CollectMissionDef has no method setSerialVersionUID
10:44:09 842 ERROR [main] com.cs.tool.impl.XmlTool serialVersionUID has no @Describle annotation
10:44:09 842 ERROR [main] com.cs.tool.impl.XmlTool serialVersionUID has no describle
10:44:09 843 ERROR [main] com.cs.tool.impl.XmlTool serialVersionUID has no @Describle annotation
10:44:09 843 ERROR [main] com.cs.tool.impl.XmlTool serialVersionUID has no describle
10:44:09 843 ERROR [main] com.cs.tool.impl.XmlTool serialVersionUID has no @Describle annotation
10:44:09 843 ERROR [main] com.cs.tool.impl.XmlTool com.cs.base.def.type.mission.LevelUpMissionDef has no method setSerialVersionUID
10:44:09 843 ERROR [main] com.cs.tool.impl.XmlTool serialVersionUID has no @Describle annotation
10:44:09 843 ERROR [main] com.cs.tool.impl.XmlTool com.cs.base.def.type.mission.LevelUpMissionDef has no method setSerialVersionUID
10:44:09 844 ERROR [main] com.cs.tool.impl.XmlTool serialVersionUID has no @Describle annotation
10:44:09 844 ERROR [main] com.cs.tool.impl.XmlTool serialVersionUID has no describle
10:44:09 844 ERROR [main] com.cs.tool.impl.XmlTool serialVersionUID has no @Describle annotation
10:44:09 844 ERROR [main] com.cs.tool.impl.XmlTool serialVersionUID has no describle
10:44:09 844 ERROR [main] com.cs.tool.impl.XmlTool serialVersionUID has no @Describle annotation
10:44:09 844 ERROR [main] com.cs.tool.impl.XmlTool com.cs.base.def.type.mission.ItemUseMissionDef has no method setSerialVersionUID
10:44:09 845 ERROR [main] com.cs.tool.impl.XmlTool serialVersionUID has no @Describle annotation
10:44:09 845 ERROR [main] com.cs.tool.impl.XmlTool com.cs.base.def.type.mission.ItemUseMissionDef has no method setSerialVersionUID
10:44:09 845 ERROR [main] com.cs.tool.impl.XmlTool serialVersionUID has no @Describle annotation
10:44:09 845 ERROR [main] com.cs.tool.impl.XmlTool serialVersionUID has no describle
10:44:09 845 ERROR [main] com.cs.tool.impl.XmlTool serialVersionUID has no @Describle annotation
10:44:09 845 ERROR [main] com.cs.tool.impl.XmlTool serialVersionUID has no describle
10:44:09 845 ERROR [main] com.cs.tool.impl.XmlTool serialVersionUID has no @Describle annotation
10:44:09 845 ERROR [main] com.cs.tool.impl.XmlTool com.cs.base.def.type.mission.TalkMissionDef has no method setSerialVersionUID
10:44:09 846 ERROR [main] com.cs.tool.impl.XmlTool serialVersionUID has no @Describle annotation
10:44:09 846 ERROR [main] com.cs.tool.impl.XmlTool com.cs.base.def.type.mission.TalkMissionDef has no method setSerialVersionUID
10:44:09 846 ERROR [main] com.cs.tool.impl.XmlTool serialVersionUID has no @Describle annotation
10:44:09 846 ERROR [main] com.cs.tool.impl.XmlTool serialVersionUID has no describle
10:44:09 846 ERROR [main] com.cs.tool.impl.XmlTool serialVersionUID has no @Describle annotation
10:44:09 846 ERROR [main] com.cs.tool.impl.XmlTool serialVersionUID has no describle
